10882
600
2500
1000
601
1101
2501
2600
3400
1701
802
1001
2201
2100
2502
3700
5000
602
1303
302
2601
4000
5300
4800
1002
1503
1103
2503
3402
603
303
1003
2602
4801
4001
4403
4202
2504
2203
2703
3602
1004
3403
3702
3103
604
2603
1306
2102
4002
3603
1307
807
1603
1805
305
4803
2506
1006
1507
1107
3405
5004
3604
2103
1007
2507
606
4804
4407
1508
3406
1807
1310
2606
3605
4805
3506
2010
607
2906
307
810
4206
2707
1311
5206
4005
2607
2509
1510
4806
5304
4106
3107
608
811
1111
2410
2510
3707
308
1407
1511
911
4807
1607
1011
3708
10
5208
4208
1314
2014
2512
2610
1811
610
4808
1315
1114
4209
3608
3410
2015
814
4008
2106
2413
1013
2910
2611
611
4809
5210
5010
815
3411
2514
4415
2711
3609
1014
310
1317
2107
3711
612
2515
1015
5407
512
4010
311
1516
2912
2108
3610
1319
5212
1118
2019
916
1411
1611
4811
818
1119
4419
3611
614
1518
1816
2714
4812
1018
4012
514
2615
5309
819
2110
1519
3514
5214
3415
2519
615
1203
1019
4813
1323
515

2520
920
2111
3515
2319
3416
4422
1414
4014
4814
4715
1123
315
516
1719
4423
1615
2112
1522
5411
617
218
1415
1022
3614
316
4815
2026
1523
923
3418
5311
3718
618
2523
2918
5701
1327
5218
1023
823
4016
4216
2424
924
8001
518
2524
1126
3615
1328
9600
7700
619
3118
2719
5312
6001
2525
8002
1127
8201
8801
2323
7701
8302
2803
9601
9701
4817
1025
1618
5903
5220
3616
4603
3119
2426
8502
1823
4426
10600
8003
9002
1526
5313
1418
927
1026
9602
8703
8402
4719
3617
8503
1331
4818
4427
520
319
4919
8004
7703
9703
5704
928
5222
9003
6003
1207
2527
9603
10302
827
2922
1725
1419
3422
3303
7704
2116
4819
4020
3618
320
5223
23
5415
2528
6004
9604
3423
8006
1420
2723
623
4323
8307
4820
3619
1827
8707
8603
522
7706
4220
9103
9605
6005
2624
9706
10902
2807
2431
931
1335
5907
8506
2035
1030
7707
2724

322
624
9606
9006
4821
6107
932
3620
10604
2118
10903
1728
1134
831
3425
1623
7708
5316
2531
1031
5226
9607
10307
323
933
9007
2433
1422
8207
7709
6007
4822
524
4123
4222
1624
2119
127
8311
5317
7710
626
9710
1423
10207
10707
6008
1339
8808
9609
3427
8607
2533
5228
2435
4431
834
9711
2727
2120
4823
10310
1340
627
936
8713
3621
8011
1731
1034
4223
9610
2040
6009
1424
4327
2534
5709
1138
526
835
326
1341
10906
3126
8510
4824
4726
4611
1732
628
2535
2437
9713
5230
6010
7811
1139
1425
3622
10511
3531
1036
4825
3127
9612
9714
8511
8211
2438
5231
8716
8811
1343
10907
4927
3430
6011
3623
8610
4329
10211
10512
1426
2122
7714
5421
1835
5232
9613
1344
5123
4826
5711
2537
940
528
4028
3624
428
2439
3311
8611
630
3431
839
1142
1038
1836
1427
2538
3625
2123
2731
8015
9717
4435
1735
8319
2335
4331
2440
6013
1039
1837
9014
5321
10909
4227
2539
9311
3626
9718
2124
5234
1347
1540
5423
8514
5713
4828
7815
943
2441
1736
1631
9909
530
9015
1838
331
3627
3130
10416
2934
10215
4228
10910
2125
8515
3434
8415
7719
2442
1737
4731
4829
6015
1839
9016
531
1632
5714
8722
2935
8018
8216
2126
9618
9721
1042
3435
1738
10911
4032
1840
8723
1147
10418
532
3132
9619
3630
2936
5715
4439
7721
8019
1351
7818
2735
1043
4336
2047
2444
10322
2543
10218
2127
9620
1431
3631
1739
9018
5238
635
1352
12600
8218
7819
334
1842
11900
9621
8418
11000
10219
5035
9724
12300
10520
3632
7723
8901
9019
8726
5239
12800
1740
534
7820
1150
948
1546
9622
8219
1843
4442
2128
9725
4832
5325
2545
10521
9115
2446
8727
8519
11001
13000
3438
2050
5717
12602
144008619
4232
9623
5427
7821
4443
2939
1433
949
535
3135
4735
1741
14101
12801
5131
336
1355
10326
7725
15900
11702
2051
8820
9522
3634
12402
11002
12603
14900
9624
5037
10914
8329
9727
4036
11802
950
5718

3837
638

15202
12103
1047
14401
2129
1434
14802
3635
2052
12802
9625
2739
8904
3319
4233
9728
12403
11803
7823
1549
951
1846
8730
4037
2548
2448
14501
3636
10524
5242
639
15301
11603
4446
10915
8222
338
12303
14803
15902
1435
1743

5327
1358
11004
14902
8622
8822
4342
952
8522
13003
2549
9627
13605
2130
4623
2449
3637
13302
4234
4038
10525
8106
8906
14103
12606
14403
15903
5243
9319
8223
243
1359
1848
12804
7727
8623
2055
8823
14903
14203
1436
4448
13004
11005
9731
8107

953
13303
8523
2450
15904
3638
8907
14303
4039
15706
14404
12406
1050
12906
3442
5328
4836
2943
8224
2131
539
4235
9629

13607
10226
9732
14904
11006
2551
3547
14204
2826

7826
15707
11706
8908
12608
2644
14405
2451
4837
8335
3930
9630
13705
1850
13405
8625
4740
1051
8027
3443
14603
9026
4345
14806
10227
540
14905
12806
1159
955
9823
8909
3640
12306
2827
5329
12609
14406
4451
2452

12908
15906
4626
11907
8626
1554
2058
1641
7730
8028
15709
4346
3323
4838
13306
10918
10622
5722
9027
1363
14906
14807
10335
1747
2744
12807
15710
12307
2453
11708
2059
8627
7731
8526
4627
855
13407
8110
3642
15907
4237
1642
3445
1439
8227
3324
5247

9736
4042
8911
4839
13611
5723
1053
12611
2745
10919
2247
2060
10230
542
16202
2454
14207
15908
8339
3643
9634
2555
15811
11310
14908
5248
4454
3446
958
8739
12410
1854
3325
344
1749
1054
10231
1163
8830
14507
5134
9635
543
3644
2455
15713
4455
16203
12809
5249
9030
13409
4744
16305
10339
7831
1855
14107
12912
13310
14810
12111
9636
12411
1367
9739
15714
2062
8630
3447
4044
3645
45
1750
2747
3326
4143
7734
4456
544
15407
5135
2456
4239
12810
2135
14209
5332
4841
8342
4630
4351
15715
13410
12913
1856
11911
15911
2063
2558
8631
13615
3448
14412
14811
7735
1559
859
15106
2748
3327
545
2457
8914
9638
12914
15912
11811
15408
11712
8231
5435
12811
11411
4458
2064
2559
3449
7736
2136
3328
5252
8344
12615
5333
9639
2749
1370
3264
546
13313
14912
15107
2251
15913
4459
123109829
13617
1858
10343
3648
1443
15009
8114
12812
5727
15718
16206
7935
12616
3265
5253
4747
1753
15615
13314
12114
5138
14414
1859
547
12916
8634
15914
15719
10923
16207
9744
9641
12715
3266
7738
11714
7835
15616
4355
8115
13413
1754
2652
14415
349
963
3330
1860
8635
14814
12415
15915
14914
1648
9745
1059
548
2067
9642
5935
12311
14016
10115
8035
255
3267
2460
8234
3650
4048
10819
4462
13620
7739
15617
15011
8747
13316
863
12814
12618
13414
9746
15109
1861
15411
11117
12918
9643
2068
5729
3331
1374
3268
3651
549
4948
10347
13110
13621
16309
15722
256
10735
13914
8918
15618
5336
4049
4635
12815
11716
12619
965

14417
8117
1862
2654
9128
3269
3652
4464
1375
15723
12919
13622
1756
3454
2139
5730
10631
4846
550
2255
154
3332
8535
1650
8350
8919
16500
5337
13318
3270
11815
2070
4050
9038
8118
12816
15918
5257
1863
3455
15013
14917
12920
16210
4359
15620
2838
5439
1757
17401
258
8351
551
4847
10926
1062
12313
5938
5731
8639
18800
8038
13500
1447
2071
7939
13111
967
4
4466
9039
6139
1864
15919
8119
12817
17601
12921
2354
14515
13319
14918
17402
18300
11718
12015
18200
8439
14217
9647
2463
15726
12621
2656
259
1063
3272
2140

13418
552
9130
18801
5939
8841
1378
2567
2072
1175
8039
14315
17602
17101
17403
20300
10118
15727
10927
15920
15622
4467
14021
7839
14919
14420
15015
12119
11719
4052

13320
1759
12622
2355
867
18102
260
7743
3655
2657
18301
16901
9752
2464
16502
17404
15111
13626
8239
15623
9649
4468
8354
9924
8040
16402
1866
1653
10543
17301
19400
3335
10119
5260

4639
20100
14421
2141
19000
1065
8441
3274
5733
3656
1760
17405
11720
17604
19201
12819
12623
13627
13321
2658
5833
16600
8923
2259
17702
8355
2465
11818
13815
12315
554
17102
8642
1867
5340
12924
8539
14115
19401
3275

14220
14422
16503
14921
3657

15730
20202
17605
20302
8755
10037
13628
8442
15625
9651
2075
5734
4470
262
2842
8356

10823
4850
4054
19603
8924

12820
2142
1178
11819
14820
2758
8643
13422
10545
15416
1382
5942

555
12925
14423
20203
17606
3276
1868
15113
18303
18004
14922
3658
4471
15626
4954
1067
20102
14116
8443
1762
8123
8042
5341
263
16903
20303
15325
14025
16703
13721
870
19403
18204
14519
16504
11322
1451
17502
5735
13114
16314
16215
8242
2660
20204
3277
2467
14222
12926
9653
20103
5835
13630
14424
14821
10122
556
4555
11820
18806
19404
2143
18505
1068
13424
10930
16406
8043
1763
18205
264
1656
871
12626
13200
20304
9451
5146
4247
3278
9654
15628
3338
10547
11723
8243
13631
358
12927
1870
18108
10123
1452
17503
19405
7843
15734
17903
14425
3660
12822
13425
14924
8759
19306
8542
14027
2078
17105
9758
17609
8847
15418
4474
3279
1764
15629
4643
1657
4852
20206
4956
8646
4757
18305
18109
10548
13723
20305
10931
10359
2662
1871
15735
15116
4367
14706
8927
1574
359
14426
17504
3339
13326
16905
2144
1386
2079
2263
2469
12823
15926
4057
9656
4475
15630
3280
5737
8543
16506
5265
8647
19407
3463
15736
20207
1765
19004
4758
558
1872
20306
17412
1182
15117
14029
17801
18008
18708
9047
15927
9657
15237
3942
975
17706
2080
14427
4853
3662

13507
14926
2470
1071
267
11027
5946
8849
5344
17505
13025
4249
19708
14824
12319
1454
13634
1873
18209
4759
9547
1183
2847

11823
5738
559
17612
13328
9334
20307
18009
8363
19409
3282
15738
18112
1072
11128
16317
9455
15022
17906
17414
8850
976
17007
2664
15329
12825
4854
20106
5947
16410
875
9762
3341
8763
19609
3663
9659
2471
10127
10551
5345
18405
15929
15739
12931
1455
18113
4478
18010
12427
560
17308
11824
2082
9049
5150
16907
20308
15633
8247
12730
8851
15240
5739
17907
20210
1390
9763
13636
11727
17803
17614
18211
19411
9660
15930
15740
4371
16604
4251
1875
18308
4060
8546
13202
18114
10128
1768
8651
16318
1578
4479
5268
18011
3342
2472
20107
2083
11326
15241
3863
4647
14826
1456
1391
19412
9050
5151
20309
10934
8248
9661
270
20211
363
14430
5447
16908
11728
12827
17709
1876
10129
1579
8547
5063
5269
4061
9337
1186
18813
5740
14710
18012
2666
4856
18309
15635
2084
19413
15742
13638
3467
17616
1075
9662
20212
20310
9138
562
3343
8451
3162
3286
2147
8249
271
14431
14827
15422
17418
5347
14930
1662
16413
1877
13433
4373
16909
15743
5950
10935
20108
17010
13203
9663
19008
12544
4062
1076
2667
12634
15121
11827
2474
563
16510
5741
15533
20311
9052
272
2851
4763
4857
9339
10827
19415
4374
1458
12829
1394
10555
1663
20511
9767
12935
2148
12545
10131
15637
2086
4962
11730
15026
1077
13640
17420
17011
17507
5348
12635
16910
19416
10936
8654
3667
564
20215
1395
20312
12026
14036
14932
9665
8251
12546
1879
4375
5154
366
14829
12735
10556
1078
12830
13204
1459
17911
3345
2087
1772
19417
2583
5952
16223
15746
17111
18216
20216
16711
14124
8051
17807
8770
18817
12547
3668
13436
18120
9666
17620
4064
1880
20313
3290
15424
18409
12131
5349
8655
19418
15639
1079
1583

2088
367
15747
18016
2476
4255
12831
16712
8857
18217
11732
8771
12548
13337
9667
8455
8052
3346
5155
17013
19419
15124
3291
2670
6051
17112
2150

8935
10558
2367
14714
275
16912
15640
20218
13205
16417
9771

9343
10134
11330
13338
1774
18122
8772
7851
566
9668
15425
19420
10259
17211
17622
19011
11733
984
12638
7951
10938
5350
14039
3670
13644
15029
9056
5451
1081
1882
17014
4860
3347
18219
15641
10135
20111
9669
19617
18018
19421
16913
12218
16418
8859
16714
20315
17113
20900
15938
11831
12639
4379
567
14531
3671
2478
8054
5955
11734
12739
12833
985
1082
2091
18124
1883
15642
13440
14936
2587

19422
17426
4966

1462
9670
5275
15751
12551
8255
18019
17015
19012
12219
4861
1776
15939
19619
9143

16715
19423
20901
568
370
6
19823
9671
1083
11735
13123
8055
2092

12834
1587
16914
1884
3474
16227
5276
18020
10940
3295
17625
1463
14438
4967
5352
12435
3673
18412
1777
278
5746

3584
12941
18222
18822
18126
10377
8550
20222
19013
17317
18521
3349
12641
13518
2152
13442
8459
1195
8776
20902
1669
8938
371
14042
11736
17626
2370
20317
3475
13037
24800
17512
9239
19425
12835
5277
25300
16915
1778
4382
20021
10378
4968
9673
7854
20223
279
22500
12554
5747
10941
18413
8661
23002
12642
16421
8551
5353
8139
3350
2674
18721
17627
4168
1589
15645
10139
19426
8939
4069
570
15129
14043
25000
5159
20903
1886
25100
372
2094
5958
18224
14939
17430
988
18317
12327
20318
4863
1779
24002
22803
12555
3586
17915
17811
2859
13444
23402
20114
22501
7955
17513
4771
24802
11435
5748
7855
17628
14440
25301
8140
16422
2591
15756
22403
18225
14719
17431
3351
15257
10380
9675
15943
11835
17215
12556
16326
24003
2095
14940
2482
20225
24102
11334
18825
21504
571
11738
12223
22502
14836
3587
19428
13445
8259
24803
1780
20319
19015
23403
22703
5455
16917
1466
8779
15034
17117
18226
16718
15647
20904
15131
1591
20115
9676
13040
2154
1888
18024
14045
3352
888
3676
24804
22503
5960

25302
2096
15758
24503
374
2676
3588
771
572
24403
8260
21803
23802
17433
10943
1781
12558
5355
25202
24904
282
23603
22704
9677
991
1592
21403
178125280
1467

1087
19430
19016
4971
12838
15430
12746
18921
25102
8059
22602
24005
13522
10142
13347
24805
14942
14442
21306
3589
18228
8463
16231
16719
8383
8143

5750
2097
12559
17515
11242
375
20116
19431
17321
992
1782
25003
1593
15760
283
8942
15133
24602
13448
20321
10944
25303
24806
5281

4387
16425
12139
1890
18229
15946
17119
4972

10143
16328
19329
3678
890
15036
2374

20906
10835
13654
25103
2098
12226
2863
4073
16919
9679
14538
1783
2485
12947
7858
22506
574
19831
24807
8943
2156
11741
8262

18230
25004
17516
18027
17919
2678
11839
7959
8867
19433
25500
25402
1891
12647
3679
24007
21806
20322
25304
14839
24907
15263
20907
12840
994
17218
5357
10945
24808
2099
22507
1595
14539
1089
5162
5963
18231
20523
4074
22810
12562
7859
19434
25204
25104
25403
24106
575
3592
23407
3355
8555
17021
22707
21807
8146
1892
17814
24205
17323
23607
995
13209
25305
2157
5283
17438
18232
20323
24809
8387
1596
12563
19435
20908
13045
15652
2100
2487
5964
1090
18831
8062
12841
9067
13351
19018
14946
3593
5163

378
8147
576
21511
17121
286
10946
23806
18137
9786
996
14050
24107
14724
25006
12331
15038
18529
12649
19436
1893
24810
18233
3356
1597
24009
5753
8467
10146
17022
15653
4975
20324
1091
2488
20525
775
22606
5965
22411
24910
14339
1471
17518
10571
2158
23807
3483
17440
8946
22510
287
2
19437
18729
8063
25306
20119
19019
9683
14446
11744
24311
15950
18234
12650
24811
25406
10947
8786
17122
13210
21407
25007
24911
7770
13130
1894
20609
23610
25700
19629
2489
25106
15654
1787
17325
25600
17441
10147
19438
3682
17816
998
14948
20910
8390
25504
3357
15767
288
7
23410
2867
13454
9684
578
12566
8947
14842
24812
16430
17519
12843
25407
4077
22909
13660
15951
23611
22710
24912
2600
11745
4393

1599
19439
18325
17442
17923
20421
16723
23210
15655
1788
999
7862
8150
1895

3683
20326
2379
1093
9070
10948
10148
14726
5967
21811
25307
13455
23411
579

25107
8948
25702
19440
8267
24209
22608
17443
2682
20031
4779
1473
4078
22910
22711
3597
11746
24012
15436
2491
17924
17520
19021
15041
16923
15656
8151
16432
24411
8558
25207
5361
20611
25703
17726
1094
24814
18627
14950
13662
21409
7962
5968
9151
18928
23412
17444
20327
4978
896
1789
25108
22514
16724
13211
10949
18237
20912
14054
24013
580
3359
12845
19337
22911
9687
18034
8471
11747
25010
24111
2683
19442
25410
12334
25704
11342
1474
15141
24915
15771
2160

4178
22818
25603
1095
5969
291
5
8950
15954
18733
13356
4579
18837
10839
24316
18929
20328
19443
12570
5288
23615
9688
3685
13458
20913
24916
17222
15772
1235
12234
14728
25705
15555
7963
22610
10151
8472
15273
22113
25308
3360
24816
8395
11748
15142
25508
3487
4080
21814
14450
14253
25604
8153
14343
292
5757
1475
24317
11343
18535
8951
19444
2684
1791
15658
17926
20613
12571
12654
2871
25903
13459
4980
1898
3686
24817
25706
15345
8067
17637
5289

11846
2494
17819
20329
22611
898
21815
8875

22714
24015
14953
14846
18036
24514
582
3361
4081
14729
19841
25110
14057
23214
293
13838
13666
5971
17448
18735
16726
17127
24818
1097
26103
18240
19340
10951
25309
1476
23815
5758
25707
17638
19446
2495
13358
8155
9690
20915
7863
24919
16926
583
17330
22715
20330
4783
23618
25414
24016
294
14847
24610
8270
17523
12846
18736
26401
3362
4082
5364
24114
13839
16621
23416
18241
10470
19341
25708
2162
15045
25111
20615
16727
17820
3687
21519
24320
25607
17450
8794
25906
1477
8475
25210
4982
22823
23619
2496
25310
19843
15145
20916
14955
584
15559
2686
10952
19024
12574
24017
19448
20535
24820
20331
26402
25014
4784
11751
19636
19342
295
16927
9692
8271
27100
18149
3363
25907
11254
12847
8679
1099
2874
25608
5365
17640
27400
19449
27000
24018
27200
18039
14346
12575
16728
25512
22717
14956
20917
4983
10155
4271
25112
26403
1478
25807
24821
28200
19343
8158
25015
17452
296
783
24322
15662
4785
31500
13213
8878
22614
8796
10953
25311
3491
14142
20126
31600
4084
14454
29900
13535
27501
2498
27101
22718
29700
17641
24019
23819
12658
17130
24923
26404
21320
24822
8159
17453
25711
26801
4984
26701
11347
14732
19451
297
15663
18244
8070

12338
19027
20333
26007
27401
31501
25610
16440
11753
17930
28600
2499
13361
27302
22615
29901
14062
22719
14347
4085
10582
20127
31601
25910
8682
27900
13672
24823
29101
19345
10954
4184

15148
17131
3187

298
1
25419
22317
20919
23820
18845
26304
2163
9492
24419
19847
25312
17227
14551
18153
24519
27002
9696
17526
16730
25114
27803
12578
12152
19453
24217
23917
17455
20334
29601
9157
587
28202
8683
4787

16624
25713
24325
2500
25515
12339
3690
11851
15563
15149
19346
13467
4086
27402
29002
17822
24824
7867
14959
26207
8479
18246
31602
27603
3366
299
18846
8563
12850
24614
11650
24926
10285
19454
20920
17456
22721
27901
18936
786
22526
13951
8274
26703
28002
10955
16442
21523
12579
26305
5763
31404
27503
30003
15564
25516
25714
5977
14064
25115
29003
22427
17527
10584
18043
4675
9158
10158
19347
588
20335
28203
25613
24927
2164
14960
18847
3691
24825
9698
4087
18742
31603
29303
22722
26111
29703
27403
21323
7971
13363
3367
12661
13214
29904
20921
19031
12455
15666
24615
18937
11651
12580
16443
12851
16931
8275
26408
8564

27104
25517
25715
23919
28003
26704
31504
18044
8959
18156
14065
11756
27902
21822
21119
10159
17458
30803
22831
14853
25914
8882
12154
24826
8481
10956
16732
14458
26804
22723
8073

11350
15667
11450
31604
27004
8686
15151
3368
21324
4088
25116
4988
17646
19641
5369
30005
18157
13676
26409
25423
25518
28706
18249
24023
26307
26705
15964
18428
31505
14066
18849
90
29802
5297
24329
27606
1483

29604
28307
15668
27105
14962
13471
24827
12852
21120
21823
27903
8883
9261
15152
22430
22724
31407
24930
17337
15567
12582
15787
32202
31605
3369
30206
26805
8166
25814
10957
25717
12663
9160
18046
25616
26410
30503
4089
20337
14736
16627
27306
24024
2691

24330
29006
26114
24423
23424
26706
25314
28206
17647
24828
27405
15669
23627
14963
25215
22431
29605
31408
8483
8167
12342
29106
29907
9948
20131
25617
21121
30007
8688
18047
18251
24331
29705
29504
22125
12051
3370
26115
3694
16342
16446
24829
20338
15670
31709
26607
17231
4090
19351
20924
18160
16628
27506
16734
17648
2166
14146
30705
591
22835
5767
14737
17462
25718
29606
17136
7871
14068
31507
15154
790
10958
25618
7975
5471
8885
24332
17934
13955
30008
13542
26211
26116
31607
4679

32602
14351
10479
13474
18048
12854
7683
18161
20339
26507
1691
15671
19352
27905
16447
3695
3371
17649
25023
4991
26308
13680
25919
17339
25719
26708
20925
25216
11263
14069
22727
12343
2786
15791
30807
30009
2883
31508
8886
26413
32403
791
13475
16343
25315
5300
8567
28208
17826
14738
2167
31608
14555
18253
10162
5982
17531
13543
12666
23923
18049
5372
9087
25720
16935
31808
15672
29506
8691
25119
12855
14462
8170
13368
3696
25024
28007
14070
25620
15156
27407
10959
27108
26709
28606
27906
26309
23427
21826
5175
26414
23226
4092
21527
8887
22435
22838
18748
4794
17340
18854
29010
12587
25523
27610
31509
29707
17138
31609
593
12667
27309
17827
16736
23631
8279
5983
8171
14739
18050
24335
20341
25217
30310
2168
29507
15157
12344
2787
26119
31713
10163
12856
25316
32605
13216
14967
24027
19039
10675
5373
26710
22729
3373
17466
29011
25524
25120
29609
24225
27109
18340
14148
24527
27907
26214
19355
31510
21827
27208
28607
19136
11355
29806
31610
12668
26120
26809
18165
9877

29110
15674
30012
594
24834
28210
24126
29708
5770
17467
17652
21937
15795
14968
29508
14740
3698
26711
20342
2886
10960
10164
26311
23429
29912
25723
16450
25218
29610
24337
20928
13684
26215
17937
3374
18944
26121
24938
30013
31611
14354
24835
13479
12055
17468
794
12590
4683
141494193
31009
22731
7687
26712
595
25317
19137
3699
25027
28608
14969
21722
19648
15675
27311
19357
29509
32407
25624
8695

28211
5771
26312
26122
31415
20343
21530
13959
24836
17938
14741
12670
20929
18053
23634
31612
18945
12967
26713
29014
8175
3375
10961
22439
12591
27510
26418
11764
795
12346
3700

5986
31717
14074
16938
17343
13851
15160
2170

22843
22132
25219
14970
5097
26123
25122
27210
14355
10165
13217
32803
19649
8079
29510
596
27411
17470
12859
14861
22539
25528
14559
18859
11955
10790
23431
26313
8967
4798
13372
12671
8281
12592
26714
31211
31613
20344
4886
21531
20930
24340
18946
23043
24430
5178
28212
8490
14742
30016
26124
19359
19043
15799
5987
24623
31417
24941
17830
27511
27910
17535
10166
17344
26614
14971
17471
14075
29915
26218
31513
20135
18437
29511
18860
25318
17142
26715
23831
21830
27112
18170
24341
25123
16939
26420
16347
23432
12860
31011
18947
12672
14862
26125
31614
24229
4799
11358
24942
9167
19360
26314
8282
20931
8892
8491
21425
2171
21941
28610
31814
27012
8178
26219
10167
25220
3966
12594
29916
3377
29114
26716
2890
18861
14076
13483
29712
25727
24342
22846
18754
24031
18260
24839
29512
24943
25030
15678
17653
22328
27113
22735
25628
19361
17941
8179
31615
12673
21831
598
6
13688
7691
25531
26315
27314
25124
5869

18172
8492
12595
26717
24343
20932
29917
22847
28214
13218
16635
5989
27413
25436
26127
2891
27013
13962
17831
14077
30019
29018
3378
8570
8969
30219
24840
8894
17346
25629
28611
32411
15163
31917
15578
31515
18949
14744
13374
15679
11271
25319
12349
1239
17537
10851
29513
25031
32511
12596
15975
18863
25221
21335
26128
23638
14864
10964
26316
14974
5990
31421
28323
16636
11768
32807
31213
21534
19363
24841
2172
24033
14469
8284
13963
31723
10170
31013
17655
22543
30815
33603
11863
28215
31516
5775
23435
22137
26719
26222
9097
18950
24626
34001
29514
12863
2699
10600
16151
8494
15361
17476
17538
15976
8082
24946
15680
14745
28612
36300
29715
8182
25222
12350
16455
30021
7983
26317
33403
26618
24842
25534
14865
5000
34801
35100
10171
5991

20348
24034
21535
22850
9170
24346
17656
600
36400
27415
20934
26130
10965
26815
26223
14079
34900
36600
11071
25126
26720
18951
3380
26425
28015
13487
17348
36301
27618
31517
15165
8183
3968
12864
23436
22629
34002
31423
8495

18176
25535
10172
24627
39900
24843
28216
22851
12599
37800
17146
38000
24347
18060
37400
33803
24035
12061
20349
8898

36901
5992
25223
18866
14746
14866
22739
13376
26318
17657
8083
35101
27915
26224
29118
25934
16351
25731
27116
11362
9171
26027
27515
36401
26426
32414
36601
33903
18177
20935
30023
21428
35701
7695
23051
13488
11274
3381
12600
34003
19366
29717
27317
25633
29516
27416
16744
36801
26132
37801
31518
18348
40200
24844
17349
40300
15682
12865
24036
18061
31215
25127
37702
17540
18867
34803
22740
29022
35102
36902
33206
36303
25732
5872
33607
37502
2895
18178
3969
27916
21835
26319
28614
38700
17658
26722
13377
29813
16352
10174
35702
20350
15363
24349
39700
14747
11275
18953
37202
34902
33010
37703
22938
25224
23438
20936
36402
25936
15065
27417
24037
17480
29416
27318
36304
34004
39500
20139
22741
16943
29517
37902
31519
34804
12866
18266
26226
10967
18349
26428
29023
37402
26320
19368
36903
29120
35902
26134
23644
11772
26723
7697

2795
30717
17659
11364
24846
15066
29719
29814
40002
36604
36305
18180
28615
38003
17242
38204
20351
37804
24951
22855
23439
8498
15364
37304
26429
20937
30026
36804
20635
40302
26135
40202
13491
26227
34805
29024
34005
38701
12867
40802
29518
18267
25128
17351
19369
31217
25636
31520
24351
7986

5779
36904
25225
28525
41301
35903
33407
25938
16746
17542
28018
13967
29924
37403
36605
35503
38205
36306
18181
17834
24439
32619
7698
24847
25540
38004
39403
27918
38103
18064
28219
27721
29720
16458
24039
17149
15067
24630
11666
35105
26136
28616
27218
40803
23440
18955
13379
37305
29025
8499
41302
20140
18268
25321
25939
27419
27622
36404
20938
35003
36606
40303
31521
17352
2174

37706
8086
31218
12354
27019
34006
16354
19052
32418
7699
34205
33807
29418
37404
24040
39600
29519
18065
35705
17754
41002
4894

27919
40902
35106
29721
17835
14084
25940
19371
8975

29026
9174
11366
28220
34905
37807
36607
37707
17150
17950
33907
10969
16459
24631
14362
13555
39001
27420
40204
28331
26138
7700
36405
39502
20742
24954
11178
40805
26519
34807
33210
17353
29816
13220
36906
18872
21539
12979
20841
34007
15686
38006
30029
31219
29123
35706
24354
34307
40304
12869
2899
11775
26726
14750
22634
29520
38702
26230
9279
39302
36309
38302
16355
34607
12355
26925
21839
29027
22859
13969
10179
27519
23442
37906
26139
39802
36808
25322
34906
9175
40504
19054
35207
41305
24850
29927
27220
38803
14871
25942
25130
37809
18873
24355
35906
20743
40205
20940
35108
28618
25227
38007
37406
36310
14363
25544
39002
34808
25640
15170
26322
35707
29624
17952
23059
26727
26140
31523
8291

20142
32815
27421
10855
24442
36809
29521
27121
40807
18353
29420
41306
24956
24851
37907
15984
37206
41204
36907
16356
23443
14751
31021
26034
40605
29928
21954
37710
36706
17662
24546
2798

24043
35109
3075
38008
19374
35907
22746
5999
27625
9281
38107
18958
26232
3972
39503
11180
12356
22551
15367
9600
35708
25131
37811
29625
28619
17355
26728
37407
24443
25228
26323
40007
34809
34009
31524
15071
24852
11078
19056
20639
37711
17546
12067
36908
36312
23444
25546
29522
15874
39305
29929
39003
18875
39409
19375
28222
31022
26142
10971
17663
12475
13382
26435
29725
24044
18069
12871
37509
36707
9282
26627
37812
40809
16947
14160
37207
26233
40306
18959
17953
24958
11967
37712
41308
14873
40207
18766
29126
34310
27923
35812
26729
19057
41006
25547
17356
7987
31737
2799
34010
37909
24634
22863
26143
40008
25229
8978
20942
39306
39504
15368
19376
35309
41701
37813
20143
25041
28620
23445
37408
29726
41206
31525
28223
28023
15172
25132
17954
36408
26234
9283
40906
25946
39107
11370
31930
38703
26628
27423
28419
12872
13558
40307
15875
10183
37607
24359
14752
25548
27827
34909
31738
39411
33214
26144
8578
23063
19058
36613
37814
29819
29031
39307
40507
34311
18877
29422
14874
34011
18767
21543
26730
26325
36813
36910
24854
18189
35112
38011
37714
28738
25323
23446
17491
8090
41207
41310
8979
20943
33018
35007
25644
18356
37409
36315
23655
25230
31526
25549
23944
31739
37815
38215
17548
21843
18961
12358
35711
22749
26437
28224
36409
28621
39308
40608
33912
22638
39603
20747
38012
15876
35113
18190
28739
14753
25324
25948
29628
25043
24961
13500
18568
32819
40209
31223
27424
35911
26731
19378
10973
26326
14875
27925
24855
17155
36316
3974
17358
8579
31740
25550
16359
36710
24361
26236
9285
27124
40010
23447
35311
37512
26146
34012
15370
37314
36615
37410
20944
31527
3390
23751
18962
17839
24551
12687
39604
39309
29729
8091
29525
41312
26523
28421
25231
28533
26039
42202
1243
35816
37817
6093
33913
25551
18073
24362
31741
40609
38910
36410
20563
29933
19379
24048
41009
8295

42103
42500
26732
25134
14754
39913
11372
12359
39506
37210
35611
26147
17667
4292

40210
27926
36816
25454
29330
23448
25326
39605
14876
16647
17494
34911
16360
39310
26631
16950
15077
26439
34013
34813
24963
39415
12275
42400
21436
18963
41313
27125
34213
36318
42301
20945
35115
29730
21348
38014
25552
37411
22751
18276
31528
28335
15371
20643
42701
24363
40909
37913
26148
19380
9180
25045
37718
26238
38705
5186
25327
17550
36411
11875
29630
20848
41010
34314
42501
23947
36617
14092
25232
28742
35009
28226
42800
22463
14755
17668
17495
24964
40815
37819
10187
27426
40310
33815
17840
40211
41314
28623
14877
40510
27927
40410
25553
14368
11083
20146
17959
29034
25135
34014
35116
8198
40012
18193
30039
15878
24364
27026
18964
14571
39507
15990
37610
25328
5187
7991
35914
20946
29935
26329
21547
31529
24858
37412
12071
36914
28743
37820
36502
25952
38220
12874
32822
29130
14093
23948
38306
36320
24554
29631
38912
22341
34315
26441
38706
41315
37515
25648
13223
42801
8982

30040
28227
41805
25329
29527
18965
14756
27427
41211
17361
33915
31028
29822
34515
25233
34815
39608
26042
35915
26150
3079

34015
15879
40709
18771
42005
9289
11374
31226
19382
39007
36321
34415
16257
27027
29035
37915
31745
25555
14483
17841
26240
14369
28424
26735
10976
16755
21847
13867
41316
36619
37721
31530
29632
15694
17961
16362
36820
42503
37319
25330
25649
35118
26151
18966
38222
39609
39419
39708
26331
26043
29528
3976
29937
23662
36322
17362
16258
17670
27428
18077
25556
24052
42303
17159
34016
22754
42402
23950
29036
14879
22642
37722
35011
22559
28228
24860
26443
8582
19064
15081
27929
37916
33023
24367
8299
31227
32429
36821
25234
26736
37823
39314
38223
26635
11675
15880
20948
26152
37414
5190
43001
37516
27028
25331
29633
11375
22467
38914
39917
24968
23452
36503
23663
31531
40912
36323
27228
17499
41411
40613
34914
18666
31747
35615
11289
10977
8095
13389
16953
29132
16363
41318
37214
9183
19384
13563
39008
26332
17671
37824
38224
36414
18078
36822
3395
18197
40214
29529
22755
37321
39421
25048
14758
14370
5191

35316
34017
25332
29735
22468
14880
25847
25956
27930
36324
40820
39918
39709
25558
16260
40711
31748
41609
26045
7994
33819
18280
41014
25235
13224
29939
27128
37415
16651
23453
31443
20149
5490
14166
34318
8583
19385
40913
31532
37322
28626
24862
26243
11376
38709
33316
39316
37613
26154
5391

36918
26637
36415
36325
17364
43600
38809
25333
26333
34915
16364
20288
11879
18774
19066
25559
16466
40215
29530
14759
34018
37215
41808
26046
25652
16954
38226
29940
39423
30833
24370
36824
38916
4296
35919
24055
20950
5791
42110
11087
41320
14371
40514
7995
29429
31029
34319
44900
22344
37416
23666
33125
34619
48200
26155
20150
36919
15374
43003
20289
15882
18281
37726
25236
29134
39710
41215
36623
35825
29737
25334
38710
11474
27030
31533
16560
40314
48101
35122
19067
20755
28627
42404
43601
24245
28230
26047
36825
40822
37919
45300
25747
15180
24371
34819
40216
35318
28428125139
29531
18577
26739
34019
27635
24642
41016
42009
37120
28031
34916
19387
28750
42709
44600
22471
20290
18200
29636
26447
16955
33919
38917
39318
28931
20951
15697
42507
26156
27529
45200
21851
22563
23555
5194
33821
36920
36717
20151
29135
23335
35123
37417
40713
37828
38228
41909
22345
14575
39510
36826
25335
27431
22646
48201
18081
37325
18669
12283
11475
16467
28751
16759
14099
15086
37920
25237
31446
25960
43701
17966
14372
24973
23759
36328
27031
19388
39319
31752
38711
41322
23955
8098
47400
12075
15375
36417
40018
12878
44601
29637
38229
18776
42010
28628
17844
37829
26448
43802
26334
25140
26157
34020
11378
34820
38918
36921
29532
20952
34321
36827
42508
31231
31838
24643
25562
37418
35124
18082
33423
45102
45201
40916
40824
21441
14883
22879
29038
5195
41217
24974
36329
29136
39511
42807
20757
25336
40617
39426
19389
17967
31535
25655
39320
27432
46600
17675
14995
15087
47900
43603
41323
15698
44903
43901
25238
15884
46103
24058
36828
42905
26158
16760
12487
17557
45900
11789
44602
36626
43404
20293
39011
12879
40019
37327
41018
24374
44802
40218
45103
12991
38919
27032
28543
29740
32640
34821
36922
43803
24867
18777
26335
29533
35125
36330
20152
20953
23670
33128
38231
35829
25337
37831
40825
44502
37730
13155
18972
28629
8099
14762
16265
46501
24563
48402
22760
9969
39512
37419
12366
15376
37922
33823
48203
40917
22957
20758
36829
44904
25656
10981
31536
29944
49000
13225
35520
17676
48901
44302
47102
47201
29039
3399
28232
45104
24059
25239
35923
18284
17368
22881
5394
32830
27233
25564
37123
27934
44603
37832
35126
27433
43902
37521
47901
43405
36627
38920
36923
24976
25338
40020
40219
34323
26643
25053
40826
34022
36419
23671
12880
30525
44503
20954
41812
36830
40715
20153
39924
47103
46804
46502
19670
45304
23958
30445
14374
48204
41219
45901
45105
26160
25657
7999

37219
22348
38233
48001
29945
37833
22567
39513
37420
14170
14763
34723
41418
39012
44303
26336
36332
42809
40418
12367
43605
16563
47404
31537
26743
35127
47202
37124
28630
25142
40827
29828
33227
29640
24977
26451
33738
26644
38714
41326
13394
40518
38423
44604
29040
32831
20296
3400
39429
36831
45603
18285
25240
19392
15998
18454
18974
47104
25054
44706
26161
23559
38234
25965
16958
27434
42013
20154
12881
25339
34823
34023
11296
25566
32643
28347
16267
14886
21855
15377
24061
8587
15090
36333
18086
11478
40828
35832
45804
23258
17970
24870
46602
48205
31841
26645
49002
35128
35522
20297
37125
44304
26337
37421
27840
36506
36832
31035
36925
20653
42810
43407
29743
34325
39514
30052
26744
24566
22650
14375
26452
47804
25751
47105
39013
38715
29641
19671
14764
38235
45107
37835
19393
21555
47903
18673
13226
27133
18975
24378
38922
41021
22478
46806
31451
25567
48109
46004
46403
44907
5199
34921
36334
25143
25055
34024
18780
40519
13569
14887
29829
40829
29139
40221
37925
42512
26251
20956
35833
46504
24062
40317
37734
46603
17679
45306
12882
16268
42014
48604
36833
37221
39431
29041
30155
27435
35129
35926
20761
47106
39324
26338
35523
12079
30637
42408
45805
43108
41328
15887
1246

38310
25241
39714
26163
28758
30347
29744
16959
40717
37126
34326
22651
21359
38029
27841
3980
47805
42811
24379
43607
45903
19394
11682
46005
46807
37524
29642
37422
48707
17167
44400
36335
14376
44806
20299
18976
47407
25568
17847
31539
44606
46604
40621
26647
39432
38923
37926
36834
35623
30156
46505
20155
23461
25341
11793
39928
37837
26944
14888
17561
42513
43807
24063
24872
29948
45109
25968
41329
16269
25056
34922
22764
22886
20762
39014
41222
40318
48111
33827
27436
34025
42015
10984
37222
35524
49004
44507
46006
41815
28632
28235
43409
20300
40831
19395
37127
46704
29537
34327
36927
29200
26746
36336
8994

37525
43009
36835
27842
15186
33230
42812
23675
40718
39715
16764
39621
12290
38238
46108
20655
29643
47108
38924
23341
18089
20097
13227
37927
38717
37334
30055
25342
25242
41330
44607
47806
37423
15092
18782
31540
26534
15379
13397
14766
45904
26945
39326
27036
20958
11886
28435
11299
17562
29746
40832
49005
48406
40223
35836
25659
41223
19396
14889
36337
8995
26649
38239
41816
42217
38813
25472
34026
48606
36723
16371
27938
26455
20098
36423
16566
39015
25970
34923
45111
37928
26747
29043
22888
46705
40719
35132
27437
33231
12291
25343
18090
46406
29201
38718
27843
45309
29538
48113
23563
48908
12370
48208
46109
29644
38427
14174
24570
38925
28633
40922
24382
39516
40833
16765
35227
41423
36631
47410
39716
35837
37840
39327
23463
38240
32835
49006
46606
36338
44509
26946
19397
14890
17373
37738
43809
20099
26341
31541
25660
34827
28436
26167
16272
25243
21859
22889
20156
18372
25058
47110
48909
21559
44308
34027
41332
14767
35133
22571
37929
35019
29202
26456
46407
48607
48407
27136
43610
33323
26748
48711
43709
44401
47411
45310
38719
5799
26838
22353
27939
36838
27844
36339
46607
39328
29645
14175
40522
45905
26651
20100
17975
39016
31362
17683
28939
16273
29044
45113
29748
26168
10986
35930
47111
47206
28634
43810
23966
8590
20960
29952
33746
41225
26342
16766
35134
11796
44912
30058
12995
28437
13228
12371
37130
44309
28238
18092
11094
37930
36633
8998
22655
27038
36340
18289
9973
34330
25244
24253
38720
46812
25475
47007
18980
48608
44810
14379
14768
36425
25346
42815
26169
16474
27137
47112
17976
19399
34028
38927
43312
29646
32344
33136
27845
46608
30741
23967
29204
37843
29540
48210
44511
26343
38243
49008
41334
25662
48713
3982
20658
39518
24385
45906
17850
41226
24985
14892
12083
43811
20961
36840
18093
48007
29045
19249
23679
34925
39933
39017
40625
37426
37131
24650
28552
36341
26653
37931
44310
25347
16275
45115
38035
31543
40027
47810
25147
34331
17565
33831
31364
38721
28239
47113
37844
43612
19400
18981
19675
38244
29205
46008
33234
42816
36726
40722
15891
25574
22486
29750
26258
24386
38928
35136
46510
24878
29647
44512
33137
25663
37742
30060
8591
16475
25245
36841
11095
38815
27846
24986
27138
26344
45213
18094
36342
29541
26949
46410
39718
32838
23091
42518
26171
45409
31848
31365
41227
37845
41524
23771
31043
40837
28867
20659
44311
43509
37132
11798
21862
21562
29046
14177
29206
40524
34332
34926
48715
28766
36932
43013
22487
45313
25575
37427
41336
46009
40227
46913
23855
26751
32543
24387
46709
31544
41427
42817
35137
17566
38314
18982
38722
43613
47910
39440
17686
36727
17851
26259
36427
10988
25976
47008
24879
16277
36343
46511
3984
48212
25478
48610
40323
41820
22356
41028
26655
22575
34030
27847
37529
25148
15892
31459
37227
30164
47115
35231
26059
24255
26950
26345
37933
48716
25246
48914
28767
29835
22770
39331
42519
27139
38431
46611
25576
14770
43813
41228
21863
45410
29542
27745
23970
39519
21563
27441
38315
29956
34333
25977
27942
25350
39719
26752
44718
36344
14178
43713
38247
31545
31367
28554
26173
40228
16663
29047
43014
25062
13163
40324
48120
33651
27343
38723
47116
17979
31460
34732
46512
48717
29649
35530
28637
35934
22771
34031
22357
29208
48611
28242
39019
25577
31850
37934
27848
37848
42413
25978
25351
45315
26346
42520
38248
20964
41526
45119
18984
41338
18681
35139
22896
24071
23971
47418
14895
25480
29957
47608
14499
25247
26657
29836
39332
14771
48411
39520
20868
12887
29543
13230
46711
26753
3986
5398
17688
28943
37746
35023
47117
48718
37134
27442
29048
22659
44814
43814
48214
27943
40031
17378
40628
40229
29209
46513
49012
27140
31546
34733
44515
37849
25063
34433
47814
38931
19963
23347
35935
34634
33140
42819
14179
5894
34928
25578
40526
16280
39720
38249
28638
36346
44314
11388
37935
43418
18293
14896
38317
28243
26952
35140
48612
40841
17174
46012
20157
26262
24578
42521
23095
27849
13000
48719
44402
29958
16376
41230
46916
48917
18789
18985
47913
39444
26754
15894
20464
39020
24257
23570
24391
16478
37135
10990
20869
38618
45217
38724
34335
14772
46614
29544
33754
44013
5399
44815
37430
25150
28770
46116
27042
12375
18098
33238
26062
45121
47420
33835
25248
36347
42414
29837
16281
36935
40230
26659
25482
16572
27443
25064
31547
26176
17569
34833
40629
37936
44315
36730
42820
45317
26263
35532
43512
11099
14662
26953
20662
39445
28639
18294
34033
3988

16771
22970
42225
45413
22579
29755
26347
5895

46615
47421
36641
41231
35847
26755
39721
12889
26463
27850
39522
22661
23571
18099
36348
28771
16479
26063
26660
49014
37533
17854
36936
17982
33239
37431
22359
46713
37230
16179
47120
14773
38933
48721
15895
13231
38725
31853
37624
37852
45318
31548
46014
47011
36848
40231
44316
12300
14898
41032
25065
25249
47422
25355
3989
36431
36642
29212
40727
16283
26954
11390
41824
27142
14181
36731
25151
20158
45123
48125
30747
29960
39523
42024
28558
28163
26348
20663
20967
22662
48614
28874
34930
45910
44518
40844
25484
48216
45514
26756
15485
1247
47121
49015
35938
23572
25581
28640
23859
16772
20871
35143
36937
37853
39940
16480
21867
33329
17983
41342
37534
36849
47214
45018
24394
22494
25983
39722
40035
34736
28246
38934
3990
45319
29546
38819
23975
38043
31465
15896
17855
34436
46617
36350
8595
29213
22775
42917
40232
37751
31549
25670
39022
16574
14899
43422
26955
39335
10992
29961
29757
47122
39448
37138
45415
34035
47012
22663
45515
40728
47818
25250
35144
28444
45221
41825
26757
49016
36850
41233
16285
48615
41343
24994
12891
27946
21567
42416
20872
44818
34338
22018
40529
14182
45125
31466
45019
36351
46119
38935
34931
26180
27852
13232
37939
18296
15383
43619
28774
28247
28641
28165
39637
43423
46016
37855
39723
16667
38435
23473
41729
44318
33838
47425
31550
11691
25358
39525
35535
37139
25985
47123
45516
42026
30172
28560
15897
45616
25067
43818
45416
44726
47013
41531
36645
42525
42823
25583
3992

48128
34036
26267
45126
16575
10875
14900
18989
20969
22664
41234
46823
31467
29215
35851
41635
46619
26181
16379
48415
22361
37856
45321
45912
20873
38727
28775
34339
26350
22019
24886
25251
33242
28445
27144
25487
44217
27947
47426
38936
22583
22777
16287
33839
43620
40530
23779
40932
47124
14183
33145
46519
36646
17573
27853
29655
48129
24996
39526
36517
26467
48218
37754
45417
25584
42027
19583
28878
29548
34037
40234
34837
36434
25068
40848
39943
28642
43425
46419
27447
19967
12893
23575
25488
15898
30465
28167
24887
11393
27046
22665
14776
20874
26351
16483
22498
44406
21455
33243
36853
47125
17986
36734
41731
29760
45128
39337
35942
32662
37435
40039
24997
1250
41036
43621
28562
46620
40730
42732
25252
46520
28879
46203
35147
29217
39451
33762
40849
29964
17574
45518
39527
46717
40531
48727
3994
24172
27854
23979
31552
26958
47428
12091
18991
33662
31377
25988
45323
42028
40135
44018
34038
42527
28168
47126
47218
25154
26760
25069
48219
24399
42418
45129
38259
31052
26352
29761
39641
22666
43721
34341
16484
48925
28643
26270
29218
17987
21992
25586
15899
44523
40331
41037
48618
27249
46826
41828
43021
47429
20667
34740
14387
43622
45519
28950
13884
29965
47822
37142
31378
25490
39528
25362
25253
39338
22500
42825
40731
17575
36855
28169
36649
1251

26959
41534
18992
42029
36942
32356
18385
31553
45226
10995
26666
18299
12895
5899
27855
48816
26761
29219
31471
36356
35855
24999
34039
48926
20972
39726
22667
25070
28564
16291
45023
28050
20876
42921
48220
46827
34342
41639
26271
35149
17988
25363
37943
43821
41038
3996
25491
20778
46123
38261
25155
46522
16972
37143
41829
36650
47128
18689
47614
37758
44322
16578
36856
29966
43623
27048
45131
26070
45325
23477
36943
29450
33148
14778
44927
40042
39643
8599
45420
11900
40852
20162
36357
25588
35439
42030
15900
48017
35539
18993
25000
25254
17386
47431
26667
46622
23578
37540
36437
28882
27950
32554
39946
44823
13171
45915
29763
34040
38262
26272
10996
40732
25492
22365
40237
47129
24890
23982
18300
44525
33246
20877
45132
34343
36857
22668
36736
27856
30469
19682
38940
39530
40853
39455
31860
26471
36358
29967
41734
47432
37236
33843
46423
37863
27450
35946
38263
20163
31381
32666
26961
26668
43430
41536
26763
36438
34935
47130
46623
39947
23579
28566
45133
37629
23983
35151
44526
42420
31555
37438
26353
39645
24891
39456
46022
41929
20469
40044
17858
16487
40238
29222
25255
33247
12094
45522
37945
45916
20974
46927
14187
37864
12897
48419
25072
17990
46524
38264
25673
29968
28645
25590
44324
18691
12382
11397
29552
36737
31382
48929
47131
10997
43431
38731
34743
25366
25494
41441
36653
36859
45134
26274
16383
10882
48621
26189
40139
27050
23984
39948
30077
33333
35340
16295
44825
39027
28173
44527
47434
36360
14780
34841
47616
38265
47826
42531
17388
13236
21763
16974
29223
40334
30471
48222
34042
28449
16488
49023
37946
37762
47132
30542
37146
25674
44407
14188
36654
48137
39532
26354
46831
14390
25367
41736
40239
29969
40535
41930
25495
45230
13887
27253
35948
37238
25073
46126
45135
25256
10883
46625
24265
44325
41041
26275
38942
47922
21875
38823
45825
28568
17991
42421
47435
29661
27858
40734
38266
48819
40046
40638
45422
46929
26963
18996
48622
28886
37763
36738
47133
44826
31384
41832
10998
40938
16187
22590
23175
36655
38732
19590
34043
45329
25675
17389
40335
38531
26191
24768
35542
37947
25592
43825
33249
18800
37147
17579
39533
48931
45136
37867
39459
30182
12096
38267
47436
14391
45826
36362
16297
40240
16975
38943
21377
23986
25158
44326
25074
37764
28175
26671
47134
31863
43627
33846
22369
14189
22671
34937
29554
13237
26964
43434
27859
30473
42925
25257
23582
47020
37868
18997
24894
44827
23787
40735
36441
26355
40858
32670
42034
37148
42533
20166
45918
30957
48736
41833
45232
34347
10885
37361
34044
33250
39534
40437
35543
20881
43521
46023
31386
28176
35443
10999
16582
35862
26475
38944
28955
27453
40241
40048
39649
40537
47021
26193
26672
38269
20977
25075
48224
39730
43435
39951
47438
45424
32559
21765
33847
28255
44409
25159
45331
36364
27954
25594
36442
37766
44828
24895
25370
18998
45624
29227
48933
26356
11699
20167
27860
31559
33251
31789
36949
25677
45828
30544
42035
36658
23988
40736
16491
37870
34844
43827
38146
46835
38270
46724
20882
16299
47439
45526
35863
26476
40860
47830
40337
18392
41044
45919
25258
17994
36365
35155
17581
46129
24769
32173
24087
27454
36740
37442
48225
40242
43522
37150
47925
40538
25371
42740
10887
20978
25595
25076
47137
17792
18999
11000
45234
23789
38271
40143
14191
21766
36443
39651
26357
25678
25500
46529
42535
29556
29973
39536
36865
40861
34845
34046
42424
46025
45139
42036
37768
20785
41740
30186
38946
17862
27054
14678
48423
34939
17995
45527
41647
40737
18393
37872
41045
47926
21879
44329
31481
29229
48143
45333
47024
37151
37443
39464
46837
49027
25596
40243
47441
26280
25259
33675
25077
45235
40862
20979
46934
18696
44830
28179
25679
19000
36367
23990
19181
46630
31561
48626
22023
27455
46430
36741
37769
40642
37951
16493
33253
27257
26358
14192
38735
42833
29557
37873
41934
16386
38273
47139
38447
14394
39954
41741
29230
30546
47927
39465
20884
35546
47442
40942
21767
17393
29771
45334
17996
39653
24269
39031
35644
30477
39732
45528
42928
27862
39345
25597
25883
34749
43631
12387
44330
46131
40738
41836
16978
40051
40440
48936
28180
37770
45427
46631
26675
25078
49028
48530
23991
23485
48227
38274
31867
25680
35866
38148
41543
24770
37152
20980
39538
48145
29975
46531
24898
33254
21381
47443
48627
31562
25374
26359
16494
35157
44534
31483
22374
45831
34351
29558
16191
47928
25260
43524
36742
40864
22596
26479
36369
28574
35547
44411
20885
36445
45142
45335
47231
37875
38948
18395
22675
35645
42038
46632
29458
45529
48937
42241
45237
46132
31794
40052
27155
23992
27863
38736
44832
29232
27056
47444
14395
41156
26079
37445
29976
35867
42929
30964
40739
46840
39032
37549
25681
16387
26969
25375
25162
31868
40865
26771
49029
28959
43031
33255
37772
31563
42835
33851
24899
45143
20981
37244
26360
36869
45832
35956
47834
14194
17998
29559
41743
42538
10891
25599
38338
30190
20886
38450
48938
29233
39656
25261
35158
45530
43633
46841
41936
45238
22676
24771
46133
43525
17395
32775
41450
48741
29977
41838
37877
27864
37154
25682
39347
46728
45144
47233
38150
33256
26970
24271
37550
40341
20170
40246
25080
41545
43733
41360
47446
14396
37954
31564
25600
39469
25886
45833
29234
48629
38451
26361
22598
20982
42836
23994
14787
36665
38737
47930
29560
25163
45629
48229
40645
18397
20887
3099
29064
48939
31395
37774
16388
41049
30481
41451
45531
43634
36955
45145
40054
44834
21883
34849
13241
44537
39541
45923
25683
40741
31797
47447
46729
37155
48427
39470
43832
37551
33257
35159
26971
24772
27865
10893
29235
46843
25378
37879
48149
40247
40868
25081
26362
24272
39958
37955
32368
31565
31870
48743
27058
40543
21770
36373
38951
44413
42540
35870
29561
44334
45146
45240
48940
20790
29979
23590
41452
20888
30763
20983
19599
44538
39471
36956
20171
27261
42428
42837
16497
40946
46635
39659
39034
23795
37156
43635
39542
28652
37880
35959
34753
20476
22378
25379
37552
34453
40869
29236
23489
25684
38738
37776
17397
33258
46535
35160
38152
26972
15395
26679
36374
48744
45339
23996
28578
33854
49032
32955
41250
45147
39959
14685
26363
17089
47032
29980
45835
43527
32369
41746
17280
34355
45241
48631
41453
18399
26483
25263
23591
44335
37247
42245
29562
21771
38281
35871
30194
47932
36668
20889
40743
40544
35551
37777
44836
16590
40056
10895
24273
45533
39543
31489
13182
28899
41051
42932
42042
13242
22679
16498
36375
17863
24773
9987
30653
42429
25685
35161
27867
39473
33259
27461
26973
35649
28579
32567
47838
26484
26680
46942
14398
36744
33855
39240
26775
29981
21385
41454
29777
41841
45924
45836
31399
45242
30195
40344
33337
42246
16390
37449
41548
38739
29563
48632
44336
28187
25083
37158
47147
43834
29238
20792
35451
36376
38455
47451
25264
26364
43528
39544
44837
31567
45534
27060
41052
37883
45149
47034
27263
43637
29672
25686
41364
46137
17798
16195
28963
34455
27462
22680
14198
37779
47839
46537
26974
34852
27868
42839
43937
42933
33260
17399
45737
30485
29239
48153
36377
40745
39737
38154
37958
38954
45243
46733
45837
41842
41748
47148
42247
47624
37884
48943
31067
23593
29564
37159
42744
37450
39036
14399
16592
42543
20478
25084
36745
40250
36876
32474
16391
43447
40345
20891
26365
35962
27463
37780
23798
47934
25383
19981
25891
35351
29165
40873
43529
41053
45342
45434
45150
17589
31568
39351
38740
41163
17799
20174
26086
40058
39476
37885
47149
44542
22681
31492
46034
14199
48431
25265
42840
26777
33555
40746
45244
32863
37959
43036
27963
48748
40546
33857
20986
47625
47036
43738
27869
41253
48944
38955
29565
37160
37451
10898
36672
32782
30294
43939
40251
20892
47935
16500
48634
36379
42745
44839
45536
28582
26366
24000
35163
37781
38069
25688
47150
40346
45926
27161
31493
23186
23367
36746
34757
29241
30553
14400
41054
40747
43639
31569
40950
46336
39963
48749
42045
46035
44416
25167
46217
47454
36878
45245
39037
46735
33262
48029
26683
13185
37960
21774
28190
22383
42841
45839
34854
48945
29780
38956
29566
36380
40547
23595
30199
27964
20480
32685
44339
27062
24775
41844
38741
25266
20987
27870
39547
19690
20893
41165
47038
48342
20175
44840
25689
47455
29242
40252
48635
31177
40748
47335
48750
25386
40876
35164
27465
44544
39353
17093
38831
40347
39964
33690
31570
45246
29985
30554
37251
17866
40060
26977
28191
39479
48157
36381
42046
37379
29567
38957
13186
17591
19691
28584
43740
40448
45840
41751
44417
42250
47456
13245
41845
21775
39548
49037
42546
36880
25387
39740
20988
33791
25087
27871
45538
39480
40548
46338
38742
22385
37380
1255
41459
45741
28192
48434
36748
41056
39668
43641
25895
47457
35966
17867
17094
26978
31571
13187
35165
47040
38958
22684
36454
45346
45841
47153
24776
40878
44341
38158
41752
37890
35455
36676
31496
14692
17592
45633
46542
48233
33860
48752
39549
40449
41256
20797
28967
36383
27966
48947
37381
47938
44546
25088
44842
35878
35654
20989
30298
25691
28193
39669
46339
45248
48031
37454
45154
16596
47458
36964
27872
40549
48435
42843
39741
40254
13246
29245
26562
27064
40154
47845
41168
47154
41057
31572
28586
39482
38959
37963
26781
26091
44342
13188
36384
17285
17095
28463
39355
40062
26686
37382
13581
26979
41753
43345
44547
14795
37642
45842
38350
48753
32867
27467
27967
42748
28194
40751
40349
46340
41257
39967
48948
17593
36749
25268
43839
45929
25390
37892
40450
46950
33694
41847
45155
24777
47155
46039
39483
48234
43453
22387
36678
47042
46739
36965
33266
42844
34761
37455
28587
22027
37383
38960
40255
45438
26368
39356
16987
26563
38833
27873
26687
43643
44548
19694
20178
31573
16395
30771
45250
48542
47460
25391
37893
38351
41754
48161
25170
40881
46951
30493
33795
30981
38463
29247
42549
22686
28657
43454
36679
26495
36884
25693
25898
47043
36386
25090
20897
37384
47847
46740
37643
40350
37166
43840
26369
13247
29170
33267
44549
34858
39357
26688
20991
40256
48235
37456
46342
40882
39969
41059
44344
43534
21778
13190
43041
31574
42254
47157
20686
48543
37789
47044
28196
27874
26981
24778
48755
25899
39673
25694
16396
17097
48950
22389
41849
42050
47462
45844
41259
31500
25171
22687
43947
25091
37167
37561
45745
36750
33797
22258
27066
17595
31075
46343
28658
27270
1258
46647
44550
27469
33863
41060
31183
41663
26689
27370
40956
40452
14797
44421
45252
48438
35882
37966
36886
36077
37457
43841
37386
37256
28197
35168
42255
13191
43745
47463
25270
41756
26982
25695
21779
43535
40884
44040
30984
44846
39487
40754
45845
48951
42551
36968
27875
41260
46742
17098
19696
47159
22688
47046
42051
20899
29075
28590
39744
38162
44551
38745
33269
45156
37387
17871
29250
39359
32380
41061
38963
35883
34764
24779
41664
48439
28198
27271
35263
47464
20486
37897
25395
21393
42847
38835
45932
40885
16600
28070
39488
33799
48641
48165
42256
47160
39250
26372
27563
47047
31576
36752
39972
13192
45846
26983
36969
46743
36683
42751
48757
25271
46649
37169
37792
37388
40066
42552
29573
29251
40755
20900
36888
17099
44552
30559
37898
38163
27876
45157
47465
36079
41062
35884
39489
28199
33270
45254
38298
19697
22689
29860
40958
34765
45637
27971
26691
27168
46346
26373
14699
39745
17597
36391
35562
27471
24780
48546
23374
39973
28660
22392
37389
12399
46861
28592
14799
40454
44848
36753
41758
13193
34861
37899
27775
39490
41262
43044
38164
38356
44042
47162
20182
28200
46347
38965
42752
25272
27069
36392
41063
26374
33271
48238
41852
27877
25094
43161
22031
24499
37390
25698
26692
37171
47250
26787
30988
25398
36971
40888
47852
36754
35660
47467
48759
42258
39746
38165
24781
31578
41759
41263
46348
44554
48954
45158
40455
41176
45934
26099
45256
16991
13194
46958
37391
28469
45546
25174
29684
39679
41064
40068
27565
39557
42753
25399
27070
48548
17874
40889
44424
25699
47468
29474
40555
21782
46149
20183
37566
25095
39492
28594
32795
27878
35171
44349
25273
36972
36394
28974
30561
36755
38166
48760
19990
40659
35887
47051
26376
42259
36891
41264
47946
41177
37392
44555
28271
37796
41760
27473
45257
48955
45849
24782
33867
40355
47637
36687
30662
47469
40890
38967
46047
35661
31579
29078
48442
40456
29792
39493
34863
39363
41065
37173
34164
21899
40069
28595
31688
40758
42055
46350
25096
34569
33469
35267
25700
26377
39045
44350
37393
29254
17875
46747
25175
46865
36756
42850
27170
39681
27879
31080
41265
37261
47470
45160
40262
27375
47947
25274
27974
42260
26694
48956
38837
31580
27275
36396
42556
37972
39977
28596
37174
29863
46351
31689
44045
29176
33274
24783
26378
48443
22396
47855
40759
37798
40457
27072
39682
13196
38749
33567
43651
36974
46151
46748
36757
41266
47471
44557
30396
35048
41855
27880
48762
45936
40263
45161
31081
20186
41762
37463
48172
44852
28661
35173
48241
43955
27975
22693
41563
26379
37395
25275
38969
39683
30563
40893
31581
37175
28597
43540
27475
30664
47856
33275
26695
45549
47472
32386
28472
45358
35890
48551
23378
25098
44558
43652
33869
36758
27073
39749
42945
26791
40963
20187
40458
17293
26989
45162
44352
45260
35663
43048
37800
37396
29795
38169
37974
39979
48763
37570
41763
40894
27172
27881
42262
38750
46963
38970
39497
37464
38838
32799
41181
28598
37176
27568
41068
29688
35891
47347
25177
39366
22694
45851
44559
31582
38087
25276
46354
36759
27476
43541
48552
24785
25099
40358
13253
37397
41268
46869
36544
29999
47474
44353
40964
41672
23379
13198
19993
47858
39498
46964
37975
48764
44854
41764
27173
43049
38971
36400
48359
28599
42263
27882
36692
41565
26696
42559
37264
46355
40559
41069
39686
27278
46555
29689
25100
43848
44428
39367
47475
36760
36466
36977
39750
46751
38751
47056
35175
31583
41382
40761
45164
39499
34772
33871
46965
41269
41673
43542
47859
38171
36088
44354
43468
26382
17878
37976
35271
44048
45938
40965
40073
42059
29581
48649
46356
38089
37178
24786
28600
13199
47476
37399
34168
38972
40266
42264
27477
40460
41070
48176
44561
48960
48446
27883
21787
39500
43849
37265
32879
39982
36761
42854
44429
45263
29258
43469
27279
48554
31584
48244
30998
41270
27076
46357
36897
45165
29388
36694
49151
39688
33872
37400
33474
39258
17879
38752
20190
40762
37179
26992
22696
27570
25278
48650
38973
47173
41766
35666
35894
36979
24787
13200
41567
44562
40267
22034
42855
39983
27884
27175
48961
40461
36762
46358
48447
47058
47478
39369
41271
35177
28662
26795
43656
29259
48555
44430
31585
43960
37978
48245
20191
36898
37180
37651
26698
43850
39752
38974
39565
31085
36239
36980
45059
44857
25279
47479
38753
48363
46359
38840
42856
26385
34277
23382
30668
39690
42266
45363
40268
46558
46754
37267
27571
29692
27885
28278
38174
35667
27479
43657
27176
47745
34775
23899
48556
24788
47480
45167
46360
31586
42062
26994
36899
38975
46055
35053
44564
28982
40362
41768
43851
35179
36697
29869
45364
46969
45266
42267
36764
25280
41073
46559
34870
26699
43757
39049
38175
23383
38754
47481
30669
1264

39371
42177
31696
27886
33281
39692
34776
26859
46458
37268
37980
44358
45061
45941
46158
39986
48181
29262
36698
43962
36900
45853
38976
41188
26387
41861
47482
38841
36093
38554
45365
27177
42268
33875
42858
42178
46362
24291
41274
40363
36471
38095
40765
39754
44052
36549
48964
29870
40270
36983
46459
35898
34777
37269
27481
36699
39987
25281
29183
38755
44359
39568
47483
45942
29263
36766
41189
43054
47955
28279
27283
33478
28477
38977
40464
44432
20194
27982
21791
48654
41075
43177
44566
45169
41275
39262
42859
43660
38177
36472
30569
33575
47484
38372
37982
43853
40271
38555
35899
39373
40766
27888
35574
35670
39988
37654
27574
34778
39569
36095
34872
37270
44360
40971
42180
45367
30671
29184
20195
36767
45558
26389
17882
27080
48184
46758
42566
47485
47866
44433
42270
38373
44567
41276
40465
27983
35575
38178
46365
47063
27179
48966
45269
1266
48560
40272
42181
27889
45368
30570
34779
46461
40767
45855
47486
44361
43760
27483
48044
37271
38756
37655
26998
36243
46161
35671
48249
26390
46759
47749
41077
23386
41390
46366
35183
47957
35576
25283
39697
39756
43548
27081
39990
38099
41192
42182
47487
29697
47263
33285
32886
39375
36474
34581
45560
37187
45270
28986
29090
34780
27180
42067
13596
26999
46367
40768
46760
38980
48657
47868
13259
43855
30571
45172
42272
29873
37985
47958
38757
45370
43663
41278
35184
36769
41193
37473
25284
38376
39376
31091
43549
48968
40566
31591
44435
42862
37188
20198
27082
46368
46463
29091
44978
36475
35057
43966
34781
46666
21794
21485
24792
37582
47489
39699
46061
36988
45856
27000
35370
26392
46163
39991
35578
27181
33879
40769
45271
28282
46976
40367
42184
46565
48188
38181
45562
34383
41194
24295
44864
37986
47959
41956
26863
43856
41774
38758
39573
42863
38844
36770
46667
32398
20199
31592
39377
48563
31092
40567
39992
39700
44570
25186
34285
25285
43550
34782
40468
27287
40275
35579
44364
28283
47870
38378
42761
39758
45372
40770
38182
41195
46370
40368
24793
42185
27892
45857
42274
46465
45173
37987
27182
37190
41280
45272
41775
21795
38759
35371
29700
40673
43857
46063
45946
48564
35580
31593
48970
31093
46371
26394
34783
25286
43059
37475
41196
45373
42957
40276
40469
42186
45652
42070
37988
39994
37191
46466
30573
35787
44571
42275
45858
38845
44058
42762
27893
36991
36771
46669
48375
17887
46979
43666
41281
26865
38380
35474
30675
46372
38559
34877
26395
27183
29189
47961
23390
38184
38760
47067
45374
35187
36553
35581
16687
44366
41082
35675
25287
44438
46166
48192
48253
42071
45859
36247
42276
43485
26582
40470
46373
46065
40370
47752
18487
27894
36772
44059
41282
26396
29270
45375
48566
35475
29095
27085
45071
32891
37990
23391
46468
39858
39380
24795
27581
24298
38985
42188
36993
44367
27184
37277
48193
35582
38761
29190
47360
43486
46374
35789
35188
39577
47189
48048
31595
37477
38185
40278
28991
27489
40471
40570
29271
45860
43061
43859
41199
43553
41283
25288
27290
41579
34289
33883
36773
48662
37194
33291
40773
29593
37991
44060
47753
26867
45177
48567
27895
27394
47190
42189
46375
37661
46766
30575
30677
41084
44573
35583
34786
44368
27086
21798
24796
42867
40979
48049
39998
43669
41398
47657
42278
39270
31596
27582
44869
27185
45568
46470
41284
40472
37992
36774
43062
45861
26398
35061
27291
27990
44440
38384
46983
25289
48568
48379
43860
44061
35791
39999
38987
47754
41085
40372
27395
49065
48974
34787
44369
24797
27491
28664
16690
21799
44574
36556
47876
42765
40774
43489
46377
33365
48196
35678
34880
42279
29192
40280
35190
13264
25190
41285
45074
36775
34291
42074
38385
31597
45179
41689
48779
41491
40473
37479
45947
48664
44441
25290
45862
40373
29098
29595
46378
39383
45570
47071
34788
27396
27897
17891
45379
46472
37994
43861
43768
39272
45075
35191
44871
42075
36776
44575
41690
32895
41781
45277
42280
45180
28665
37281
37663
24798
40775
35679
40474
40573
46379
48570
45656
26870
46769
32599
39384
38764
13265
45863
46473
48976
47878
28994
29275
44371
45076
25291
43556
38189
21491
41960
44872
45278
41691
39580
1270
41287
37282
36483
45181
40282
46380
48052
47660
42870
31599
36777
45381
24799
47879
27398
46987
45572
43492
40776
26871
23395
37199
40574
37996
27089
43673
44372
43065
45769
27294
34790
43376
46172
28995
27899
26587
47196
48383
38190
46575
34692
27188
45864
33887
41288
38389
44873
38765
47880
39274
41494
41584
48200
43557
34883
35795
45279
25292
38991
27399
39862
40283
31600
49069
42871
37200
42282
48572
48053
29195
45078
44373
13266
39581
24800
40476
34791
27495
48782
46382
38191
27295
27900
40376
47881
47758
45865
27994
16694
27400
40984
41784
45383
38992
46476
37998
45079
33297
45949
32295
48573
42283
39275
28666
38391
26873
25293
46383
40477
35682
43864
36779
27496
40778
29196
42872
38192
48783
34792
41290
22042
41496
29279
44066
41091
1271
45866
47075
45080
46477
46773
46384
42079
35291
48574
34885
40478
25799
27497
42284
35683
39583
17895
25294
38767
35195
48669
41695
45281
43865
38193
34793
41291
29197
48980
40779
36780
34297
23398
37667
46478
44876
38000
44579
38994
40577
43068
47970
33985
40378
28998
35066
39766
48260
48575
40286
35799
46256
42198
43773
28668
45185
48387
35196
26875
49073
47664
44446
39389
45577
34794
41292
46386
42874
43560
44877
25195
27093
38567
27499
29198
36781
43069
21495
38995
33986
44068
39585
29885
40987
42769
43866
41697
47369
35483
48056
42286
40287
47885
40480
27192
39278
44377
47761
38768
28493
45578
48671
34795
45867
48982
32298
46387
44447
47077
27998
44878
42875
29283
45661
46776
43679
38996
16698
33987
27094
44069
40380
42287
37669
48057
46481
40481
25296
42082
39279
45084
38769
48672
41500
39391
41294
40685
34796
27193
39866
27999
42876
39587
47762
34398
37289
43868
38997
42771
28670
45580
40782
38396
29200
16699
36783
40989
33988
48578
42969
44070
44379
48390
45085
42288
40482
39392
13270
42083
25297
47371
40580
44582
48984
41295
35199
34797
47581
46389
43869
45869
45189
42772
36564
38998
36784
45391
38770
45086
48579
34889
40783
33989
17899
47974
38397
45285
39393
36258
40581
42586
45777
40483
13271
44449
46390
25298
45582
43870
26879
29888
48060
46779
41592
43777
47889
44583
29287
45392
48264
46484
45870
45473
37671
46999
44381
38771
34890
33990
36785
40991
42773
40784
45583
48675
34799
39282
35070
40291
43564
47373
33373
40484
43871
27097
13272
45286
47890
41792
25299
35487
48867
26595
43778
37491
44584
29889
48265
44382
42291
37293
27196
45584
41298
45871
39395
40992
33991
44073
45394
46264
42086
34800
33895
42774
43872
45192
47976
45089
47374
43565
18497
40785
41594
41793
42687
35071
13273
28299
25300
43779
37492
46689
44451
48582
47081
45585
34892
39283
49081
29890
41299
43873
33992
42087
45090
48988
37673
42775
40486
43685
47375
40192
41595
43566
46782
29291
38773
42293
45586
48583
47672
43874
35691
39770
45091
46081
47893
39397
33993
47082
48989
44075
45873
43686
40386
48678
41795
40294
47376
40487
47978
45587
36788
30587
48794
46488
42294
47894
43076
33375
34894
44886
27593
46391
44586
33898
33994
40995
29892
13275
45588
43687
41597
41796
40787
48065
45398
40295
46784
40488
47979
35073
40194
39772
47768
43876
45196
48585
44386
36569
42295
46693
36789
42777
43077
39399
45589
27594
40586
27100
37298
40996
33899
38775
48066
40489
27200
48680
40296
40195
29295
43877
45197
13276
45875
35693
46785
40788
38658
48586
42296
48269
42778
45590
44888
47083
42378
37299
38575
39774
35074
45400
42692
40490
33996
48992
41798
43878
44588
37675
44078
46695
42091
40196
38776
44686
48587
42297
45591
40789
35694
36499
29894
47770
45876
42779
28675
30693
43394
46085
45291
43784
40197
48993
33997
40491
34897
45592
46787
44079
46593
47380
48682
46492
44589
47982
29298
38777
35695
45097
45877
39599
46395
42780
39776
45200
47899
34898
47589
33998
45292
46493
40589
36266
39874
47381
42299
40299
45098
47983
48069
44590
43881
39600
40791
37677
29896
43396
45594
35696
47900
38778
46087
36793
45671
42781
44892
48070
40199
45099
42300
44391
36573
46494
40300
42094
36267
22047
45595
43882
43572
41973
35077
44591
40792
38661
34900
40697
39291
37678
35697
29897
40494
48591
45672
42782
44082
38779
40200
46596
48996
43787
45483
48685
44690
42095
13279
48072
46192
38863
43573
46089
45785
40393
35078
47774
42697
37679
42889
29898
46597
44083
43399
47088
45295
43788
48686
38780
40592
30697
40794
40394
39293
42384
44593
48074
48593
46399
46792
35699
43991
46598
47775
36270
42784
38663
45787
43789
45296
48687
36796
40593
40795
44594
46793
43575
29900
46599
44085
42785
39782
36271
43790
40396
39878
35499
42386
45675
45297
48077
48595
40594
36797
44396
44595
40796
43576
41977
38782
46600
39783
48078
40499
42786
49000
44898
39296
45488
37682
28678
42099
39879
44397
45676
45298
44596
43577
47778
47388
38783
46500
33385
44899
35082
48690
48080
39297
42787
44398
37683
47093
13282
45677
38583
47389
44900
40798
43578
48598
36274
39298
48691
47992
40399
42788
47094
40597
38666
41980
45491
36800
39881
48599
47993
44458
44400
40799
44089
45299
44597
47095
43794
46093
47597
13283
41981
40598
39786
42789
39299
35084
36580
45679
45300
44598
44288
47096
28682
43580
42897
43795
39300
43293
44599
45680
36581
37686
44289
45888
44600
43581
44091
44460
43894
47098
47782
42392
39788
36278
35086
44290
45889
47394
42792
44461
48696
44291
45682
46097
35087
45890
48887
41984
43798
45797
42793
43896
48697
45891
47396
37689
39789
35088
41985
43799
43584
13287
48698
43897
46099
47785
45892
48093
39790
37690
44464
42795
43585
42396
44294
47786
45893
28686
44465
37691
35090
43899
44295
43586
39792
42796
45894
45686
44466
47400
38673
42797
42398
45972
41989
44467
37693
39889
35092
45896
39794
43588
22051
42799
44298
37694
44468
43589
42400
44299
45689
42800
36288
39796
41992
45899
13292
35094
48896
44470
38676
47792
36289
45900
13293
41993
44471
35095
47793
45692
36290
13294
39798
38677
44472
39893
37698
43593
13295
41995
44473
35097
36292
1284
37699
38678
13296
44474
45695
36293
36596
47797
44475
38679
22056
35099
47798
1286
43596
13298
36295
38680
43597
41999
1287
44477
35100
36296
44478
36297
36600
44479
38682
39900
36299
43600
22059
36300
42499
38684
1290
42500
38685
38686
38687
44484
38890
38690
44487
38691
44488
1291
38894
44490
44491
38694
38695
44493
38696
44494
44495
44498
44499
38700
1904
22065
1295
1906
22067
1908
1910
1918
1921
1927
16811
1942
22091
16831
1946
16835
16855
16859
1950
1951
1954
1955
1959
1962
1963
1967
16879
16882
16883
1971
16892
1975
16897
1978
16899
1982
1987
1991
1999
4800
4801
4803
4804
4805
4806
4807
4808
4809
4811
4812
4813
4814
4815
4816
4817
4818
4819
4820
4821
4822
4823
4824
4825
4826
4828
4829
4832
4836
4837
4838
4839
4841
4846
4847
4850
4852
4853
4854
4856
4857
4860
4861
4862
4863
4886
4894
5503
5510
5518
5520
5524
5528
5532
5542
5544
5552
5554
5560
5564
5566
5568
5570
5571
5572
5574
5576
5577
5578
5582
5585
5589
5590
5593
5597
5600
5600
5601
5605
5608
5609
5613
5617
5618
5620
5621
5624
5625
5629
5663
5667
5679
5684
5685
5687
5698
