0 0 12 21
0 0 12 23
0 0 12 26
0 0 12 54
0 0 13 5
0 0 13 6
0 0 13 22
0 0 13 23
0 0 13 26
0 0 13 37
0 0 21 22
0 0 22 23
0 0 21 26
0 0 21 37
0 0 21 38
0 1 0 37
0 1 0 38
0 1 0 38
0 1 2 21
0 1 2 22
0 1 2 23
0 1 2 26
0 1 2 37
0 1 2 38
0 1 3 22
0 1 3 23
0 1 3 26
0 1 4 4
0 1 4 5
0 1 4 6
0 1 4 7
0 1 4 8
0 1 4 9
0 1 4 10
0 1 4 11
0 1 4 12
0 1 4 13
0 1 4 20
0 1 4 21
0 1 4 22
0 1 4 23
0 1 4 24
0 1 4 25
0 1 4 26
0 1 4 27
0 1 4 37
0 1 4 54
0 1 4 55
0 1 6 5
0 1 6 6
0 1 6 21
0 1 6 22
0 1 6 23
0 1 6 24
0 1 6 25
0 1 6 37
0 1 6 53
0 1 7 22
0 1 7 23
0 1 7 37
0 1 7 38
0 1 9 3
0 1 9 4
0 1 9 5
0 1 9 6
0 1 9 10
0 1 9 11
0 1 9 12
0 1 9 13
0 1 9 14
0 1 9 15
0 1 9 21
0 1 9 23
0 1 9 24
0 1 9 25
0 1 9 26
0 1 9 27
0 1 9 54
0 1 9 55
0 1 11 22
0 1 11 23
0 1 11 26
0 1 11 37
0 1 11 18
0 1 12 3
0 1 12 5
0 1 12 6
0 1 12 9
0 1 12 10
0 1 12 11
0 1 12 12
0 1 12 13
0 1 12 14
0 1 12 15
0 1 12 20
0 1 12 21
0 1 12 22
0 1 12 23
0 1 12 24
0 1 12 25
0 1 12 26
0 1 12 27
0 1 12 28
0 1 12 37
0 1 13 4
0 1 13 5
0 1 13 6
0 1 13 7
0 1 13 8
0 1 13 14
0 1 13 15
0 1 13 10
0 1 13 11
0 1 13 12
0 1 13 13
0 1 13 21
0 1 13 22
0 1 13 23
0 1 13 24
0 1 13 25
0 1 13 26
0 1 13 27
0 1 13 37
0 1 13 54
0 1 14 3
0 1 14 4
0 1 14 5
0 1 14 6
0 1 14 21
0 1 14 23
0 1 14 26
0 1 14 37
0 1 14 54
0 1 15 20
0 1 15 21
0 1 15 23
0 1 15 26
0 1 16 5
0 1 16 6
0 1 16 20
0 1 16 21
0 1 16 23
0 1 16 24
0 1 16 25
0 1 16 26
0 1 16 27
0 1 16 37
0 1 16 54
0 1 16 61
0 1 18 4
0 1 18 5
0 1 18 6
0 1 18 7
0 1 18 8
0 1 18 9
0 1 18 10
0 1 18 11
0 1 18 37
0 1 19 3
0 1 19 5
0 1 19 6
0 1 19 37
0 1 20 4
0 1 20 5
0 1 20 6
0 1 20 21
0 1 20 23
0 1 20 24
0 1 20 26
0 1 20 37
0 1 20 63
0 1 20 95
0 1 21 5
0 1 21 6
0 1 21 7
0 1 21 8
0 1 21 9
0 1 21 10
0 1 21 11
0 1 21 37
0 1 22 5
0 1 22 6
0 1 22 37

0 2 1 22
0 2 1 23
0 2 1 24
0 2 1 25
0 2 1 26
0 2 1 27
0 2 2 22
0 2 2 23
0 2 2 27
0 2 2 70
0 2 2 71
0 2 5 26
0 2 5 61
0 2 7 22
0 2 7 23
0 2 8 22 
0 2 8 23
0 2 8 26
0 2 9 22
0 2 9 23
0 2 11 22
0 2 11 23
0 2 12 14
0 2 12 22
0 2 12 23
0 2 14 22
0 2 14 23
0 2 15 22 
0 2 15 23
0 2 15 26
0 2 16 26
0 2 17 107
0 2 18 48
0 2 18 42
0 2 18 63
0 2 18 94
0 2 19 3
0 2 19 22
0 2 19 23
0 2 19 26
0 2 20 21
0 2 20 23
0 2 20 26
0 3 2 0
0 3 2 1 
0 3 2 2 
0 3 2 3
0 3 2 4
0 3 2 5
0 3 2 6
0 3 2 7
0 3 2 8
0 3 2 9
0 3 2 10
0 3 2 11 
0 3 2 12
0 3 2 13
0 3 2 14
0 3 2 15
0 3 2 20
0 3 2 21 
0 3 2 22 
0 3 2 23 
0 3 2 24
0 3 2 25
0 3 2 26
0 3 2 27
0 3 2 36
0 3 2 37
0 3 2 38
0 3 2 39 
0 3 2 40
0 3 2 41
0 3 2 42
0 3 2 43
0 3 2 44
0 3 2 45
0 3 2 46
0 3 2 47
0 3 2 48
0 3 2 49
0 3 2 50
0 3 2 50
0 3 2 51
0 3 2 52
0 3 2 53
0 3 2 54
0 3 2 55
0 3 2 56
0 3 2 57
0 3 2 58
0 3 2 59
0 3 4 22
0 3 4 23
0 3 4 38
0 3 4 79
0 3 4 82
0 3 4 84
0 3 4 86
0 3 4 89
0 3 4 90
0 3 4 91
0 3 4 93
0 3 4 111
0 3 5 21
0 3 5 22
0 3 5 26
0 3 5 27
0 3 5 35
0 3 5 40
0 3 5 79
0 3 6 4
0 3 6 5 
0 3 6 6
0 3 6 7 
0 3 6 8
0 3 6 9 
0 3 6 10
0 3 6 11
0 3 6 15
0 3 6 20
0 3 6 21
0 3 6 22
0 3 6 23
0 3 6 24
0 3 6 25
0 3 6 26
0 3 6 27
0 3 6 37
0 3 6 54
0 3 6 55
0 3 6 61
0 3 7 0
0 3 7 1
0 3 7 2
0 3 7 3
0 3 7 4
0 3 7 5
0 3 7 6
0 3 7 7
0 3 7 8
0 3 7 9
0 3 7 10
0 3 7 11
0 3 7 12
0 3 7 13
0 3 7 14
0 3 7 15
0 3 7 20
0 3 7 21
0 3 7 22
0 3 7 23
0 3 7 24
0 3 7 25
0 3 7 26
0 3 7 27
0 3 7 36
0 3 7 37
0 3 7 38 
0 3 7 39
0 3 7 40
0 3 7 41
0 3 7 42
0 3 7 43
0 3 7 44
0 3 7 45
0 3 7 46
0 3 7 47
0 3 7 53
0 3 7 54
0 3 7 55
0 3 7 56
0 3 7 57
0 3 7 58
0 3 7 59
0 3 8 38
0 3 8 94
0 3 9 7 
0 3 9 8
0 3 9 26
0 3 9 35
0 3 9 77
0 3 10 1
0 3 10 2
0 3 10 3
0 3 10 4
0 3 10 5
0 3 10 6
0 3 10 7
0 3 10 8
0 3 10 9
0 3 10 10
0 3 10 11
0 3 10 12
0 3 10 13
0 3 10 14
0 3 10 15
0 3 10 20
0 3 10 21
0 3 10 22
0 3 10 23
0 3 10 24
0 3 10 25
0 3 10 26
0 3 10 27
0 3 10 37
0 3 10 61
0 3 11 4
0 3 11 5
0 3 11 6
0 3 11 7
0 3 11 8
0 3 11 9
0 3 11 10
0 3 11 11
0 3 11 20
0 3 11 21
0 3 11 22
0 3 11 23
0 3 11 24
0 3 11 25
0 3 11 26
0 3 11 27
0 3 11 37
0 3 11 38
0 3 11 39
0 3 11 40
0 3 11 41
0 3 11 42
0 3 11 43
0 3 14 16
0 3 15 23
0 3 15 23
0 3 15 26
0 3 17 17
0 3 17 56
0 3 17 59
0 3 18 3
0 3 19 4
0 3 19 5
0 3 19 6
0 3 19 7
0 3 19 8
0 3 19 9
0 3 19 10
0 3 19 11
0 3 19 20
0 3 19 21
0 3 19 22
0 3 19 23
0 3 19 24
0 3 19 25 
0 3 19 37
0 3 19 54
0 3 19 55
0 3 23 5
0 3 23 6 
0 3 23 37
0 3 17 24 
0 3 17 25 
0 3 17 26
0 3 17 27
0 3 17 28
0 3 17 31
0 3 17 32
0 3 17 34 
0 3 17 35
0 4 1 3
0 4 1 35
0 4 2 21
0 4 2 22
0 4 2 23
0 4 2 25
0 4 2 26
0 4 2 51
0 4 2 52
0 4 2 61
0 4 4 65
0 4 4 66
0 4 4 69
0 4 4 74
0 4 4 76
0 4 4 77
0 4 4 78
0 4 4 79
0 4 4 80
0 4 4 81
0 4 4 82
0 4 4 83
0 4 4 93
0 4 5 22
0 4 5 23
0 4 5 24
0 4 5 27
0 4 6 1
0 4 6 2
0 4 6 3
0 4 6 4
0 4 6 5
0 4 6 6
0 4 6 7
0 4 6 8
0 4 6 9
0 4 6 10
0 4 6 11
0 4 6 12
0 4 6 13
0 4 6 14
0 4 6 21
0 4 6 22
0 4 6 23
0 4 6 24
0 4 6 25
0 4 6 37
0 4 6 53
0 4 6 54
0 4 10 21
0 4 10 22
0 4 10 23
0 4 10 24
0 4 10 25
0 4 11 5
0 4 11 6
0 4 11 7
0 4 11 8
0 4 11 9
0 4 11 10
0 4 11 11
0 4 11 12
0 4 11 14
0 4 11 21
0 4 11 22
0 4 11 23
0 4 11 24
0 4 11 25
0 4 11 26
0 4 11 37
0 4 14 21
0 4 14 22
0 4 14 23
0 4 14 24
0 4 14 25
0 4 14 26
0 4 14 27
0 4 14 54
0 4 14 55
0 4 14 61
0 4 15 21
0 4 15 22
0 4 15 23
0 4 15 24
0 4 15 25
0 4 15 26
0 4 18 62
0 4 18 95
0 4 18 113
0 4 18 114
0 4 18 117
0 4 18 119
0 4 18 126
0 4 18 127
0 4 19 1
0 4 19 26
0 4 20 21
0 4 20 22
0 4 20 23
0 4 20 24
0 4 20 25
0 4 20 26
0 4 20 27
0 4 20 58
0 4 20 59
0 4 20 96
0 4 22 0
0 4 22 1
0 4 22 2
0 4 22 3
0 4 22 4
0 4 22 5
0 4 22 6
0 4 22 7
0 4 22 8
0 4 22 9
0 4 22 10
0 4 22 11
0 4 22 12
0 4 22 13
0 4 22 14
0 4 22 21
0 4 22 22
0 4 22 23
0 4 22 24
0 4 22 25
0 4 22 26
0 4 22 27
0 4 22 35
0 4 22 37
0 4 22 44
0 4 22 45
0 4 22 46
0 4 22 57
0 4 22 58
0 4 22 59
0 4 22 61
0 4 23 21
0 4 23 22
0 4 23 23
0 4 23 24
0 4 23 25
0 4 23 26
0 5 2 6
0 5 2 10
0 5 2 21
0 5 2 22
0 5 2 23
0 5 2 26
0 5 2 37
0 5 2 38
0 5 2 61
0 5 3 20
0 5 3 21
0 5 3 22
0 5 3 23
0 5 3 24
0 5 3 25
0 5 3 26
0 5 3 27
0 5 3 54
0 5 3 55
0 5 3 58
0 5 3 59
0 5 4 5
0 5 4 8
0 5 4 21
0 5 4 22
0 5 4 23
0 5 4 27
0 5 4 35
0 5 4 37
0 5 4 38
0 5 6 34
0 5 7 1
0 5 7 2
0 5 7 3
0 5 7 4
0 5 7 5
0 5 7 6
0 5 7 7
0 5 7 8
0 5 7 9
0 5 7 10
0 5 7 11
0 5 7 12
0 5 7 13
0 5 7 14
0 5 7 15
0 5 7 20
0 5 7 21
0 5 7 22
0 5 7 23
0 5 7 24
0 5 7 25
0 5 7 26
0 5 7 27
0 5 7 37
0 5 7 54
0 5 7 55
0 5 7 61
0 5 8 26
0 5 8 61
0 5 9 2
0 5 9 4
0 5 9 5
0 5 9 8
0 5 9 9
0 5 9 10
0 5 9 11
0 5 9 12
0 5 9 13
0 5 9 14
0 5 9 21
0 5 9 22
0 5 9 23
0 5 9 24
0 5 9 25
0 5 9 27
0 5 9 37
0 5 9 42
0 5 9 43
0 5 9 44
0 5 9 45
0 5 9 46
0 5 9 55
0 5 9 56
0 5 9 57
0 5 9 58
0 5 9 66
0 5 10 0
0 5 10 1
0 5 10 2
0 5 10 3
0 5 10 4
0 5 10 5
0 5 10 6
0 5 10 7
0 5 10 8
0 5 10 9
0 5 10 10
0 5 10 11
0 5 10 12
0 5 10 13
0 5 10 14
0 5 10 20
0 5 10 21
0 5 10 22
0 5 10 23
0 5 10 24
0 5 10 25
0 5 10 27
0 5 10 37
0 5 10 54
0 5 10 55
0 5 10 56
0 5 10 58
0 5 10 59
0 5 11 2
0 5 11 6
0 5 11 10
0 5 11 21
0 5 11 22
0 5 11 23
0 5 11 26
0 5 11 37
0 5 11 38
0 5 14 4
0 5 14 5
0 5 14 6
0 5 14 7
0 5 14 8
0 5 14 20
0 5 14 21
0 5 14 22
0 5 14 23
0 5 14 24
0 5 14 25
0 5 14 26
0 5 14 27
0 5 14 35
0 5 14 37
0 5 14 38
0 5 14 40
0 5 14 41
0 5 14 42
0 5 14 54
0 5 14 55
0 5 14 59
0 5 15 20
0 5 15 21
0 5 15 22
0 5 15 23
0 5 15 24
0 5 15 25
0 5 15 26
0 5 15 48
0 5 16 61
0 5 17 0
0 5 17 1
0 5 17 32
0 5 18 2
0 5 18 21
0 5 18 52
0 5 18 54
0 5 18 92
0 5 19 20
0 5 19 21
0 5 19 22
0 5 19 23
0 5 19 24
0 5 19 25
0 5 19 27
0 5 19 54
0 5 19 55
0 5 20 21
0 5 20 22
0 5 20 23
0 5 20 24
0 5 20 26
0 5 22 5
0 5 22 6
0 5 22 7
0 5 22 8
0 5 22 9
0 5 22 10
0 5 22 11
0 5 22 12
0 5 22 13
0 5 22 14
0 5 22 37
0 5 23 5
0 5 23 6
0 6 3 3
0 6 4 82
0 6 4 93
0 6 4 94
0 6 5 11
0 6 5 31
0 6 5 39
0 6 5 38
0 6 5 37
0 6 5 42
0 6 5 77
0 6 5 79
0 6 5 80
0 6 5 82
0 6 5 83
0 6 6 2
0 6 6 16
0 6 6 18
0 6 6 22
0 6 6 40
0 6 6 42
0 6 6 43
0 6 6 44
0 6 6 79
0 6 6 122
0 6 6 124
0 6 6 125
0 6 7 22
0 6 7 23
0 6 7 26
0 6 7 81
0 6 9 35
0 6 9 36
0 6 9 39
0 6 10 15
0 6 10 53
0 6 10 22
0 6 10 23
0 6 14 11
0 6 14 17
0 6 14 22
0 6 14 23
0 6 14 24
0 6 14 26
0 6 14 50
0 6 14 51
0 6 14 52
0 6 14 54
0 6 14 55
0 6 14 56
0 6 14 57
0 6 15 23
0 6 15 21
0 6 16 21
0 6 17 18 
0 6 17 22
0 6 17 46
0 6 17 57
0 6 17 67
0 6 17 128
0 6 18 27
0 6 18 29
0 6 18 30
0 6 18 32
0 6 18 89
0 6 19 81
0 6 20 93
0 6 22 22
0 7 2 21
0 7 2 22
0 7 2 23
0 7 2 25
0 7 4 61
0 7 5 35
0 7 5 67
0 7 6 4
0 7 6 5
0 7 6 6
0 7 6 7
0 7 6 8
0 7 6 9
0 7 6 10
0 7 6 11
0 7 6 22
0 7 6 23
0 7 6 20
0 7 6 24
0 7 6 25
0 7 6 26
0 7 6 27
0 7 6 37
0 7 6 39
0 7 6 41
0 7 6 42
0 7 6 43
0 7 6 53
0 7 6 54
0 7 6 55
0 7 6 56
0 7 6 58
0 7 6 59
0 7 6 61
0 7 7 20
0 7 7 21
0 7 7 22
0 7 7 23
0 7 7 24
0 7 7 25
0 7 7 26
0 7 7 27
0 7 7 54
0 7 7 55
0 7 9 40
0 7 9 47
0 7 9 58
0 7 9 67
0 7 10 1
0 7 10 2
0 7 10 4
0 7 10 5
0 7 10 6
0 7 10 7
0 7 10 8
0 7 10 9
0 7 10 10
0 7 10 11
0 7 10 12
0 7 10 13
0 7 10 14
0 7 10 15
0 7 10 20
0 7 10 21
0 7 10 22
0 7 10 23
0 7 10 24
0 7 10 25
0 7 10 26
0 7 10 27
0 7 10 41
0 7 10 42
0 7 10 43
0 7 10 44
0 7 10 45
0 7 10 46
0 7 10 47
0 7 10 53
0 7 10 54
0 7 10 55
0 7 10 56
0 7 10 57
0 7 10 58
0 7 10 59
0 7 11 4
0 7 11 5
0 7 11 6
0 7 11 7
0 7 11 8
0 7 11 9
0 7 11 10
0 7 11 21
0 7 11 22
0 7 11 23
0 7 11 24
0 7 11 25
0 7 11 26
0 7 11 35
0 7 11 36
0 7 11 37
0 7 11 38
0 7 11 43
0 7 11 58
0 7 11 59
0 7 14 4
0 7 14 5
0 7 14 6
0 7 14 7
0 7 14 8
0 7 14 9
0 7 14 10
0 7 14 20
0 7 14 21
0 7 14 22
0 7 14 23
0 7 14 24
0 7 14 25
0 7 14 26
0 7 14 27
0 7 14 37
0 7 14 39
0 7 14 56
0 7 14 59
0 7 14 61
0 7 15 21
0 7 15 22
0 7 15 23
0 7 15 24
0 7 15 25
0 7 15 26
0 7 15 27
0 7 15 48
0 7 15 54
0 7 15 60
0 7 15 61
0 7 15 80
0 7 20 21
0 7 20 22
0 7 20 23
0 7 20 24
0 7 20 25
0 7 20 26
0 7 20 27
0 7 20 54
0 7 20 55
0 7 22 20
0 7 22 21
0 7 22 22
0 7 22 23
0 7 22 24
0 7 22 25
0 7 22 26
0 7 22 27
0 7 22 53
0 7 22 55
0 7 22 58
0 7 22 59
0 7 22 123
1 0 14 16
1 0 14 17
1 0 14 18
1 0 14 19
1 0 14 20
1 0 14 21
1 0 14 22
1 0 14 23
1 0 14 24
1 0 14 25
1 0 14 26
1 0 14 27
1 0 14 28
1 0 14 29
1 0 14 30
1 0 14 31
1 0 14 48
1 0 14 49
1 0 14 50
1 0 14 51
1 0 14 52
1 0 14 53
1 0 14 54
1 0 14 55
1 0 14 56
1 0 14 57
1 0 14 58
1 0 14 59
1 0 14 60
1 0 14 61
1 0 14 62
1 0 14 63
1 0 14 80
1 0 14 81
1 0 14 82
1 0 14 83
1 0 14 84
1 0 14 85
1 0 14 86
1 0 14 87
1 0 14 88
1 0 14 89
1 0 14 90
1 0 14 91
1 0 14 92
1 0 14 93
1 0 14 94
1 0 14 95
1 0 14 112
1 0 14 113
1 0 14 114
1 0 14 115
1 0 14 116
1 0 14 117
1 0 14 118
1 0 14 119
1 0 14 120
1 0 14 121
1 0 14 122
1 0 14 124
1 0 14 125
1 0 14 126
1 0 14 127
1 2 18 19
1 2 18 21
1 2 18 56
1 3 5 35
1 4 4 77
1 4 4 78
1 4 5 95
1 4 13 3
1 4 13 35
1 4 13 61
1 4 13 93
1 4 13 94
1 5 4 3
1 5 4 6
1 5 5 84
1 5 9 26
1 5 18 93
1 5 21 52
1 6 4 26
1 6 5 92




