0 0 12 1
0 0 12 31
0 0 13 61
0 0 14 27
0 0 17 31
0 0 19 31
0 0 19 95
0 0 20 9
0 0 20 41
0 0 20 73
0 0 20 74
0 0 21 15
0 0 22 51
0 1 4 81
0 1 5 19
0 1 5 21
0 1 5 26
0 1 5 51
0 1 5 61
0 1 9 61
0 1 11 62
0 1 11 94
0 1 11 95
0 1 6 31
0 1 8 126
0 1 11 30
0 1 12 31
0 1 13 3
0 1 15 6
0 1 15 7
0 1 15 8
0 1 15 9
0 1 15 10
0 1 15 11
0 1 15 12
0 1 15 13
0 1 15 14
0 1 15 15
0 1 16 28
0 1 16 29
0 1 16 30
0 1 16 31
0 1 16 64
0 1 17 19
0 1 17 21
0 1 20 31
0 1 23 0
0 1 23 32
0 2 5 3
0 2 1 3
0 2 1 35
0 2 1 61
0 2 1 93
0 2 1 94
0 2 1 125
0 2 2 26
0 2 2 93
0 2 3 13
0 2 5 18
0 2 5 21
0 2 5 22 
0 2 5 51
0 2 5 94
0 2 7 44
0 2 7 76
0 2 11 44
0 2 12 23
0 2 12 44
0 2 12 45
0 2 12 46
0 2 12 61
0 2 12 93
0 2 12 94
0 2 14 31
0 2 15 93
0 2 17 3
0 2 17 26
0 2 17 61
0 2 18 3
0 2 17 6
0 2 17 7
0 2 17 5
0 2 17 10
0 2 17 14
0 2 18 14
0 2 18 15
0 2 18 19
0 2 18 23
0 2 18 35
0 2 18 39
0 2 18 51
0 2 18 52
0 2 18 61
0 2 18 88
0 2 19 35
0 3 2 35
0 3 3 42
0 3 3 74
0 3 3 75
0 3 4 31
0 3 4 61
0 3 4 94
0 3 5 3
0 3 5 19
0 3 5 51
0 3 5 52
0 3 5 61
0 3 5 67
0 3 5 94
0 3 9 3
0 3 9 55
0 3 9 93
0 3 9 94
0 3 9 125
0 3 11 46
0 3 12 13
0 3 13 3
0 3 13 31
0 3 13 26
0 3 13 61
0 3 14 3
0 3 14 26
0 3 15 28
0 3 15 29
0 3 17 3
0 3 17 13
0 3 17 16
0 3 17 18 
0 3 17 19
0 3 17 20
0 3 17 21
0 3 17 52
0 3 17 53
0 3 17 61
0 3 17 62 
0 3 17 63
0 3 17 93
0 3 17 94
0 3 18 11
0 3 18 19
0 3 18 26
0 3 18 33
0 3 18 51
0 3 18 52
0 3 18 64
0 3 19 26
0 3 19 27
0 3 19 93
0 3 19 94
0 3 20 20
0 3 20 21
0 3 20 22
0 3 20 23
0 3 20 24
0 3 20 25 
0 3 20 26
0 3 21 74
0 3 22 37
0 3 22 38
0 4 0 3
0 4 0 35
0 4 3 35
0 4 4 3
0 4 4 26
0 4 4 35
0 4 4 61
0 4 4 67
0 4 4 68
0 4 4 94
0 4 5 3
0 4 5 19
0 4 5 20
0 4 5 21
0 4 5 25
0 4 5 26
0 4 5 35
0 4 5 51
0 4 5 52
0 4 5 61
0 4 5 84
0 4 5 93
0 4 5 94
0 4 5 92
0 4 5 125
0 4 6 26
0 4 6 61
0 4 6 93
0 4 6 94
0 4 9 3
0 4 9 26
0 4 9 35
0 4 9 61
0 4 9 93
0 4 9 94
0 4 10 26
0 4 10 61
0 4 12 3
0 4 12 36
0 4 12 68
0 4 12 93
0 4 12 94
0 4 12 100
0 4 13 3
0 4 13 5
0 4 13 7
0 4 13 4
0 4 13 8
0 4 13 9
0 4 13 16
0 4 13 26
0 4 13 35
0 4 13 61
0 4 13 93
0 4 13 94
0 4 13 125
0 4 14 3
0 4 14 35 
0 4 14 40
0 4 14 41
0 4 15 14
0 4 17 3
0 4 17 26
0 4 17 35
0 4 17 61
0 4 17 93
0 4 17 94
0 4 18 3
0 4 18 4
0 4 18 5
0 4 18 6
0 4 18 7
0 4 18 8
0 4 18 9
0 4 18 16
0 4 18 20
0 4 18 21
0 4 18 22
0 4 18 23
0 4 18 25
0 4 18 26
0 4 18 27
0 4 18 30
0 4 18 32
0 4 18 35
0 4 18 36
0 4 18 37
0 4 18 39
0 4 18 42
0 4 18 47
0 4 18 56
0 4 18 60
0 4 18 61
0 4 18 63
0 4 18 66
0 4 18 67
0 4 18 69
0 4 18 70
0 4 18 78
0 4 18 79
0 4 18 80
0 4 18 82
0 4 18 83
0 4 18 93
0 4 18 94
0 4 18 125
0 4 19 0
0 4 19 3
0 4 19 4
0 4 19 14
0 4 19 15
0 4 19 35
0 4 20 37
0 4 20 64
0 5 0 2
0 5 1 3
0 5 2 6
0 5 2 10
0 5 2 16
0 5 2 44
0 5 2 45
0 5 2 92
0 5 2 93
0 5 3 2
0 5 3 34
0 5 3 35
0 5 3 61
0 5 3 93
0 5 3 94
0 5 4 3
0 5 4 6
0 5 4 11
0 5 4 24
0 5 4 25
0 5 4 26
0 5 4 45
0 5 4 46
0 5 4 47
0 5 4 48
0 5 4 49
0 5 4 51
0 5 4 56
0 5 4 57
0 5 4 59
0 5 4 61
0 5 4 93
0 5 4 94
0 5 4 125
0 5 4 126
0 5 5 3
0 5 5 33
0 5 5 35
0 5 5 45
0 5 5 47
0 5 5 65
0 5 5 66
0 5 5 67
0 5 5 111
0 5 6 3
0 5 6 26
0 5 6 35
0 5 6 61
0 5 6 93
0 5 6 94
0 5 7 80
0 5 8 93
0 5 8 94
0 5 9 1
0 5 9 3
0 5 9 6
0 5 9 7
0 5 9 26
0 5 9 35
0 5 9 47
0 5 9 48
0 5 9 61
0 5 9 85
0 5 9 93
0 5 9 94
0 5 9 125
0 5 9 126
0 5 9 127
0 5 10 26
0 5 10 61
0 5 10 62
0 5 10 93
0 5 10 94
0 5 12 2
0 5 12 3
0 5 12 4
0 5 12 26
0 5 12 34
0 5 12 35
0 5 12 37
0 5 12 43
0 5 12 67
0 5 12 69
0 5 12 93
0 5 12 94
0 5 12 99
0 5 12 101
0 5 13 0
0 5 13 1
0 5 13 3
0 5 13 25
0 5 13 26
0 5 13 28
0 5 13 29
0 5 13 30
0 5 13 32
0 5 13 35
0 5 13 61
0 5 13 62
0 5 13 93
0 5 13 94
0 5 14 3
0 5 14 9
0 5 14 10
0 5 14 11
0 5 14 17
0 5 14 18
0 5 14 19
0 5 14 45
0 5 14 49
0 5 14 61
0 5 14 93
0 5 14 94
0 5 14 125
0 5 15 61
0 5 15 93
0 5 15 94
0 5 16 93
0 5 16 94
0 5 17 3
0 5 17 16
0 5 17 26
0 5 17 31
0 5 17 35
0 5 17 61
0 5 17 93
0 5 17 94
0 5 18 1
0 5 18 3
0 5 18 4
0 5 18 6
0 5 18 7
0 5 18 9
0 5 18 26
0 5 18 32
0 5 18 33
0 5 18 35
0 5 18 38
0 5 18 40
0 5 18 41
0 5 18 42
0 5 18 51
0 5 18 53
0 5 18 61
0 5 18 93
0 5 18 94
0 5 18 125
0 5 19 3
0 5 19 26
0 5 19 61
0 5 19 93
0 5 19 94
0 5 20 3
0 5 20 68
0 5 20 100
0 5 21 3
0 5 22 0
0 5 23 16
0 5 23 17
0 5 23 18
0 5 23 19
0 5 23 20
0 5 23 21
0 5 23 22
0 5 23 23
0 5 23 24
0 5 23 25
0 5 23 26
0 5 23 27
0 5 23 28
0 5 23 29
0 5 23 30
0 5 23 31
0 5 23 37
0 5 23 48
0 5 23 49
0 5 23 50
0 5 23 51
0 5 23 52
0 5 23 53
0 5 23 54
0 5 23 55
0 5 23 56
0 5 23 57
0 5 23 58
0 5 23 59
0 5 23 60
0 5 23 61
0 5 23 62
0 5 23 63
0 5 23 80
0 5 23 81
0 5 23 82
0 5 23 83
0 5 23 84
0 5 23 85
0 5 23 86
0 5 23 87
0 5 23 88
0 5 23 89
0 5 23 90
0 5 23 91
0 5 23 92
0 5 23 93
0 5 23 94
0 5 23 95
0 5 23 112
0 5 23 113
0 5 23 114
0 5 23 115
0 5 23 116
0 5 23 117
0 5 23 118
0 5 23 119
0 5 23 120
0 5 23 121
0 5 23 122
0 5 23 123
0 5 23 124
0 5 23 125
0 5 23 126
0 5 23 127
0 6 1 3
0 6 3 35
0 6 4 5
0 6 4 13
0 6 4 15
0 6 4 26
0 6 4 35
0 6 4 45
0 6 4 46
0 6 4 57
0 6 4 61
0 6 4 65
0 6 4 77
0 6 4 78
0 6 4 81
0 6 4 94
0 6 4 110
0 6 4 109
0 6 5 3
0 6 5 14
0 6 5 15
0 6 5 19
0 6 5 21
0 6 5 22
0 6 5 25
0 6 5 26
0 6 5 35
0 6 5 36
0 6 5 51
0 6 5 52
0 6 5 61
0 6 5 84
0 6 5 92
0 6 5 93
0 6 5 94
0 6 5 116
0 6 5 125
0 6 6 3
0 6 6 8
0 6 6 26
0 6 6 35
0 6 6 46
0 6 6 47
0 6 6 58
0 6 6 61
0 6 6 82 
0 6 6 82
0 6 6 83
0 6 6 93
0 6 6 94
0 6 7 61
0 6 7 93
0 6 7 94
0 6 8 64
0 6 9 3
0 6 9 13
0 6 9 14
0 6 9 20
0 6 9 26
0 6 9 28
0 6 9 30
0 6 9 31
0 6 9 35
0 6 9 61
0 6 9 93
0 6 9 94
0 6 10 7
0 6 10 26
0 6 10 62
0 6 10 93
0 6 10 94
0 6 10 125
0 6 11 61
0 6 11 93
0 6 11 94
0 6 13 3
0 6 13 26
0 6 13 33
0 6 13 35
0 6 13 50
0 6 13 61
0 6 13 125
0 6 14 3
0 6 14 19
0 6 14 16
0 6 14 35
0 6 16 31
0 6 16 93
0 6 16 94
0 6 17 0
0 6 17 3
0 6 17 13
0 6 17 16
0 6 17 17 
0 6 17 20
0 6 17 35
0 6 17 13
0 6 17 17 
0 6 17 20
0 6 17 44
0 6 17 58
0 6 17 59
0 6 17 60
0 6 17 61
0 6 17 93
0 6 17 94
0 6 17 125
0 6 18 3
0 6 18 19
0 6 18 21
0 6 18 26
0 6 18 35
0 6 18 46
0 6 18 47
0 6 18 49
0 6 18 50
0 6 18 51
0 6 18 52
0 6 18 61
0 6 18 66
0 6 18 67
0 6 18 76
0 6 18 84
0 6 18 92
0 6 18 93
0 6 18 94
0 6 18 96
0 6 18 97
0 6 18 98
0 6 18 99
0 6 18 100
0 6 18 101
0 6 18 102
0 6 18 103
0 6 18 104
0 6 18 105
0 6 18 106
0 6 18 111
0 6 18 112
0 6 18 113
0 6 18 114
0 6 18 115
0 6 18 116
0 6 18 117
0 6 18 118
0 6 18 119
0 6 18 120
0 6 18 121
0 6 18 124
0 6 18 125
0 6 18 126 
0 6 18 127
0 6 19 0
0 6 19 1
0 6 19 2
0 6 19 3
0 6 19 11
0 6 19 12
0 6 19 16
0 6 19 17
0 6 19 19 
0 6 19 26
0 6 19 35
0 6 19 41
0 6 19 45
0 6 19 61
0 6 19 67
0 6 19 93
0 6 19 94
0 6 20 15
0 6 20 22
0 6 20 23
0 6 21 20
0 6 21 26
0 6 22 94
0 6 22 93
0 6 22 125
0 6 23 3
0 7 0 8
0 7 0 9
0 7 2 61
0 7 2 87
0 7 3 68
0 7 4 18
0 7 4 21
0 7 4 22
0 7 4 23
0 7 4 24
0 7 4 83
0 7 4 93
0 7 4 94
0 7 5 0
0 7 5 3
0 7 5 41
0 7 5 42
0 7 8 10
0 7 8 11
0 7 8 26
0 7 8 35
0 7 8 61
0 7 8 64
0 7 8 65
0 7 8 70
0 7 8 71
0 7 8 72
0 7 8 73  
0 7 8 74
0 7 8 75
0 7 8 78
0 7 8 79
0 7 8 90
0 7 8 91
0 7 8 93
0 7 8 94
0 7 8 99
0 7 8 100 
0 7 8 103
0 7 8 104
0 7 8 109
0 7 8 111
0 7 8 112
0 7 8 113
0 7 8 114
0 7 8 121
0 7 8 124
0 7 9 2
0 7 9 3
0 7 9 20
0 7 9 26
0 7 9 35
0 7 9 61
0 7 9 93
0 7 9 94
0 7 9 125
0 7 10 3
0 7 10 35
0 7 10 61
0 7 10 93
0 7 10 94
0 7 13 5
0 7 13 6
0 7 13 26
0 7 13 93
0 7 13 94
0 7 14 93
0 7 14 94
0 7 16 17
0 7 16 68
0 7 17 19
0 7 17 21
0 7 17 26
0 7 17 51
0 7 17 52
0 7 17 76
0 7 17 93
0 7 17 94
0 7 17 125
0 7 20 80
0 7 23 26
0 7 23 61
1 0 6 0
1 0 6 1
1 0 18 3
1 0 20 22
1 0 20 54
1 0 23 32
1 0 23 38
1 1 1 16
1 1 1 17
1 1 1 18
1 1 1 19
1 1 1 20
1 1 1 21
1 1 1 22
1 1 1 23
1 1 1 24
1 1 1 25
1 1 1 26
1 1 1 27
1 1 1 28 
1 1 1 29
1 1 1 30
1 1 1 31
1 1 1 48
1 1 1 49
1 1 1 50
1 1 1 51
1 1 1 52
1 1 1 53
1 1 1 54
1 1 1 55
1 1 1 56
1 1 1 57
1 1 1 58
1 1 1 59
1 1 1 60
1 1 1 61
1 1 1 62
1 1 1 63
1 1 1 80
1 1 1 81
1 1 1 82
1 1 1 83
1 1 1 84
1 1 1 85
1 1 1 86
1 1 1 87
1 1 1 88
1 1 1 89
1 1 1 90
1 1 1 91
1 1 1 92
1 1 1 93
1 1 1 94
1 1 1 95
1 1 1 112
1 1 1 113
1 1 1 114
1 1 1 115
1 1 1 116
1 1 1 117
1 1 1 118
1 1 1 119
1 1 1 120
1 1 1 121
1 1 1 122
1 1 1 124
1 1 1 125
1 1 1 126
1 1 1 127
1 1 3 80
1 1 5 19
1 1 5 21
1 1 5 26
1 1 5 52
1 1 12 4
1 1 12 36
1 1 12 69
1 1 12 100
1 1 16 15
1 1 18 3
1 1 18 19
1 1 18 21
1 1 18 51
1 1 18 52
1 1 18 61
1 1 19 26
1 1 19 61
1 2 2 123
1 2 4 3
1 2 4 35
1 2 4 125
1 2 5 51
1 2 5 52
1 2 8 93
1 2 9 3
1 2 9 26
1 2 9 35
1 2 10 26
1 2 10 61
1 2 10 93
1 2 10 94
1 2 12 26
1 2 12 94
1 2 13 26
1 2 13 61
1 2 13 92
1 2 13 93
1 2 13 94
1 2 14 3
1 2 14 35
1 2 14 125
1 2 15 94
1 2 16 26
1 2 17 26
1 2 17 62
1 2 17 93
1 2 17 94
1 2 18 3
1 2 18 26
1 2 18 35
1 2 18 61
1 2 19 3
1 2 19 26
1 2 19 35
1 2 22 16 
1 2 22 17
1 2 22 18
1 2 22 19
1 2 22 20
1 2 22 21
1 2 22 22
1 2 22 23
1 2 22 24
1 2 22 25
1 2 22 26
1 2 22 27
1 2 22 28
1 2 22 29
1 2 22 30
1 2 22 31
1 2 22 48
1 2 22 49
1 2 22 50
1 2 22 51
1 2 22 52
1 2 22 53
1 2 22 54
1 2 22 55
1 2 22 56
1 2 22 57
1 2 22 58
1 2 22 59
1 2 22 60
1 2 22 61 
1 2 22 62
1 2 22 63
1 2 22 80
1 2 22 81
1 2 22 82
1 2 22 83
1 2 22 84
1 2 22 85
1 2 22 86
1 2 22 87
1 2 22 88
1 2 22 89
1 2 22 90
1 2 22 91
1 2 22 92
1 2 22 93
1 2 22 94
1 2 22 95
1 2 22 112
1 2 22 113
1 2 22 114
1 2 22 115
1 2 22 116
1 2 22 117
1 2 22 118
1 2 22 119
1 2 22 120
1 2 22 121
1 2 22 122
1 2 22 123
1 2 22 124
1 2 22 125
1 2 22 126
1 2 22 127 
1 3 4 3
1 3 4 26
1 3 4 35
1 3 4 61
1 3 4 107
1 3 4 123
1 3 6 3
1 3 6 61
1 3 6 93
1 3 6 94
1 3 9 3
1 3 9 26
1 3 9 35
1 3 9 61
1 3 9 93
1 3 9 94
1 3 9 125
1 3 10 3
1 3 10 26
1 3 10 31 
1 3 11 26
1 3 12 26
1 3 12 35
1 3 12 61
1 3 12 63 
1 3 12 93
1 3 12 94
1 3 12 125
1 3 13 3
1 3 13 26
1 3 13 35
1 3 13 61
1 3 13 65
1 3 13 93
1 3 13 94
1 3 13 125
1 3 14 3
1 3 14 26
1 3 14 35
1 3 14 61
1 3 14 93
1 3 14 94
1 3 14 125
1 3 15 3
1 3 15 26
1 3 15 35
1 3 15 61
1 3 15 93
1 3 15 94
1 3 16 3
1 3 16 26
1 3 16 35
1 3 16 61
1 3 16 93 
1 3 16 94
1 3 16 125
1 3 17 3
1 3 17 26
1 3 17 35
1 3 17 61
1 3 17 93
1 3 17 94
1 3 17 125
1 3 18 3
1 3 18 35
1 3 19 3
1 3 19 26
1 3 19 35
1 3 19 61
1 3 19 93
1 3 19 94
1 3 20 3 
1 3 20 26
1 3 20 35
1 3 20 61
1 3 20 93
1 3 20 94
1 3 20 125
1 3 21 3
1 3 21 35
1 3 22 3
1 3 22 35
1 3 23 0 
1 3 23 1
1 3 23 2
1 3 23 3
1 3 23 4
1 3 23 5
1 3 23 6
1 3 23 7
1 3 23 8
1 3 23 9
1 3 23 10
1 3 23 11
1 3 23 12
1 3 23 13
1 3 23 14
1 3 23 15
1 3 12 19
1 3 23 26
1 3 23 32
1 3 23 33
1 3 23 34
1 3 23 35
1 3 23 36
1 3 23 37
1 3 23 38
1 3 23 39
1 3 23 40
1 3 23 41
1 3 23 42
1 3 23 43
1 3 23 44
1 3 23 45
1 3 23 46
1 3 23 47
1 3 23 51
1 3 23 61
1 3 23 64
1 3 23 65
1 3 23 66
1 3 23 67
1 3 23 68
1 3 23 69
1 3 23 70
1 3 23 71
1 3 23 72
1 3 23 73
1 3 23 74
1 3 23 75
1 3 23 76
1 3 23 77
1 3 23 78
1 3 23 79
1 3 23 93
1 3 23 94
1 3 23 96
1 3 23 97
1 3 23 98
1 3 23 99
1 3 23 100
1 3 23 101
1 3 23 102
1 3 23 103
1 3 23 104
1 3 23 105
1 3 23 106
1 3 23 107
1 3 23 108
1 3 23 109
1 3 23 110
1 3 23 111
1 3 23 114 
1 3 23 126
1 4 0 3
1 4 0 35
1 4 1 93
1 4 1 94
1 4 4 3
1 4 4 26
1 4 4 35
1 4 4 61
1 4 4 65
1 4 4 66
1 4 5 3
1 4 5 19
1 4 5 21
1 4 5 26
1 4 5 35
1 4 5 51
1 4 5 52
1 4 5 61
1 4 5 67
1 4 5 84
1 4 5 92
1 4 5 93
1 4 5 94
1 4 6 3
1 4 6 26
1 4 6 61
1 4 6 93
1 4 6 94
1 4 6 35
1 4 7 3
1 4 10 3
1 4 10 26
1 4 10 35
1 4 10 61
1 4 10 93
1 4 10 94
1 4 12 31
1 4 12 64
1 4 12 93
1 4 12 94
1 4 12 125
1 4 13 26
1 4 14 3
1 4 14 26
1 4 14 35
1 4 16 26
1 4 16 61
1 4 16 93
1 4 16 94
1 4 17 3
1 4 17 26
1 4 17 35
1 4 17 61
1 4 17 93
1 4 17 94
1 4 17 125
1 4 18 3
1 4 18 19
1 4 18 21
1 4 18 26
1 4 18 35
1 4 18 51
1 4 18 52
1 4 18 61
1 4 18 84
1 4 18 92
1 4 18 93
1 4 18 94
1 4 18 114
1 4 18 116 
1 4 18 125
1 4 19 3
1 4 19 18
1 4 19 26
1 4 19 35
1 4 19 61
1 4 19 125
1 4 20 3
1 4 20 35
1 4 20 61
1 4 20 93
1 4 20 94
1 4 21 3
1 4 21 26
1 4 21 35
1 4 21 61
1 4 21 93
1 4 21 94
1 4 21 125
1 4 22 3
1 4 22 26
1 4 22 35
1 4 22 61
1 4 22 93
1 4 22 94
1 4 23 3
1 4 23 35
1 5 0 3
1 5 0 35
1 5 0 64
1 5 1 3
1 5 1 35
1 5 2 3
1 5 2 19
1 5 2 21
1 5 2 26
1 5 2 35
1 5 2 93
1 5 2 94
1 5 2 125
1 5 3 61
1 5 3 93
1 5 3 94
1 5 3 125
1 5 4 26
1 5 4 35
1 5 4 61
1 5 4 93
1 5 4 94
1 5 4 125
1 5 5 3
1 5 5 19
1 5 5 21
1 5 5 26
1 5 5 35
1 5 5 51
1 5 5 52
1 5 5 61
1 5 5 66
1 5 5 92
1 5 5 93
1 5 5 94
1 5 5 114
1 5 5 115
1 5 6 3
1 5 6 26
1 5 6 61
1 5 6 84
1 5 6 93
1 5 6 94
1 5 8 3
1 5 8 26
1 5 8 61
1 5 8 125
1 5 9 3
1 5 9 35
1 5 9 61
1 5 9 93
1 5 9 94
1 5 9 125
1 5 10 3
1 5 10 26
1 5 10 35
1 5 10 61
1 5 12 26
1 5 12 27
1 5 12 31
1 5 12 61
1 5 13 3
1 5 13 4
1 5 13 26
1 5 13 35
1 5 13 36
1 5 13 61
1 5 14 3
1 5 14 26
1 5 14 35
1 5 14 61
1 5 14 93
1 5 14 94
1 5 14 125
1 5 15 125
1 5 16 26
1 5 16 93
1 5 16 94
1 5 17 3
1 5 17 26
1 5 17 35
1 5 17 61
1 5 17 93
1 5 17 94
1 5 18 3
1 5 18 26
1 5 18 35
1 5 18 51
1 5 18 61
1 5 18 81
1 5 18 94
1 5 18 116
1 5 18 117
1 5 18 118
1 5 18 124
1 5 18 125
1 5 19 3
1 5 19 26
1 5 19 35
1 5 19 61
1 5 19 62
1 5 19 93
1 5 19 94
1 5 19 95
1 5 19 125
1 5 20 35
1 5 22 3
1 5 22 35
1 6 0 3
1 6 0 35
1 6 1 3
1 6 1 26
1 6 1 35
1 6 1 93
1 6 1 94
1 6 1 125
1 6 2 3
1 6 2 35
1 6 2 61
1 6 2 93
1 6 3 3
1 6 3 93
1 6 3 94
1 6 4 3
1 6 4 35
1 6 4 61
1 6 4 93
1 6 4 94
1 6 3 125
1 6 5 3
1 6 5 19
1 6 5 21
1 6 5 26
1 6 5 36
1 6 5 52
1 6 5 61
1 6 5 93
1 6 5 94
1 6 5 114
1 6 6 3
1 6 6 26
1 6 6 35
1 6 6 61
1 6 6 93
1 6 6 94
1 6 7 35
1 6 9 3
1 6 9 26
1 6 9 35
1 6 9 61
1 6 9 77
1 6 9 78
1 6 9 82
1 6 9 93
1 6 9 94
1 6 10 26
1 6 10 31
1 6 10 61
1 6 10 93
1 6 10 94
1 6 11 26
1 6 11 93
1 6 11 94
1 6 12 26
1 6 12 61
1 6 12 93
1 6 12 94
1 6 13 3
1 6 13 26
1 6 13 35
1 6 13 61
1 6 13 93
1 6 13 94
1 6 13 125
1 6 14 3
1 6 14 26
1 6 14 35
1 6 14 61
1 6 14 93
1 6 14 94
1 6 14 125
1 6 15 3
1 6 15 93
1 6 15 94
1 6 16 26
1 6 16 35
1 6 16 61
1 6 16 93
1 6 16 94
1 6 16 107
1 6 16 123
1 6 16 125
1 6 17 3
1 6 17 26
1 6 17 35
1 6 17 61
1 6 17 93
1 6 17 94
1 6 17 125
1 6 18 3
1 6 18 19
1 6 18 21
1 6 18 26
1 6 18 35
1 6 18 51
1 6 18 52
1 6 18 61
1 6 18 64
1 6 18 92
1 6 18 93
1 6 18 94
1 6 18 114
1 6 18 125
1 6 19 3
1 6 19 26
1 6 19 35
1 6 19 61
1 6 19 93
1 6 19 94
1 6 19 125
1 6 20 3
1 6 20 26
1 6 20 35
1 6 20 61
1 6 20 65
1 6 20 125
1 6 21 3
1 6 21 26
1 6 21 35
1 6 21 61
1 6 21 93
1 6 21 94
1 6 21 125
1 6 22 3
1 6 22 26
1 6 22 27
1 6 22 35
1 6 22 61
1 6 22 92
1 6 22 93
1 6 22 94
1 6 22 125
1 6 23 3
1 6 23 35
1 7 0 3
1 7 0 35
1 7 1 3
1 7 1 35
1 7 1 3
1 7 2 3
1 7 2 21 
1 7 2 26
1 7 2 35
1 7 2 55
1 7 2 61
1 7 2 93
1 7 2 94
1 7 3 3
1 7 3 26
1 7 3 93
1 7 3 94
1 7 4 3
1 7 4 35
1 7 5 3
1 7 5 35
1 7 6 3
1 7 6 21
1 7 6 25
1 7 6 35
1 7 6 51
1 7 6 52
1 7 6 61
1 7 6 92
1 7 6 93
1 7 6 94
1 7 7 26
1 7 7 61
1 7 7 93
1 7 7 94
1 7 8 27
1 7 9 3
1 7 9 26
1 7 9 35
1 7 9 61
1 7 9 93
1 7 9 94
1 7 9 125
1 7 10 3
1 7 10 26
1 7 10 35
1 7 10 61
1 7 10 80 
1 7 10 93
1 7 10 94
1 7 11 3
1 7 11 93
1 7 11 94
1 7 13 3
1 7 13 26
1 7 13 35
1 7 13 61
1 7 13 93
1 7 13 94
1 7 13 125
1 7 14 3
1 7 14 26
1 7 14 35
1 7 14 61
1 7 14 93
1 7 14 94
1 7 14 125
1 7 16 3
1 7 16 26
1 7 16 35
1 7 16 61
1 7 16 96
1 7 17 3
1 7 17 35
1 7 18 3
1 7 18 35
1 7 19 3
1 7 19 19 
1 7 19 21
1 7 19 26
1 7 19 35
1 7 19 51
1 7 19 52
1 7 19 61
1 7 19 84
1 7 19 92
1 7 19 93
1 7 19 94
1 7 19 114
1 7 19 125
1 7 22 26
1 7 22 61
1 7 22 93
1 7 22 94
1 7 22 125
