0 0 0 0
0 0 0 1
0 0 0 2
0 0 0 3
0 0 0 4
0 0 0 5
0 0 0 6
0 0 0 7
0 0 0 8
0 0 0 9
0 0 0 10
0 0 0 11
0 0 0 12
0 0 0 13
0 0 0 14
0 0 0 15
0 0 0 16
0 0 0 17
0 0 0 18
0 0 0 19
0 0 0 20
0 0 0 21
0 0 0 22
0 0 0 23
0 0 0 24
0 0 0 25
0 0 0 26
0 0 0 27
0 0 0 28
0 0 0 29
0 0 0 30
0 0 0 31
0 0 0 32
0 0 0 33
0 0 0 34
0 0 0 35
0 0 0 36
0 0 0 37
0 0 0 38
0 0 0 39
0 0 0 40
0 0 0 41
0 0 0 42
0 0 0 43
0 0 0 44
0 0 0 45
0 0 0 46
0 0 0 47
0 0 0 48
0 0 0 49
0 0 0 50
0 0 0 51
0 0 0 52
0 0 0 53
0 0 0 54
0 0 0 55
0 0 0 56
0 0 0 57
0 0 0 58
0 0 0 59
0 0 0 60
0 0 0 61
0 0 0 62
0 0 0 63
0 0 0 64
0 0 0 65
0 0 0 66
0 0 0 67
0 0 0 68
0 0 0 69
0 0 0 70
0 0 0 71
0 0 0 72
0 0 0 73
0 0 0 74
0 0 0 75
0 0 0 76
0 0 0 77
0 0 0 78
0 0 0 79
0 0 0 80
0 0 0 81
0 0 0 82
0 0 0 83
0 0 0 84
0 0 0 85
0 0 0 86
0 0 0 87
0 0 0 88
0 0 0 89
0 0 0 90
0 0 0 91
0 0 0 92
0 0 0 93
0 0 0 94
0 0 0 95
0 0 0 96
0 0 0 97
0 0 0 98
0 0 0 99
0 0 0 100
0 0 0 101
0 0 0 102
0 0 0 103
0 0 0 104
0 0 0 105
0 0 0 106
0 0 0 107
0 0 0 108
0 0 0 109
0 0 0 110
0 0 0 111
0 0 0 112
0 0 0 113
0 0 0 114
0 0 0 115
0 0 0 116
0 0 0 117
0 0 0 118
0 0 0 119
0 0 0 120
0 0 0 121
0 0 0 122
0 0 0 123
0 0 0 124
0 0 0 125
0 0 0 126
0 0 0 127
0 0 1 0
0 0 1 1
0 0 1 2
0 0 1 3
0 0 1 4
0 0 1 5
0 0 1 6
0 0 1 7
0 0 1 8
0 0 1 9
0 0 1 10
0 0 1 11
0 0 1 12
0 0 1 13
0 0 1 14
0 0 1 15
0 0 1 16
0 0 1 17
0 0 1 18
0 0 1 19
0 0 1 20
0 0 1 21
0 0 1 22
0 0 1 23
0 0 1 24
0 0 1 25
0 0 1 26
0 0 1 27
0 0 1 28
0 0 1 29
0 0 1 30
0 0 1 31
0 0 1 32
0 0 1 33
0 0 1 34
0 0 1 35
0 0 1 36
0 0 1 37
0 0 1 38
0 0 1 39
0 0 1 40
0 0 1 41
0 0 1 42
0 0 1 43
0 0 1 44
0 0 1 45
0 0 1 46
0 0 1 47
0 0 1 48
0 0 1 49
0 0 1 50
0 0 1 51
0 0 1 52
0 0 1 53
0 0 1 54
0 0 1 55
0 0 1 56
0 0 1 57
0 0 1 58
0 0 1 59
0 0 1 60
0 0 1 61
0 0 1 62
0 0 1 63
0 0 1 64
0 0 1 65
0 0 1 66
0 0 1 67
0 0 1 68
0 0 1 69
0 0 1 70
0 0 1 71
0 0 1 72
0 0 1 73
0 0 1 74
0 0 1 75
0 0 1 76
0 0 1 77
0 0 1 78
0 0 1 79
0 0 1 80
0 0 1 81
0 0 1 82
0 0 1 83
0 0 1 84
0 0 1 85
0 0 1 86
0 0 1 87
0 0 1 88
0 0 1 89
0 0 1 90
0 0 1 91
0 0 1 92
0 0 1 93
0 0 1 94
0 0 1 95
0 0 1 96
0 0 1 97
0 0 1 98
0 0 1 99
0 0 1 100
0 0 1 101
0 0 1 102
0 0 1 103
0 0 1 104
0 0 1 105
0 0 1 106
0 0 1 107
0 0 1 108
0 0 1 109
0 0 1 110
0 0 1 111
0 0 1 112
0 0 1 113
0 0 1 114
0 0 1 115
0 0 1 116
0 0 1 117
0 0 1 118
0 0 1 119
0 0 1 120
0 0 1 121
0 0 1 122
0 0 1 123
0 0 1 124
0 0 1 125
0 0 1 126
0 0 1 127
0 0 2 0
0 0 2 1
0 0 2 2
0 0 2 3
0 0 2 4
0 0 2 5
0 0 2 6
0 0 2 7
0 0 2 8
0 0 2 9
0 0 2 10
0 0 2 11
0 0 2 12
0 0 2 13
0 0 2 14
0 0 2 15
0 0 2 16
0 0 2 17
0 0 2 18
0 0 2 19
0 0 2 20
0 0 2 21
0 0 2 22
0 0 2 23
0 0 2 24
0 0 2 25
0 0 2 26
0 0 2 27
0 0 2 28
0 0 2 29
0 0 2 30
0 0 2 31
0 0 2 32
0 0 2 33
0 0 2 34
0 0 2 35
0 0 2 36
0 0 2 37
0 0 2 38
0 0 2 39
0 0 2 40
0 0 2 41
0 0 2 42
0 0 2 43
0 0 2 44
0 0 2 45
0 0 2 46
0 0 2 47
0 0 2 48
0 0 2 49
0 0 2 50
0 0 2 51
0 0 2 52
0 0 2 53
0 0 2 54
0 0 2 55
0 0 2 56
0 0 2 57
0 0 2 58
0 0 2 59
0 0 2 60
0 0 2 61
0 0 2 62
0 0 2 63
0 0 2 64
0 0 2 65
0 0 2 66
0 0 2 67
0 0 2 68
0 0 2 69
0 0 2 70
0 0 2 71
0 0 2 72
0 0 2 73
0 0 2 74
0 0 2 75
0 0 2 76
0 0 2 77
0 0 2 78
0 0 2 79
0 0 2 80
0 0 2 81
0 0 2 82
0 0 2 83
0 0 2 84
0 0 2 85
0 0 2 86
0 0 2 87
0 0 2 88
0 0 2 89
0 0 2 90
0 0 2 91
0 0 2 92
0 0 2 93
0 0 2 94
0 0 2 95
0 0 2 96
0 0 2 97
0 0 2 98
0 0 2 99
0 0 2 100
0 0 2 101
0 0 2 102
0 0 2 103
0 0 2 104
0 0 2 105
0 0 2 106
0 0 2 107
0 0 2 108
0 0 2 109
0 0 2 110
0 0 2 111
0 0 2 112
0 0 2 113
0 0 2 114
0 0 2 115
0 0 2 116
0 0 2 117
0 0 2 118
0 0 2 119
0 0 2 120
0 0 2 121
0 0 2 122
0 0 2 123
0 0 2 124
0 0 2 125
0 0 2 126
0 0 2 127
0 0 3 0
0 0 3 1
0 0 3 2
0 0 3 3
0 0 3 4
0 0 3 5
0 0 3 6
0 0 3 7
0 0 3 8
0 0 3 9
0 0 3 10
0 0 3 11
0 0 3 12
0 0 3 13
0 0 3 14
0 0 3 15
0 0 3 16
0 0 3 17
0 0 3 18
0 0 3 19
0 0 3 20
0 0 3 21
0 0 3 22
0 0 3 23
0 0 3 24
0 0 3 25
0 0 3 26
0 0 3 27
0 0 3 28
0 0 3 29
0 0 3 30
0 0 3 31
0 0 3 32
0 0 3 33
0 0 3 34
0 0 3 35
0 0 3 36
0 0 3 37
0 0 3 38
0 0 3 39
0 0 3 40
0 0 3 41
0 0 3 42
0 0 3 43
0 0 3 44
0 0 3 45
0 0 3 46
0 0 3 47
0 0 3 48
0 0 3 49
0 0 3 50
0 0 3 51
0 0 3 52
0 0 3 53
0 0 3 54
0 0 3 55
0 0 3 56
0 0 3 57
0 0 3 58
0 0 3 59
0 0 3 60
0 0 3 61
0 0 3 62
0 0 3 63
0 0 3 64
0 0 3 65
0 0 3 66
0 0 3 67
0 0 3 68
0 0 3 69
0 0 3 70
0 0 3 71
0 0 3 72
0 0 3 73
0 0 3 74
0 0 3 75
0 0 3 76
0 0 3 77
0 0 3 78
0 0 3 79
0 0 3 80
0 0 3 81
0 0 3 82
0 0 3 83
0 0 3 84
0 0 3 85
0 0 3 86
0 0 3 87
0 0 3 88
0 0 3 89
0 0 3 90
0 0 3 91
0 0 3 92
0 0 3 93
0 0 3 94
0 0 3 95
0 0 3 96
0 0 3 97
0 0 3 98
0 0 3 99
0 0 3 100
0 0 3 101
0 0 3 102
0 0 3 103
0 0 3 104
0 0 3 105
0 0 3 106
0 0 3 107
0 0 3 108
0 0 3 109
0 0 3 110
0 0 3 111
0 0 3 112
0 0 3 113
0 0 3 114
0 0 3 115
0 0 3 116
0 0 3 117
0 0 3 118
0 0 3 119
0 0 3 120
0 0 3 121
0 0 3 122
0 0 3 123
0 0 3 124
0 0 3 125
0 0 3 126
0 0 3 127
0 0 4 0
0 0 4 1
0 0 4 2
0 0 4 3
0 0 4 4
0 0 4 5
0 0 4 6
0 0 4 7
0 0 4 8
0 0 4 9
0 0 4 10
0 0 4 11
0 0 4 12
0 0 4 13
0 0 4 14
0 0 4 15
0 0 4 16
0 0 4 17
0 0 4 18
0 0 4 19
0 0 4 20
0 0 4 21
0 0 4 22
0 0 4 23
0 0 4 24
0 0 4 25
0 0 4 26
0 0 4 27
0 0 4 28
0 0 4 29
0 0 4 30
0 0 4 31
0 0 4 32
0 0 4 33
0 0 4 34
0 0 4 35
0 0 4 36
0 0 4 37
0 0 4 38
0 0 4 39
0 0 4 40
0 0 4 41
0 0 4 42
0 0 4 43
0 0 4 44
0 0 4 45
0 0 4 46
0 0 4 47
0 0 4 48
0 0 4 49
0 0 4 50
0 0 4 51
0 0 4 52
0 0 4 53
0 0 4 54
0 0 4 55
0 0 4 56
0 0 4 57
0 0 4 58
0 0 4 59
0 0 4 60
0 0 4 61
0 0 4 62
0 0 4 63
0 0 4 64
0 0 4 65
0 0 4 66
0 0 4 67
0 0 4 68
0 0 4 69
0 0 4 70
0 0 4 71
0 0 4 72
0 0 4 73
0 0 4 74
0 0 4 75
0 0 4 76
0 0 4 77
0 0 4 78
0 0 4 79
0 0 4 80
0 0 4 81
0 0 4 82
0 0 4 83
0 0 4 84
0 0 4 85
0 0 4 86
0 0 4 87
0 0 4 88
0 0 4 89
0 0 4 90
0 0 4 91
0 0 4 92
0 0 4 93
0 0 4 94
0 0 4 95
0 0 4 96
0 0 4 97
0 0 4 98
0 0 4 99
0 0 4 100
0 0 4 101
0 0 4 102
0 0 4 103
0 0 4 104
0 0 4 105
0 0 4 106
0 0 4 107
0 0 4 108
0 0 4 109
0 0 4 110
0 0 4 111
0 0 4 112
0 0 4 113
0 0 4 114
0 0 4 115
0 0 4 116
0 0 4 117
0 0 4 118
0 0 4 119
0 0 4 120
0 0 4 121
0 0 4 122
0 0 4 123
0 0 4 124
0 0 4 125
0 0 4 126
0 0 4 127
0 0 5 0
0 0 5 1
0 0 5 2
0 0 5 3
0 0 5 4
0 0 5 5
0 0 5 6
0 0 5 7
0 0 5 8
0 0 5 9
0 0 5 10
0 0 5 11
0 0 5 12
0 0 5 13
0 0 5 14
0 0 5 15
0 0 5 16
0 0 5 17
0 0 5 18
0 0 5 19
0 0 5 20
0 0 5 21
0 0 5 22
0 0 5 23
0 0 5 24
0 0 5 25
0 0 5 26
0 0 5 27
0 0 5 28
0 0 5 29
0 0 5 30
0 0 5 31
0 0 5 32
0 0 5 33
0 0 5 34
0 0 5 35
0 0 5 36
0 0 5 37
0 0 5 38
0 0 5 39
0 0 5 40
0 0 5 41
0 0 5 42
0 0 5 43
0 0 5 44
0 0 5 45
0 0 5 46
0 0 5 47
0 0 5 48
0 0 5 49
0 0 5 50
0 0 5 51
0 0 5 52
0 0 5 53
0 0 5 54
0 0 5 55
0 0 5 56
0 0 5 57
0 0 5 58
0 0 5 59
0 0 5 60
0 0 5 61
0 0 5 62
0 0 5 63
0 0 5 64
0 0 5 65
0 0 5 66
0 0 5 67
0 0 5 68
0 0 5 69
0 0 5 70
0 0 5 71
0 0 5 72
0 0 5 73
0 0 5 74
0 0 5 75
0 0 5 76
0 0 5 77
0 0 5 78
0 0 5 79
0 0 5 80
0 0 5 81
0 0 5 82
0 0 5 83
0 0 5 84
0 0 5 85
0 0 5 86
0 0 5 87
0 0 5 88
0 0 5 89
0 0 5 90
0 0 5 91
0 0 5 92
0 0 5 93
0 0 5 94
0 0 5 95
0 0 5 96
0 0 5 97
0 0 5 98
0 0 5 99
0 0 5 100
0 0 5 101
0 0 5 102
0 0 5 103
0 0 5 104
0 0 5 105
0 0 5 106
0 0 5 107
0 0 5 108
0 0 5 109
0 0 5 110
0 0 5 111
0 0 5 112
0 0 5 113
0 0 5 114
0 0 5 115
0 0 5 116
0 0 5 117
0 0 5 118
0 0 5 119
0 0 5 120
0 0 5 121
0 0 5 122
0 0 5 123
0 0 5 124
0 0 5 125
0 0 5 126
0 0 5 127
0 0 6 0
0 0 6 1
0 0 6 2
0 0 6 3
0 0 6 4
0 0 6 5
0 0 6 6
0 0 6 7
0 0 6 8
0 0 6 9
0 0 6 10
0 0 6 11
0 0 6 12
0 0 6 13
0 0 6 14
0 0 6 15
0 0 6 16
0 0 6 17
0 0 6 18
0 0 6 19
0 0 6 20
0 0 6 21
0 0 6 22
0 0 6 23
0 0 6 24
0 0 6 25
0 0 6 26
0 0 6 27
0 0 6 28
0 0 6 29
0 0 6 30
0 0 6 31
0 0 6 32
0 0 6 33
0 0 6 34
0 0 6 35
0 0 6 36
0 0 6 37
0 0 6 38
0 0 6 39
0 0 6 40
0 0 6 41
0 0 6 42
0 0 6 43
0 0 6 44
0 0 6 45
0 0 6 46
0 0 6 47
0 0 6 48
0 0 6 49
0 0 6 50
0 0 6 51
0 0 6 52
0 0 6 53
0 0 6 54
0 0 6 55
0 0 6 56
0 0 6 57
0 0 6 58
0 0 6 59
0 0 6 60
0 0 6 61
0 0 6 62
0 0 6 63
0 0 6 64
0 0 6 65
0 0 6 66
0 0 6 67
0 0 6 68
0 0 6 69
0 0 6 70
0 0 6 71
0 0 6 72
0 0 6 73
0 0 6 74
0 0 6 75
0 0 6 76
0 0 6 77
0 0 6 78
0 0 6 79
0 0 6 80
0 0 6 81
0 0 6 82
0 0 6 83
0 0 6 84
0 0 6 85
0 0 6 86
0 0 6 87
0 0 6 88
0 0 6 89
0 0 6 90
0 0 6 91
0 0 6 92
0 0 6 93
0 0 6 94
0 0 6 95
0 0 6 96
0 0 6 97
0 0 6 98
0 0 6 99
0 0 6 100
0 0 6 101
0 0 6 102
0 0 6 103
0 0 6 104
0 0 6 105
0 0 6 106
0 0 6 107
0 0 6 108
0 0 6 109
0 0 6 110
0 0 6 111
0 0 6 112
0 0 6 113
0 0 6 114
0 0 6 115
0 0 6 116
0 0 6 117
0 0 6 118
0 0 6 119
0 0 6 120
0 0 6 121
0 0 6 122
0 0 6 123
0 0 6 124
0 0 6 125
0 0 6 126
0 0 6 127
0 0 7 0
0 0 7 1
0 0 7 2
0 0 7 3
0 0 7 4
0 0 7 5
0 0 7 6
0 0 7 7
0 0 7 8
0 0 7 9
0 0 7 10
0 0 7 11
0 0 7 12
0 0 7 13
0 0 7 14
0 0 7 15
0 0 7 16
0 0 7 17
0 0 7 18
0 0 7 19
0 0 7 20
0 0 7 21
0 0 7 22
0 0 7 23
0 0 7 24
0 0 7 25
0 0 7 26
0 0 7 27
0 0 7 28
0 0 7 29
0 0 7 30
0 0 7 31
0 0 7 32
0 0 7 33
0 0 7 34
0 0 7 35
0 0 7 36
0 0 7 37
0 0 7 38
0 0 7 39
0 0 7 40
0 0 7 41
0 0 7 42
0 0 7 43
0 0 7 44
0 0 7 45
0 0 7 46
0 0 7 47
0 0 7 48
0 0 7 49
0 0 7 50
0 0 7 51
0 0 7 52
0 0 7 53
0 0 7 54
0 0 7 55
0 0 7 56
0 0 7 57
0 0 7 58
0 0 7 59
0 0 7 60
0 0 7 61
0 0 7 62
0 0 7 63
0 0 7 64
0 0 7 65
0 0 7 66
0 0 7 67
0 0 7 68
0 0 7 69
0 0 7 70
0 0 7 71
0 0 7 72
0 0 7 73
0 0 7 74
0 0 7 75
0 0 7 76
0 0 7 77
0 0 7 78
0 0 7 79
0 0 7 80
0 0 7 81
0 0 7 82
0 0 7 83
0 0 7 84
0 0 7 85
0 0 7 86
0 0 7 87
0 0 7 88
0 0 7 89
0 0 7 90
0 0 7 91
0 0 7 92
0 0 7 93
0 0 7 94
0 0 7 95
0 0 7 96
0 0 7 97
0 0 7 98
0 0 7 99
0 0 7 100
0 0 7 101
0 0 7 102
0 0 7 103
0 0 7 104
0 0 7 105
0 0 7 106
0 0 7 107
0 0 7 108
0 0 7 109
0 0 7 110
0 0 7 111
0 0 7 112
0 0 7 113
0 0 7 114
0 0 7 115
0 0 7 116
0 0 7 117
0 0 7 118
0 0 7 119
0 0 7 120
0 0 7 121
0 0 7 122
0 0 7 123
0 0 7 124
0 0 7 125
0 0 7 126
0 0 7 127
0 0 8 0
0 0 8 1
0 0 8 2
0 0 8 3
0 0 8 4
0 0 8 5
0 0 8 6
0 0 8 7
0 0 8 8
0 0 8 9
0 0 8 10
0 0 8 11
0 0 8 12
0 0 8 13
0 0 8 14
0 0 8 15
0 0 8 16
0 0 8 17
0 0 8 18
0 0 8 19
0 0 8 20
0 0 8 21
0 0 8 22
0 0 8 23
0 0 8 24
0 0 8 25
0 0 8 26
0 0 8 27
0 0 8 28
0 0 8 29
0 0 8 30
0 0 8 31
0 0 8 32
0 0 8 33
0 0 8 34
0 0 8 35
0 0 8 36
0 0 8 37
0 0 8 38
0 0 8 39
0 0 8 40
0 0 8 41
0 0 8 42
0 0 8 43
0 0 8 44
0 0 8 45
0 0 8 46
0 0 8 47
0 0 8 48
0 0 8 49
0 0 8 50
0 0 8 51
0 0 8 52
0 0 8 53
0 0 8 54
0 0 8 55
0 0 8 56
0 0 8 57
0 0 8 58
0 0 8 59
0 0 8 60
0 0 8 61
0 0 8 62
0 0 8 63
0 0 8 64
0 0 8 65
0 0 8 66
0 0 8 67
0 0 8 68
0 0 8 69
0 0 8 70
0 0 8 71
0 0 8 72
0 0 8 73
0 0 8 74
0 0 8 75
0 0 8 76
0 0 8 77
0 0 8 78
0 0 8 79
0 0 8 80
0 0 8 81
0 0 8 82
0 0 8 83
0 0 8 84
0 0 8 85
0 0 8 86
0 0 8 87
0 0 8 88
0 0 8 89
0 0 8 90
0 0 8 91
0 0 8 92
0 0 8 93
0 0 8 94
0 0 8 95
0 0 8 96
0 0 8 97
0 0 8 98
0 0 8 99
0 0 8 100
0 0 8 101
0 0 8 102
0 0 8 103
0 0 8 104
0 0 8 105
0 0 8 106
0 0 8 107
0 0 8 108
0 0 8 109
0 0 8 110
0 0 8 111
0 0 8 112
0 0 8 113
0 0 8 114
0 0 8 115
0 0 8 116
0 0 8 117
0 0 8 118
0 0 8 119
0 0 8 120
0 0 8 121
0 0 8 122
0 0 8 123
0 0 8 124
0 0 8 125
0 0 8 126
0 0 8 127
0 0 9 0
0 0 9 1
0 0 9 2
0 0 9 3
0 0 9 4
0 0 9 5
0 0 9 6
0 0 9 7
0 0 9 8
0 0 9 9
0 0 9 10
0 0 9 11
0 0 9 12
0 0 9 13
0 0 9 14
0 0 9 15
0 0 9 16
0 0 9 17
0 0 9 18
0 0 9 19
0 0 9 20
0 0 9 21
0 0 9 22
0 0 9 23
0 0 9 24
0 0 9 25
0 0 9 26
0 0 9 27
0 0 9 28
0 0 9 29
0 0 9 30
0 0 9 31
0 0 9 32
0 0 9 33
0 0 9 34
0 0 9 35
0 0 9 36
0 0 9 37
0 0 9 38
0 0 9 39
0 0 9 40
0 0 9 41
0 0 9 42
0 0 9 43
0 0 9 44
0 0 9 45
0 0 9 46
0 0 9 47
0 0 9 48
0 0 9 49
0 0 9 50
0 0 9 51
0 0 9 52
0 0 9 53
0 0 9 54
0 0 9 55
0 0 9 56
0 0 9 57
0 0 9 58
0 0 9 59
0 0 9 60
0 0 9 61
0 0 9 62
0 0 9 63
0 0 9 64
0 0 9 65
0 0 9 66
0 0 9 67
0 0 9 68
0 0 9 69
0 0 9 70
0 0 9 71
0 0 9 72
0 0 9 73
0 0 9 74
0 0 9 75
0 0 9 76
0 0 9 77
0 0 9 78
0 0 9 79
0 0 9 80
0 0 9 81
0 0 9 82
0 0 9 83
0 0 9 84
0 0 9 85
0 0 9 86
0 0 9 87
0 0 9 88
0 0 9 89
0 0 9 90
0 0 9 91
0 0 9 92
0 0 9 93
0 0 9 94
0 0 9 95
0 0 9 96
0 0 9 97
0 0 9 98
0 0 9 99
0 0 9 100
0 0 9 101
0 0 9 102
0 0 9 103
0 0 9 104
0 0 9 105
0 0 9 106
0 0 9 107
0 0 9 108
0 0 9 109
0 0 9 110
0 0 9 111
0 0 9 112
0 0 9 113
0 0 9 114
0 0 9 115
0 0 9 116
0 0 9 117
0 0 9 118
0 0 9 119
0 0 9 120
0 0 9 121
0 0 9 122
0 0 9 123
0 0 9 124
0 0 9 125
0 0 9 126
0 0 9 127
0 0 10 0
0 0 10 1
0 0 10 2
0 0 10 3
0 0 10 4
0 0 10 5
0 0 10 6
0 0 10 7
0 0 10 8
0 0 10 9
0 0 10 10
0 0 10 11
0 0 10 12
0 0 10 13
0 0 10 14
0 0 10 15
0 0 10 16
0 0 10 17
0 0 10 18
0 0 10 19
0 0 10 20
0 0 10 21
0 0 10 22
0 0 10 23
0 0 10 24
0 0 10 25
0 0 10 26
0 0 10 27
0 0 10 28
0 0 10 29
0 0 10 30
0 0 10 31
0 0 10 32
0 0 10 33
0 0 10 34
0 0 10 35
0 0 10 36
0 0 10 37
0 0 10 38
0 0 10 39
0 0 10 40
0 0 10 41
0 0 10 42
0 0 10 43
0 0 10 44
0 0 10 45
0 0 10 46
0 0 10 47
0 0 10 48
0 0 10 49
0 0 10 50
0 0 10 51
0 0 10 52
0 0 10 53
0 0 10 54
0 0 10 55
0 0 10 56
0 0 10 57
0 0 10 58
0 0 10 59
0 0 10 60
0 0 10 61
0 0 10 62
0 0 10 63
0 0 10 64
0 0 10 65
0 0 10 66
0 0 10 67
0 0 10 68
0 0 10 69
0 0 10 70
0 0 10 71
0 0 10 72
0 0 10 73
0 0 10 74
0 0 10 75
0 0 10 76
0 0 10 77
0 0 10 78
0 0 10 79
0 0 10 80
0 0 10 81
0 0 10 82
0 0 10 83
0 0 10 84
0 0 10 85
0 0 10 86
0 0 10 87
0 0 10 88
0 0 10 89
0 0 10 90
0 0 10 91
0 0 10 92
0 0 10 93
0 0 10 94
0 0 10 95
0 0 10 96
0 0 10 97
0 0 10 98
0 0 10 99
0 0 10 100
0 0 10 101
0 0 10 102
0 0 10 103
0 0 10 104
0 0 10 105
0 0 10 106
0 0 10 107
0 0 10 108
0 0 10 109
0 0 10 110
0 0 10 111
0 0 10 112
0 0 10 113
0 0 10 114
0 0 10 115
0 0 10 116
0 0 10 117
0 0 10 118
0 0 10 119
0 0 10 120
0 0 10 121
0 0 10 122
0 0 10 123
0 0 10 124
0 0 10 125
0 0 10 126
0 0 10 127
0 0 11 0
0 0 11 1
0 0 11 2
0 0 11 3
0 0 11 4
0 0 11 5
0 0 11 6
0 0 11 7
0 0 11 8
0 0 11 9
0 0 11 10
0 0 11 11
0 0 11 12
0 0 11 13
0 0 11 14
0 0 11 15
0 0 11 16
0 0 11 17
0 0 11 18
0 0 11 19
0 0 11 20
0 0 11 21
0 0 11 22
0 0 11 23
0 0 11 24
0 0 11 25
0 0 11 26
0 0 11 27
0 0 11 28
0 0 11 29
0 0 11 30
0 0 11 31
0 0 11 32
0 0 11 33
0 0 11 34
0 0 11 35
0 0 11 36
0 0 11 37
0 0 11 38
0 0 11 39
0 0 11 40
0 0 11 41
0 0 11 42
0 0 11 43
0 0 11 44
0 0 11 45
0 0 11 46
0 0 11 47
0 0 11 48
0 0 11 49
0 0 11 50
0 0 11 51
0 0 11 52
0 0 11 53
0 0 11 54
0 0 11 55
0 0 11 56
0 0 11 57
0 0 11 58
0 0 11 59
0 0 11 60
0 0 11 61
0 0 11 62
0 0 11 63
0 0 11 64
0 0 11 65
0 0 11 66
0 0 11 67
0 0 11 68
0 0 11 69
0 0 11 70
0 0 11 71
0 0 11 72
0 0 11 73
0 0 11 74
0 0 11 75
0 0 11 76
0 0 11 77
0 0 11 78
0 0 11 79
0 0 11 80
0 0 11 81
0 0 11 82
0 0 11 83
0 0 11 84
0 0 11 85
0 0 11 86
0 0 11 87
0 0 11 88
0 0 11 89
0 0 11 90
0 0 11 91
0 0 11 92
0 0 11 93
0 0 11 94
0 0 11 95
0 0 11 96
0 0 11 97
0 0 11 98
0 0 11 99
0 0 11 100
0 0 11 101
0 0 11 102
0 0 11 103
0 0 11 104
0 0 11 105
0 0 11 106
0 0 11 107
0 0 11 108
0 0 11 109
0 0 11 110
0 0 11 111
0 0 11 112
0 0 11 113
0 0 11 114
0 0 11 115
0 0 11 116
0 0 11 117
0 0 11 118
0 0 11 119
0 0 11 120
0 0 11 121
0 0 11 122
0 0 11 123
0 0 11 124
0 0 11 125
0 0 11 126
0 0 11 127
0 0 12 92
0 0 15 92
0 1 0 16
0 1 0 17
0 1 0 18
0 1 0 19
0 1 0 20
0 1 0 21
0 1 0 22
0 1 0 23
0 1 0 24
0 1 0 25
0 1 0 26
0 1 0 27
0 1 0 28
0 1 0 29
0 1 0 30
0 1 0 31
0 1 0 48
0 1 0 49
0 1 0 50
0 1 0 51
0 1 0 52
0 1 0 53
0 1 0 54
0 1 0 55
0 1 0 56
0 1 0 57
0 1 0 58
0 1 0 59
0 1 0 60
0 1 0 61
0 1 0 62
0 1 0 63
0 1 0 80
0 1 0 81
0 1 0 82
0 1 0 83
0 1 0 84
0 1 0 85
0 1 0 86
0 1 0 87
0 1 0 88
0 1 0 89
0 1 0 90
0 1 0 91
0 1 0 92
0 1 0 93
0 1 0 94
0 1 0 95
0 1 0 112
0 1 0 113
0 1 0 114
0 1 0 115
0 1 0 116
0 1 0 117
0 1 0 118
0 1 0 119
0 1 0 120
0 1 0 121
0 1 0 122
0 1 0 123
0 1 0 124
0 1 0 125
0 1 0 126
0 1 0 127
0 1 1 7
0 1 1 16
0 1 1 17
0 1 1 18
0 1 1 19
0 1 1 20
0 1 1 21
0 1 1 22
0 1 1 23
0 1 1 24
0 1 1 25
0 1 1 26
0 1 1 27
0 1 1 28
0 1 1 29
0 1 1 30
0 1 1 31
0 1 1 48
0 1 1 49
0 1 1 50
0 1 1 51
0 1 1 52
0 1 1 53
0 1 1 54
0 1 1 55
0 1 1 56
0 1 1 57
0 1 1 58
0 1 1 59
0 1 1 60
0 1 1 61
0 1 1 62
0 1 1 63
0 1 1 80
0 1 1 81
0 1 1 82
0 1 1 83
0 1 1 84
0 1 1 85
0 1 1 86
0 1 1 87
0 1 1 88
0 1 1 89
0 1 1 90
0 1 1 91
0 1 1 92
0 1 1 93
0 1 1 94
0 1 1 95
0 1 1 112
0 1 1 113
0 1 1 114
0 1 1 115
0 1 1 116
0 1 1 117
0 1 1 118
0 1 1 119
0 1 1 120
0 1 1 121
0 1 1 122
0 1 1 123
0 1 1 124
0 1 1 125
0 1 1 126
0 1 1 127
0 1 8 92
0 1 11 92
0 1 12 92
0 1 15 92
0 1 18 16
0 1 18 17
0 1 18 18
0 1 18 19
0 1 18 20
0 1 18 21
0 1 18 22
0 1 18 23
0 1 18 24
0 1 18 25
0 1 18 26
0 1 18 27
0 1 18 28
0 1 18 29
0 1 18 30
0 1 18 31
0 1 18 48
0 1 18 49
0 1 18 50
0 1 18 51
0 1 18 52
0 1 18 53
0 1 18 54
0 1 18 55
0 1 18 56
0 1 18 57
0 1 18 58
0 1 18 59
0 1 18 60
0 1 18 61
0 1 18 62
0 1 18 63
0 1 18 80
0 1 18 81
0 1 18 82
0 1 18 83
0 1 18 84
0 1 18 85
0 1 18 86
0 1 18 87
0 1 18 88
0 1 18 89
0 1 18 90
0 1 18 91
0 1 18 92
0 1 18 93
0 1 18 94
0 1 18 95
0 1 18 112
0 1 18 113
0 1 18 114
0 1 18 115
0 1 18 116
0 1 18 117
0 1 18 118
0 1 18 119
0 1 18 120
0 1 18 121
0 1 18 122
0 1 18 123
0 1 18 124
0 1 18 125
0 1 18 126
0 1 18 127
0 1 19 16
0 1 19 17
0 1 19 18
0 1 19 19
0 1 19 20
0 1 19 21
0 1 19 22
0 1 19 23
0 1 19 24
0 1 19 25
0 1 19 26
0 1 19 27
0 1 19 28
0 1 19 29
0 1 19 30
0 1 19 31
0 1 19 48
0 1 19 49
0 1 19 50
0 1 19 51
0 1 19 52
0 1 19 53
0 1 19 54
0 1 19 55
0 1 19 56
0 1 19 57
0 1 19 58
0 1 19 59
0 1 19 60
0 1 19 61
0 1 19 62
0 1 19 63
0 1 19 80
0 1 19 81
0 1 19 82
0 1 19 83
0 1 19 84
0 1 19 85
0 1 19 86
0 1 19 87
0 1 19 88
0 1 19 89
0 1 19 90
0 1 19 91
0 1 19 92
0 1 19 93
0 1 19 94
0 1 19 95
0 1 19 112
0 1 19 113
0 1 19 114
0 1 19 115
0 1 19 116
0 1 19 117
0 1 19 118
0 1 19 119
0 1 19 120
0 1 19 121
0 1 19 122
0 1 19 123
0 1 19 124
0 1 19 125
0 1 19 126
0 1 19 127
0 1 21 16
0 1 21 17
0 1 21 18
0 1 21 19
0 1 21 20
0 1 21 21
0 1 21 22
0 1 21 23
0 1 21 24
0 1 21 25
0 1 21 26
0 1 21 27
0 1 21 28
0 1 21 29
0 1 21 30
0 1 21 31
0 1 21 48
0 1 21 49
0 1 21 50
0 1 21 51
0 1 21 52
0 1 21 53
0 1 21 54
0 1 21 55
0 1 21 56
0 1 21 57
0 1 21 58
0 1 21 59
0 1 21 60
0 1 21 61
0 1 21 62
0 1 21 63
0 1 21 80
0 1 21 81
0 1 21 82
0 1 21 83
0 1 21 84
0 1 21 85
0 1 21 86
0 1 21 87
0 1 21 88
0 1 21 89
0 1 21 90
0 1 21 91
0 1 21 92
0 1 21 93
0 1 21 94
0 1 21 95
0 1 21 112
0 1 21 113
0 1 21 114
0 1 21 115
0 1 21 116
0 1 21 117
0 1 21 118
0 1 21 119
0 1 21 120
0 1 21 121
0 1 21 122
0 1 21 123
0 1 21 124
0 1 21 125
0 1 21 126
0 1 21 127
0 1 22 16
0 1 22 17
0 1 22 18
0 1 22 19
0 1 22 20
0 1 22 21
0 1 22 22
0 1 22 23
0 1 22 24
0 1 22 25
0 1 22 26
0 1 22 27
0 1 22 28
0 1 22 29
0 1 22 30
0 1 22 31
0 1 22 48
0 1 22 49
0 1 22 50
0 1 22 51
0 1 22 52
0 1 22 53
0 1 22 54
0 1 22 55
0 1 22 56
0 1 22 57
0 1 22 58
0 1 22 59
0 1 22 60
0 1 22 61
0 1 22 62
0 1 22 63
0 1 22 80
0 1 22 81
0 1 22 82
0 1 22 83
0 1 22 84
0 1 22 85
0 1 22 86
0 1 22 87
0 1 22 88
0 1 22 89
0 1 22 90
0 1 22 91
0 1 22 92
0 1 22 93
0 1 22 94
0 1 22 95
0 1 22 112
0 1 22 113
0 1 22 114
0 1 22 115
0 1 22 116
0 1 22 117
0 1 22 118
0 1 22 119
0 1 22 120
0 1 22 121
0 1 22 122
0 1 22 123
0 1 22 124
0 1 22 125
0 1 22 126
0 1 22 127
0 1 23 16
0 1 23 17
0 1 23 18
0 1 23 19
0 1 23 20
0 1 23 21
0 1 23 22
0 1 23 23
0 1 23 24
0 1 23 25
0 1 23 26
0 1 23 27
0 1 23 28
0 1 23 29
0 1 23 30
0 1 23 31
0 1 23 48
0 1 23 49
0 1 23 50
0 1 23 51
0 1 23 52
0 1 23 53
0 1 23 54
0 1 23 55
0 1 23 56
0 1 23 57
0 1 23 58
0 1 23 59
0 1 23 60
0 1 23 61
0 1 23 62
0 1 23 63
0 1 23 80
0 1 23 81
0 1 23 82
0 1 23 83
0 1 23 84
0 1 23 85
0 1 23 86
0 1 23 87
0 1 23 88
0 1 23 89
0 1 23 90
0 1 23 91
0 1 23 92
0 1 23 93
0 1 23 94
0 1 23 95
0 1 23 112
0 1 23 113
0 1 23 114
0 1 23 115
0 1 23 116
0 1 23 117
0 1 23 118
0 1 23 119
0 1 23 120
0 1 23 121
0 1 23 122
0 1 23 123
0 1 23 124
0 1 23 125
0 1 23 126
0 1 23 127
0 2 0 16
0 2 0 17
0 2 0 18
0 2 0 19
0 2 0 20
0 2 0 21
0 2 0 22
0 2 0 23
0 2 0 24
0 2 0 25
0 2 0 26
0 2 0 27
0 2 0 28
0 2 0 29
0 2 0 30
0 2 0 31
0 2 0 48
0 2 0 49
0 2 0 50
0 2 0 51
0 2 0 52
0 2 0 53
0 2 0 54
0 2 0 55
0 2 0 56
0 2 0 57
0 2 0 58
0 2 0 59
0 2 0 60
0 2 0 61
0 2 0 62
0 2 0 63
0 2 0 80
0 2 0 81
0 2 0 82
0 2 0 83
0 2 0 84
0 2 0 85
0 2 0 86
0 2 0 87
0 2 0 88
0 2 0 89
0 2 0 90
0 2 0 91
0 2 0 92
0 2 0 93
0 2 0 94
0 2 0 95
0 2 0 112
0 2 0 113
0 2 0 114
0 2 0 115
0 2 0 116
0 2 0 117
0 2 0 118
0 2 0 119
0 2 0 120
0 2 0 121
0 2 0 122
0 2 0 123
0 2 0 124
0 2 0 125
0 2 0 126
0 2 0 127
0 2 8 92
0 2 11 92
0 2 12 92
0 2 15 92
0 2 22 16
0 2 22 17
0 2 22 18
0 2 22 19
0 2 22 20
0 2 22 21
0 2 22 22
0 2 22 23
0 2 22 24
0 2 22 25
0 2 22 26
0 2 22 27
0 2 22 28
0 2 22 29
0 2 22 30
0 2 22 31
0 2 22 48
0 2 22 49
0 2 22 50
0 2 22 51
0 2 22 52
0 2 22 53
0 2 22 54
0 2 22 55
0 2 22 56
0 2 22 57
0 2 22 58
0 2 22 59
0 2 22 60
0 2 22 61
0 2 22 62
0 2 22 63
0 2 22 80
0 2 22 81
0 2 22 82
0 2 22 83
0 2 22 84
0 2 22 85
0 2 22 86
0 2 22 87
0 2 22 88
0 2 22 89
0 2 22 90
0 2 22 91
0 2 22 92
0 2 22 93
0 2 22 94
0 2 22 95
0 2 22 112
0 2 22 113
0 2 22 114
0 2 22 115
0 2 22 116
0 2 22 117
0 2 22 118
0 2 22 119
0 2 22 120
0 2 22 121
0 2 22 122
0 2 22 123
0 2 22 124
0 2 22 125
0 2 22 126
0 2 22 127
0 2 23 16
0 2 23 17
0 2 23 18
0 2 23 19
0 2 23 20
0 2 23 21
0 2 23 22
0 2 23 23
0 2 23 24
0 2 23 25
0 2 23 26
0 2 23 27
0 2 23 28
0 2 23 29
0 2 23 30
0 2 23 31
0 2 23 48
0 2 23 49
0 2 23 50
0 2 23 51
0 2 23 52
0 2 23 53
0 2 23 54
0 2 23 55
0 2 23 56
0 2 23 57
0 2 23 58
0 2 23 59
0 2 23 60
0 2 23 61
0 2 23 62
0 2 23 63
0 2 23 80
0 2 23 81
0 2 23 82
0 2 23 83
0 2 23 84
0 2 23 85
0 2 23 86
0 2 23 87
0 2 23 88
0 2 23 89
0 2 23 90
0 2 23 91
0 2 23 92
0 2 23 93
0 2 23 94
0 2 23 95
0 2 23 112
0 2 23 113
0 2 23 114
0 2 23 115
0 2 23 116
0 2 23 117
0 2 23 118
0 2 23 119
0 2 23 120
0 2 23 121
0 2 23 122
0 2 23 123
0 2 23 124
0 2 23 125
0 2 23 126
0 2 23 127
0 3 0 16
0 3 0 17
0 3 0 18
0 3 0 19
0 3 0 20
0 3 0 21
0 3 0 22
0 3 0 23
0 3 0 24
0 3 0 25
0 3 0 26
0 3 0 27
0 3 0 28
0 3 0 29
0 3 0 30
0 3 0 31
0 3 0 48
0 3 0 49
0 3 0 50
0 3 0 51
0 3 0 52
0 3 0 53
0 3 0 54
0 3 0 55
0 3 0 56
0 3 0 57
0 3 0 58
0 3 0 59
0 3 0 60
0 3 0 61
0 3 0 62
0 3 0 63
0 3 0 80
0 3 0 81
0 3 0 82
0 3 0 83
0 3 0 84
0 3 0 85
0 3 0 86
0 3 0 87
0 3 0 88
0 3 0 89
0 3 0 90
0 3 0 91
0 3 0 92
0 3 0 93
0 3 0 94
0 3 0 95
0 3 0 112
0 3 0 113
0 3 0 114
0 3 0 115
0 3 0 116
0 3 0 117
0 3 0 118
0 3 0 119
0 3 0 120
0 3 0 121
0 3 0 122
0 3 0 123
0 3 0 124
0 3 0 125
0 3 0 126
0 3 0 127
0 3 1 16
0 3 1 17
0 3 1 18
0 3 1 19
0 3 1 20
0 3 1 21
0 3 1 22
0 3 1 23
0 3 1 24
0 3 1 25
0 3 1 26
0 3 1 27
0 3 1 28
0 3 1 29
0 3 1 30
0 3 1 31
0 3 1 48
0 3 1 49
0 3 1 50
0 3 1 51
0 3 1 52
0 3 1 53
0 3 1 54
0 3 1 55
0 3 1 56
0 3 1 57
0 3 1 58
0 3 1 59
0 3 1 60
0 3 1 61
0 3 1 62
0 3 1 63
0 3 1 80
0 3 1 81
0 3 1 82
0 3 1 83
0 3 1 84
0 3 1 85
0 3 1 86
0 3 1 87
0 3 1 88
0 3 1 89
0 3 1 90
0 3 1 91
0 3 1 92
0 3 1 93
0 3 1 94
0 3 1 95
0 3 1 112
0 3 1 113
0 3 1 114
0 3 1 115
0 3 1 116
0 3 1 117
0 3 1 118
0 3 1 119
0 3 1 120
0 3 1 121
0 3 1 122
0 3 1 123
0 3 1 124
0 3 1 125
0 3 1 126
0 3 1 127
0 3 8 92
0 3 11 92
0 3 12 92
0 3 15 92
0 3 22 16
0 3 22 17
0 3 22 18
0 3 22 19
0 3 22 20
0 3 22 21
0 3 22 22
0 3 22 23
0 3 22 24
0 3 22 25
0 3 22 26
0 3 22 27
0 3 22 28
0 3 22 29
0 3 22 30
0 3 22 31
0 3 22 48
0 3 22 49
0 3 22 50
0 3 22 51
0 3 22 52
0 3 22 53
0 3 22 54
0 3 22 55
0 3 22 56
0 3 22 57
0 3 22 58
0 3 22 59
0 3 22 60
0 3 22 61
0 3 22 62
0 3 22 63
0 3 22 80
0 3 22 81
0 3 22 82
0 3 22 83
0 3 22 84
0 3 22 85
0 3 22 86
0 3 22 87
0 3 22 88
0 3 22 89
0 3 22 90
0 3 22 91
0 3 22 92
0 3 22 93
0 3 22 94
0 3 22 95
0 3 22 112
0 3 22 113
0 3 22 114
0 3 22 115
0 3 22 116
0 3 22 117
0 3 22 118
0 3 22 119
0 3 22 120
0 3 22 121
0 3 22 122
0 3 22 123
0 3 22 124
0 3 22 125
0 3 22 126
0 3 22 127
0 3 23 16
0 3 23 17
0 3 23 18
0 3 23 19
0 3 23 20
0 3 23 21
0 3 23 22
0 3 23 23
0 3 23 24
0 3 23 25
0 3 23 26
0 3 23 27
0 3 23 28
0 3 23 29
0 3 23 30
0 3 23 31
0 3 23 48
0 3 23 49
0 3 23 50
0 3 23 51
0 3 23 52
0 3 23 53
0 3 23 54
0 3 23 55
0 3 23 56
0 3 23 57
0 3 23 58
0 3 23 59
0 3 23 60
0 3 23 61
0 3 23 62
0 3 23 63
0 3 23 80
0 3 23 81
0 3 23 82
0 3 23 83
0 3 23 84
0 3 23 85
0 3 23 86
0 3 23 87
0 3 23 88
0 3 23 89
0 3 23 90
0 3 23 91
0 3 23 92
0 3 23 93
0 3 23 94
0 3 23 95
0 3 23 112
0 3 23 113
0 3 23 114
0 3 23 115
0 3 23 116
0 3 23 117
0 3 23 118
0 3 23 119
0 3 23 120
0 3 23 121
0 3 23 122
0 3 23 123
0 3 23 124
0 3 23 125
0 3 23 126
0 3 23 127
0 4 0 16
0 4 0 17
0 4 0 18
0 4 0 19
0 4 0 20
0 4 0 21
0 4 0 22
0 4 0 23
0 4 0 24
0 4 0 25
0 4 0 26
0 4 0 27
0 4 0 28
0 4 0 29
0 4 0 30
0 4 0 31
0 4 0 48
0 4 0 49
0 4 0 50
0 4 0 51
0 4 0 52
0 4 0 53
0 4 0 54
0 4 0 55
0 4 0 56
0 4 0 57
0 4 0 58
0 4 0 59
0 4 0 60
0 4 0 61
0 4 0 62
0 4 0 63
0 4 0 80
0 4 0 81
0 4 0 82
0 4 0 83
0 4 0 84
0 4 0 85
0 4 0 86
0 4 0 87
0 4 0 88
0 4 0 89
0 4 0 90
0 4 0 91
0 4 0 92
0 4 0 93
0 4 0 94
0 4 0 95
0 4 0 112
0 4 0 113
0 4 0 114
0 4 0 115
0 4 0 116
0 4 0 117
0 4 0 118
0 4 0 119
0 4 0 120
0 4 0 121
0 4 0 122
0 4 0 123
0 4 0 124
0 4 0 125
0 4 0 126
0 4 0 127
0 4 1 16
0 4 1 17
0 4 1 18
0 4 1 19
0 4 1 20
0 4 1 21
0 4 1 22
0 4 1 23
0 4 1 24
0 4 1 25
0 4 1 26
0 4 1 27
0 4 1 28
0 4 1 29
0 4 1 30
0 4 1 31
0 4 1 48
0 4 1 49
0 4 1 50
0 4 1 51
0 4 1 52
0 4 1 53
0 4 1 54
0 4 1 55
0 4 1 56
0 4 1 57
0 4 1 58
0 4 1 59
0 4 1 60
0 4 1 61
0 4 1 62
0 4 1 63
0 4 1 80
0 4 1 81
0 4 1 82
0 4 1 83
0 4 1 84
0 4 1 85
0 4 1 86
0 4 1 87
0 4 1 88
0 4 1 89
0 4 1 90
0 4 1 91
0 4 1 92
0 4 1 93
0 4 1 94
0 4 1 95
0 4 1 112
0 4 1 113
0 4 1 114
0 4 1 115
0 4 1 116
0 4 1 117
0 4 1 118
0 4 1 119
0 4 1 120
0 4 1 121
0 4 1 122
0 4 1 123
0 4 1 124
0 4 1 125
0 4 1 126
0 4 1 127
0 4 8 92
0 4 11 92
0 4 12 92
0 4 15 92
0 5 0 16
0 5 0 17
0 5 0 18
0 5 0 19
0 5 0 20
0 5 0 21
0 5 0 22
0 5 0 23
0 5 0 24
0 5 0 25
0 5 0 26
0 5 0 27
0 5 0 28
0 5 0 29
0 5 0 30
0 5 0 31
0 5 0 48
0 5 0 49
0 5 0 50
0 5 0 51
0 5 0 52
0 5 0 53
0 5 0 54
0 5 0 55
0 5 0 56
0 5 0 57
0 5 0 58
0 5 0 59
0 5 0 60
0 5 0 61
0 5 0 62
0 5 0 63
0 5 0 80
0 5 0 81
0 5 0 82
0 5 0 83
0 5 0 84
0 5 0 85
0 5 0 86
0 5 0 87
0 5 0 88
0 5 0 89
0 5 0 90
0 5 0 91
0 5 0 92
0 5 0 93
0 5 0 94
0 5 0 95
0 5 0 112
0 5 0 113
0 5 0 114
0 5 0 115
0 5 0 116
0 5 0 117
0 5 0 118
0 5 0 119
0 5 0 120
0 5 0 121
0 5 0 122
0 5 0 123
0 5 0 124
0 5 0 125
0 5 0 126
0 5 0 127
0 5 1 16
0 5 1 17
0 5 1 18
0 5 1 19
0 5 1 20
0 5 1 21
0 5 1 22
0 5 1 23
0 5 1 24
0 5 1 25
0 5 1 26
0 5 1 27
0 5 1 28
0 5 1 29
0 5 1 30
0 5 1 31
0 5 1 48
0 5 1 49
0 5 1 50
0 5 1 51
0 5 1 52
0 5 1 53
0 5 1 54
0 5 1 55
0 5 1 56
0 5 1 57
0 5 1 58
0 5 1 59
0 5 1 60
0 5 1 61
0 5 1 62
0 5 1 63
0 5 1 80
0 5 1 81
0 5 1 82
0 5 1 83
0 5 1 84
0 5 1 85
0 5 1 86
0 5 1 87
0 5 1 88
0 5 1 89
0 5 1 90
0 5 1 91
0 5 1 92
0 5 1 93
0 5 1 94
0 5 1 95
0 5 1 112
0 5 1 113
0 5 1 114
0 5 1 115
0 5 1 116
0 5 1 117
0 5 1 118
0 5 1 119
0 5 1 120
0 5 1 121
0 5 1 122
0 5 1 123
0 5 1 124
0 5 1 125
0 5 1 126
0 5 1 127
0 5 5 16
0 5 5 17
0 5 5 18
0 5 5 19
0 5 5 20
0 5 5 21
0 5 5 22
0 5 5 23
0 5 5 24
0 5 5 25
0 5 5 26
0 5 5 27
0 5 5 28
0 5 5 29
0 5 5 30
0 5 5 31
0 5 5 48
0 5 5 49
0 5 5 50
0 5 5 51
0 5 5 52
0 5 5 53
0 5 5 54
0 5 5 55
0 5 5 56
0 5 5 57
0 5 5 58
0 5 5 59
0 5 5 60
0 5 5 61
0 5 5 62
0 5 5 63
0 5 5 80
0 5 5 81
0 5 5 82
0 5 5 83
0 5 5 84
0 5 5 85
0 5 5 86
0 5 5 87
0 5 5 88
0 5 5 89
0 5 5 90
0 5 5 91
0 5 5 92
0 5 5 93
0 5 5 94
0 5 5 95
0 5 5 112
0 5 5 113
0 5 5 114
0 5 5 115
0 5 5 116
0 5 5 117
0 5 5 118
0 5 5 119
0 5 5 120
0 5 5 121
0 5 5 122
0 5 5 123
0 5 5 124
0 5 5 125
0 5 5 126
0 5 5 127
0 5 8 92
0 5 11 92
0 5 12 92
0 5 15 92
0 5 22 16
0 5 22 17
0 5 22 18
0 5 22 19
0 5 22 20
0 5 22 21
0 5 22 22
0 5 22 23
0 5 22 24
0 5 22 25
0 5 22 26
0 5 22 27
0 5 22 28
0 5 22 29
0 5 22 30
0 5 22 31
0 5 22 48
0 5 22 49
0 5 22 50
0 5 22 51
0 5 22 52
0 5 22 53
0 5 22 54
0 5 22 55
0 5 22 56
0 5 22 57
0 5 22 58
0 5 22 59
0 5 22 60
0 5 22 61
0 5 22 62
0 5 22 63
0 5 22 80
0 5 22 81
0 5 22 82
0 5 22 83
0 5 22 84
0 5 22 85
0 5 22 86
0 5 22 87
0 5 22 88
0 5 22 89
0 5 22 90
0 5 22 91
0 5 22 92
0 5 22 93
0 5 22 94
0 5 22 95
0 5 22 112
0 5 22 113
0 5 22 114
0 5 22 115
0 5 22 116
0 5 22 117
0 5 22 118
0 5 22 119
0 5 22 120
0 5 22 121
0 5 22 122
0 5 22 123
0 5 22 124
0 5 22 125
0 5 22 126
0 5 22 127
0 6 0 16
0 6 0 17
0 6 0 18
0 6 0 19
0 6 0 20
0 6 0 21
0 6 0 22
0 6 0 23
0 6 0 24
0 6 0 25
0 6 0 26
0 6 0 27
0 6 0 28
0 6 0 29
0 6 0 30
0 6 0 31
0 6 0 48
0 6 0 49
0 6 0 50
0 6 0 51
0 6 0 52
0 6 0 53
0 6 0 54
0 6 0 55
0 6 0 56
0 6 0 57
0 6 0 58
0 6 0 59
0 6 0 60
0 6 0 61
0 6 0 62
0 6 0 63
0 6 0 80
0 6 0 81
0 6 0 82
0 6 0 83
0 6 0 84
0 6 0 85
0 6 0 86
0 6 0 87
0 6 0 88
0 6 0 89
0 6 0 90
0 6 0 91
0 6 0 92
0 6 0 93
0 6 0 94
0 6 0 95
0 6 0 112
0 6 0 113
0 6 0 114
0 6 0 115
0 6 0 116
0 6 0 117
0 6 0 118
0 6 0 119
0 6 0 120
0 6 0 121
0 6 0 122
0 6 0 123
0 6 0 124
0 6 0 125
0 6 0 126
0 6 0 127
0 6 1 16
0 6 1 17
0 6 1 18
0 6 1 19
0 6 1 20
0 6 1 21
0 6 1 22
0 6 1 23
0 6 1 24
0 6 1 25
0 6 1 26
0 6 1 27
0 6 1 28
0 6 1 29
0 6 1 30
0 6 1 31
0 6 1 48
0 6 1 49
0 6 1 50
0 6 1 51
0 6 1 52
0 6 1 53
0 6 1 54
0 6 1 55
0 6 1 56
0 6 1 57
0 6 1 58
0 6 1 59
0 6 1 60
0 6 1 61
0 6 1 62
0 6 1 63
0 6 1 80
0 6 1 81
0 6 1 82
0 6 1 83
0 6 1 84
0 6 1 85
0 6 1 86
0 6 1 87
0 6 1 88
0 6 1 89
0 6 1 90
0 6 1 91
0 6 1 92
0 6 1 93
0 6 1 94
0 6 1 95
0 6 1 112
0 6 1 113
0 6 1 114
0 6 1 115
0 6 1 116
0 6 1 117
0 6 1 118
0 6 1 119
0 6 1 120
0 6 1 121
0 6 1 122
0 6 1 123
0 6 1 124
0 6 1 125
0 6 1 126
0 6 1 127
0 6 8 92
0 6 11 92
0 6 12 92
0 6 15 92
0 6 23 16
0 6 23 17
0 6 23 18
0 6 23 19
0 6 23 20
0 6 23 21
0 6 23 22
0 6 23 23
0 6 23 24
0 6 23 25
0 6 23 26
0 6 23 27
0 6 23 28
0 6 23 29
0 6 23 30
0 6 23 31
0 6 23 48
0 6 23 49
0 6 23 50
0 6 23 51
0 6 23 52
0 6 23 53
0 6 23 54
0 6 23 55
0 6 23 56
0 6 23 57
0 6 23 58
0 6 23 59
0 6 23 60
0 6 23 61
0 6 23 62
0 6 23 63
0 6 23 80
0 6 23 81
0 6 23 82
0 6 23 83
0 6 23 84
0 6 23 85
0 6 23 86
0 6 23 87
0 6 23 88
0 6 23 89
0 6 23 90
0 6 23 91
0 6 23 92
0 6 23 93
0 6 23 94
0 6 23 95
0 6 23 112
0 6 23 113
0 6 23 114
0 6 23 115
0 6 23 116
0 6 23 117
0 6 23 118
0 6 23 119
0 6 23 120
0 6 23 121
0 6 23 122
0 6 23 123
0 6 23 124
0 6 23 125
0 6 23 126
0 6 23 127
0 7 0 16
0 7 0 17
0 7 0 18
0 7 0 19
0 7 0 20
0 7 0 21
0 7 0 22
0 7 0 23
0 7 0 24
0 7 0 25
0 7 0 26
0 7 0 27
0 7 0 28
0 7 0 29
0 7 0 30
0 7 0 31
0 7 0 48
0 7 0 49
0 7 0 50
0 7 0 51
0 7 0 52
0 7 0 53
0 7 0 54
0 7 0 55
0 7 0 56
0 7 0 57
0 7 0 58
0 7 0 59
0 7 0 60
0 7 0 61
0 7 0 62
0 7 0 63
0 7 0 80
0 7 0 81
0 7 0 82
0 7 0 83
0 7 0 84
0 7 0 85
0 7 0 86
0 7 0 87
0 7 0 88
0 7 0 89
0 7 0 90
0 7 0 91
0 7 0 92
0 7 0 93
0 7 0 94
0 7 0 95
0 7 0 112
0 7 0 113
0 7 0 114
0 7 0 115
0 7 0 116
0 7 0 117
0 7 0 118
0 7 0 119
0 7 0 120
0 7 0 121
0 7 0 122
0 7 0 123
0 7 0 124
0 7 0 125
0 7 0 126
0 7 0 127
0 7 1 16
0 7 1 17
0 7 1 18
0 7 1 19
0 7 1 20
0 7 1 21
0 7 1 22
0 7 1 23
0 7 1 24
0 7 1 25
0 7 1 26
0 7 1 27
0 7 1 28
0 7 1 29
0 7 1 30
0 7 1 31
0 7 1 48
0 7 1 49
0 7 1 50
0 7 1 51
0 7 1 52
0 7 1 53
0 7 1 54
0 7 1 55
0 7 1 56
0 7 1 57
0 7 1 58
0 7 1 59
0 7 1 60
0 7 1 61
0 7 1 62
0 7 1 63
0 7 1 80
0 7 1 81
0 7 1 82
0 7 1 83
0 7 1 84
0 7 1 85
0 7 1 86
0 7 1 87
0 7 1 88
0 7 1 89
0 7 1 90
0 7 1 91
0 7 1 92
0 7 1 93
0 7 1 94
0 7 1 95
0 7 1 112
0 7 1 113
0 7 1 114
0 7 1 115
0 7 1 116
0 7 1 117
0 7 1 118
0 7 1 119
0 7 1 120
0 7 1 121
0 7 1 122
0 7 1 123
0 7 1 124
0 7 1 125
0 7 1 126
0 7 1 127
0 7 5 16
0 7 5 17
0 7 5 18
0 7 5 19
0 7 5 20
0 7 5 21
0 7 5 22
0 7 5 23
0 7 5 24
0 7 5 25
0 7 5 26
0 7 5 27
0 7 5 28
0 7 5 29
0 7 5 30
0 7 5 31
0 7 5 48
0 7 5 49
0 7 5 50
0 7 5 51
0 7 5 52
0 7 5 53
0 7 5 54
0 7 5 55
0 7 5 56
0 7 5 57
0 7 5 58
0 7 5 59
0 7 5 60
0 7 5 61
0 7 5 62
0 7 5 63
0 7 5 80
0 7 5 81
0 7 5 82
0 7 5 83
0 7 5 84
0 7 5 85
0 7 5 86
0 7 5 87
0 7 5 88
0 7 5 89
0 7 5 90
0 7 5 91
0 7 5 92
0 7 5 93
0 7 5 94
0 7 5 95
0 7 5 112
0 7 5 113
0 7 5 114
0 7 5 115
0 7 5 116
0 7 5 117
0 7 5 118
0 7 5 119
0 7 5 120
0 7 5 121
0 7 5 122
0 7 5 123
0 7 5 124
0 7 5 125
0 7 5 126
0 7 5 127
0 7 8 92
0 7 11 92
0 7 12 92
0 7 15 92
0 7 18 0
0 7 18 1
0 7 18 2
0 7 18 3
0 7 18 4
0 7 18 5
0 7 18 6
0 7 18 7
0 7 18 8
0 7 18 9
0 7 18 10
0 7 18 11
0 7 18 12
0 7 18 13
0 7 18 14
0 7 18 15
0 7 18 16
0 7 18 17
0 7 18 18
0 7 18 19
0 7 18 20
0 7 18 21
0 7 18 22
0 7 18 23
0 7 18 24
0 7 18 25
0 7 18 26
0 7 18 27
0 7 18 28
0 7 18 29
0 7 18 30
0 7 18 31
0 7 18 32
0 7 18 33
0 7 18 34
0 7 18 35
0 7 18 36
0 7 18 37
0 7 18 38
0 7 18 39
0 7 18 40
0 7 18 41
0 7 18 42
0 7 18 43
0 7 18 44
0 7 18 45
0 7 18 46
0 7 18 47
0 7 18 48
0 7 18 49
0 7 18 50
0 7 18 51
0 7 18 52
0 7 18 53
0 7 18 54
0 7 18 55
0 7 18 56
0 7 18 57
0 7 18 58
0 7 18 59
0 7 18 60
0 7 18 61
0 7 18 62
0 7 18 63
0 7 18 64
0 7 18 65
0 7 18 66
0 7 18 67
0 7 18 68
0 7 18 69
0 7 18 70
0 7 18 71
0 7 18 72
0 7 18 73
0 7 18 74
0 7 18 75
0 7 18 76
0 7 18 77
0 7 18 78
0 7 18 79
0 7 18 80
0 7 18 81
0 7 18 82
0 7 18 83
0 7 18 84
0 7 18 85
0 7 18 86
0 7 18 87
0 7 18 88
0 7 18 89
0 7 18 90
0 7 18 91
0 7 18 92
0 7 18 93
0 7 18 94
0 7 18 95
0 7 18 96
0 7 18 97
0 7 18 98
0 7 18 99
0 7 18 100
0 7 18 101
0 7 18 102
0 7 18 103
0 7 18 104
0 7 18 105
0 7 18 106
0 7 18 107
0 7 18 108
0 7 18 109
0 7 18 110
0 7 18 111
0 7 18 112
0 7 18 113
0 7 18 114
0 7 18 115
0 7 18 116
0 7 18 117
0 7 18 118
0 7 18 119
0 7 18 120
0 7 18 121
0 7 18 122
0 7 18 123
0 7 18 124
0 7 18 125
0 7 18 126
0 7 18 127
0 7 19 0
0 7 19 1
0 7 19 2
0 7 19 3
0 7 19 4
0 7 19 5
0 7 19 6
0 7 19 7
0 7 19 8
0 7 19 9
0 7 19 10
0 7 19 11
0 7 19 12
0 7 19 13
0 7 19 14
0 7 19 15
0 7 19 16
0 7 19 17
0 7 19 18
0 7 19 19
0 7 19 20
0 7 19 21
0 7 19 22
0 7 19 23
0 7 19 24
0 7 19 25
0 7 19 26
0 7 19 27
0 7 19 28
0 7 19 29
0 7 19 30
0 7 19 31
0 7 19 32
0 7 19 33
0 7 19 34
0 7 19 35
0 7 19 36
0 7 19 37
0 7 19 38
0 7 19 39
0 7 19 40
0 7 19 41
0 7 19 42
0 7 19 43
0 7 19 44
0 7 19 45
0 7 19 46
0 7 19 47
0 7 19 48
0 7 19 49
0 7 19 50
0 7 19 51
0 7 19 52
0 7 19 53
0 7 19 54
0 7 19 55
0 7 19 56
0 7 19 57
0 7 19 58
0 7 19 59
0 7 19 60
0 7 19 61
0 7 19 62
0 7 19 63
0 7 19 64
0 7 19 65
0 7 19 66
0 7 19 67
0 7 19 68
0 7 19 69
0 7 19 70
0 7 19 71
0 7 19 72
0 7 19 73
0 7 19 74
0 7 19 75
0 7 19 76
0 7 19 77
0 7 19 78
0 7 19 79
0 7 19 80
0 7 19 81
0 7 19 82
0 7 19 83
0 7 19 84
0 7 19 85
0 7 19 86
0 7 19 87
0 7 19 88
0 7 19 89
0 7 19 90
0 7 19 91
0 7 19 92
0 7 19 93
0 7 19 94
0 7 19 95
0 7 19 96
0 7 19 97
0 7 19 98
0 7 19 99
0 7 19 100
0 7 19 101
0 7 19 102
0 7 19 103
0 7 19 104
0 7 19 105
0 7 19 106
0 7 19 107
0 7 19 108
0 7 19 109
0 7 19 110
0 7 19 111
0 7 19 112
0 7 19 113
0 7 19 114
0 7 19 115
0 7 19 116
0 7 19 117
0 7 19 118
0 7 19 119
0 7 19 120
0 7 19 121
0 7 19 122
0 7 19 123
0 7 19 124
0 7 19 125
0 7 19 126
0 7 19 127
0 7 21 16
0 7 21 17
0 7 21 18
0 7 21 19
0 7 21 20
0 7 21 21
0 7 21 22
0 7 21 23
0 7 21 24
0 7 21 25
0 7 21 26
0 7 21 27
0 7 21 28
0 7 21 29
0 7 21 30
0 7 21 31
0 7 21 48
0 7 21 49
0 7 21 50
0 7 21 51
0 7 21 52
0 7 21 53
0 7 21 54
0 7 21 55
0 7 21 56
0 7 21 57
0 7 21 58
0 7 21 59
0 7 21 60
0 7 21 61
0 7 21 62
0 7 21 63
0 7 21 80
0 7 21 81
0 7 21 82
0 7 21 83
0 7 21 84
0 7 21 85
0 7 21 86
0 7 21 87
0 7 21 88
0 7 21 89
0 7 21 90
0 7 21 91
0 7 21 92
0 7 21 93
0 7 21 94
0 7 21 95
0 7 21 112
0 7 21 113
0 7 21 114
0 7 21 115
0 7 21 116
0 7 21 117
0 7 21 118
0 7 21 119
0 7 21 120
0 7 21 121
0 7 21 122
0 7 21 123
0 7 21 124
0 7 21 125
0 7 21 126
0 7 21 127
0 7 22 0
0 7 22 1
0 7 22 2
0 7 22 3
0 7 22 4
0 7 22 5
0 7 22 6
0 7 22 7
0 7 22 8
0 7 22 9
0 7 22 10
0 7 22 11
0 7 22 12
0 7 22 13
0 7 22 14
0 7 22 15
0 7 22 32
0 7 22 33
0 7 22 34
0 7 22 35
0 7 22 36
0 7 22 37
0 7 22 38
0 7 22 39
0 7 22 40
0 7 22 41
0 7 22 42
0 7 22 43
0 7 22 44
0 7 22 45
0 7 22 46
0 7 22 47
0 7 22 64
0 7 22 65
0 7 22 66
0 7 22 67
0 7 22 68
0 7 22 69
0 7 22 70
0 7 22 71
0 7 22 72
0 7 22 73
0 7 22 74
0 7 22 75
0 7 22 76
0 7 22 77
0 7 22 78
0 7 22 79
0 7 22 96
0 7 22 97
0 7 22 98
0 7 22 99
0 7 22 100
0 7 22 101
0 7 22 102
0 7 22 103
0 7 22 104
0 7 22 105
0 7 22 106
0 7 22 107
0 7 22 108
0 7 22 109
0 7 22 110
0 7 22 111
0 7 23 0
0 7 23 1
0 7 23 2
0 7 23 3
0 7 23 4
0 7 23 5
0 7 23 6
0 7 23 7
0 7 23 8
0 7 23 9
0 7 23 10
0 7 23 11
0 7 23 12
0 7 23 13
0 7 23 14
0 7 23 15
0 7 23 32
0 7 23 33
0 7 23 34
0 7 23 35
0 7 23 36
0 7 23 37
0 7 23 38
0 7 23 39
0 7 23 40
0 7 23 41
0 7 23 42
0 7 23 43
0 7 23 44
0 7 23 45
0 7 23 46
0 7 23 47
0 7 23 64
0 7 23 65
0 7 23 66
0 7 23 67
0 7 23 68
0 7 23 69
0 7 23 70
0 7 23 71
0 7 23 72
0 7 23 73
0 7 23 74
0 7 23 75
0 7 23 76
0 7 23 77
0 7 23 78
0 7 23 79
0 7 23 96
0 7 23 97
0 7 23 98
0 7 23 99
0 7 23 100
0 7 23 101
0 7 23 102
0 7 23 103
0 7 23 104
0 7 23 105
0 7 23 106
0 7 23 107
0 7 23 108
0 7 23 109
0 7 23 110
0 7 23 111
1 0 8 92
1 0 11 92
1 0 12 92
1 0 15 92
1 0 23 16
1 0 23 17
1 0 23 18
1 0 23 19
1 0 23 20
1 0 23 21
1 0 23 22
1 0 23 23
1 0 23 24
1 0 23 25
1 0 23 26
1 0 23 27
1 0 23 28
1 0 23 29
1 0 23 30
1 0 23 31
1 0 23 48
1 0 23 49
1 0 23 50
1 0 23 51
1 0 23 52
1 0 23 53
1 0 23 54
1 0 23 55
1 0 23 56
1 0 23 57
1 0 23 58
1 0 23 59
1 0 23 60
1 0 23 61
1 0 23 62
1 0 23 63
1 0 23 80
1 0 23 81
1 0 23 82
1 0 23 83
1 0 23 84
1 0 23 85
1 0 23 86
1 0 23 87
1 0 23 88
1 0 23 89
1 0 23 90
1 0 23 91
1 0 23 92
1 0 23 93
1 0 23 94
1 0 23 95
1 0 23 112
1 0 23 113
1 0 23 114
1 0 23 115
1 0 23 116
1 0 23 117
1 0 23 118
1 0 23 119
1 0 23 120
1 0 23 121
1 0 23 122
1 0 23 123
1 0 23 124
1 0 23 125
1 0 23 126
1 0 23 127
1 1 0 16
1 1 0 17
1 1 0 18
1 1 0 19
1 1 0 20
1 1 0 21
1 1 0 22
1 1 0 23
1 1 0 24
1 1 0 25
1 1 0 26
1 1 0 27
1 1 0 28
1 1 0 29
1 1 0 30
1 1 0 31
1 1 0 48
1 1 0 49
1 1 0 50
1 1 0 51
1 1 0 52
1 1 0 53
1 1 0 54
1 1 0 55
1 1 0 56
1 1 0 57
1 1 0 58
1 1 0 59
1 1 0 60
1 1 0 61
1 1 0 62
1 1 0 63
1 1 0 80
1 1 0 81
1 1 0 82
1 1 0 83
1 1 0 84
1 1 0 85
1 1 0 86
1 1 0 87
1 1 0 88
1 1 0 89
1 1 0 90
1 1 0 91
1 1 0 92
1 1 0 93
1 1 0 94
1 1 0 95
1 1 0 112
1 1 0 113
1 1 0 114
1 1 0 115
1 1 0 116
1 1 0 117
1 1 0 118
1 1 0 119
1 1 0 120
1 1 0 121
1 1 0 122
1 1 0 123
1 1 0 124
1 1 0 125
1 1 0 126
1 1 0 127
1 1 8 92
1 1 11 92
1 1 12 92
1 1 15 92
1 1 22 16
1 1 22 17
1 1 22 18
1 1 22 19
1 1 22 20
1 1 22 21
1 1 22 22
1 1 22 23
1 1 22 24
1 1 22 25
1 1 22 26
1 1 22 27
1 1 22 28
1 1 22 29
1 1 22 30
1 1 22 31
1 1 22 48
1 1 22 49
1 1 22 50
1 1 22 51
1 1 22 52
1 1 22 53
1 1 22 54
1 1 22 55
1 1 22 56
1 1 22 57
1 1 22 58
1 1 22 59
1 1 22 60
1 1 22 61
1 1 22 62
1 1 22 63
1 1 22 80
1 1 22 81
1 1 22 82
1 1 22 83
1 1 22 84
1 1 22 85
1 1 22 86
1 1 22 87
1 1 22 88
1 1 22 89
1 1 22 90
1 1 22 91
1 1 22 92
1 1 22 93
1 1 22 94
1 1 22 95
1 1 22 112
1 1 22 113
1 1 22 114
1 1 22 115
1 1 22 116
1 1 22 117
1 1 22 118
1 1 22 119
1 1 22 120
1 1 22 121
1 1 22 122
1 1 22 123
1 1 22 124
1 1 22 125
1 1 22 126
1 1 22 127
1 1 23 16
1 1 23 17
1 1 23 18
1 1 23 19
1 1 23 20
1 1 23 21
1 1 23 22
1 1 23 23
1 1 23 24
1 1 23 25
1 1 23 26
1 1 23 27
1 1 23 28
1 1 23 29
1 1 23 30
1 1 23 31
1 1 23 48
1 1 23 49
1 1 23 50
1 1 23 51
1 1 23 52
1 1 23 53
1 1 23 54
1 1 23 55
1 1 23 56
1 1 23 57
1 1 23 58
1 1 23 59
1 1 23 60
1 1 23 61
1 1 23 62
1 1 23 63
1 1 23 80
1 1 23 81
1 1 23 82
1 1 23 83
1 1 23 84
1 1 23 85
1 1 23 86
1 1 23 87
1 1 23 88
1 1 23 89
1 1 23 90
1 1 23 91
1 1 23 92
1 1 23 93
1 1 23 94
1 1 23 95
1 1 23 112
1 1 23 113
1 1 23 114
1 1 23 115
1 1 23 116
1 1 23 117
1 1 23 118
1 1 23 119
1 1 23 120
1 1 23 121
1 1 23 122
1 1 23 123
1 1 23 124
1 1 23 125
1 1 23 126
1 1 23 127
1 2 0 16
1 2 0 17
1 2 0 18
1 2 0 19
1 2 0 20
1 2 0 21
1 2 0 22
1 2 0 23
1 2 0 24
1 2 0 25
1 2 0 26
1 2 0 27
1 2 0 28
1 2 0 29
1 2 0 30
1 2 0 31
1 2 0 48
1 2 0 49
1 2 0 50
1 2 0 51
1 2 0 52
1 2 0 53
1 2 0 54
1 2 0 55
1 2 0 56
1 2 0 57
1 2 0 58
1 2 0 59
1 2 0 60
1 2 0 61
1 2 0 62
1 2 0 63
1 2 0 80
1 2 0 81
1 2 0 82
1 2 0 83
1 2 0 84
1 2 0 85
1 2 0 86
1 2 0 87
1 2 0 88
1 2 0 89
1 2 0 90
1 2 0 91
1 2 0 92
1 2 0 93
1 2 0 94
1 2 0 95
1 2 0 112
1 2 0 113
1 2 0 114
1 2 0 115
1 2 0 116
1 2 0 117
1 2 0 118
1 2 0 119
1 2 0 120
1 2 0 121
1 2 0 122
1 2 0 123
1 2 0 124
1 2 0 125
1 2 0 126
1 2 0 127
1 2 8 92
1 2 11 92
1 2 12 92
1 2 15 92
1 2 23 16
1 2 23 17
1 2 23 18
1 2 23 19
1 2 23 20
1 2 23 21
1 2 23 22
1 2 23 23
1 2 23 24
1 2 23 25
1 2 23 26
1 2 23 27
1 2 23 28
1 2 23 29
1 2 23 30
1 2 23 31
1 2 23 48
1 2 23 49
1 2 23 50
1 2 23 51
1 2 23 52
1 2 23 53
1 2 23 54
1 2 23 55
1 2 23 56
1 2 23 57
1 2 23 58
1 2 23 59
1 2 23 60
1 2 23 61
1 2 23 62
1 2 23 63
1 2 23 80
1 2 23 81
1 2 23 82
1 2 23 83
1 2 23 84
1 2 23 85
1 2 23 86
1 2 23 87
1 2 23 88
1 2 23 89
1 2 23 90
1 2 23 91
1 2 23 92
1 2 23 93
1 2 23 94
1 2 23 95
1 2 23 112
1 2 23 113
1 2 23 114
1 2 23 115
1 2 23 116
1 2 23 117
1 2 23 118
1 2 23 119
1 2 23 120
1 2 23 121
1 2 23 122
1 2 23 123
1 2 23 124
1 2 23 125
1 2 23 126
1 2 23 127
1 3 0 16
1 3 0 17
1 3 0 18
1 3 0 19
1 3 0 20
1 3 0 21
1 3 0 22
1 3 0 23
1 3 0 24
1 3 0 25
1 3 0 26
1 3 0 27
1 3 0 28
1 3 0 29
1 3 0 30
1 3 0 31
1 3 0 48
1 3 0 49
1 3 0 50
1 3 0 51
1 3 0 52
1 3 0 53
1 3 0 54
1 3 0 55
1 3 0 56
1 3 0 57
1 3 0 58
1 3 0 59
1 3 0 60
1 3 0 61
1 3 0 62
1 3 0 63
1 3 0 80
1 3 0 81
1 3 0 82
1 3 0 83
1 3 0 84
1 3 0 85
1 3 0 86
1 3 0 87
1 3 0 88
1 3 0 89
1 3 0 90
1 3 0 91
1 3 0 92
1 3 0 93
1 3 0 94
1 3 0 95
1 3 0 112
1 3 0 113
1 3 0 114
1 3 0 115
1 3 0 116
1 3 0 117
1 3 0 118
1 3 0 119
1 3 0 120
1 3 0 121
1 3 0 122
1 3 0 123
1 3 0 124
1 3 0 125
1 3 0 126
1 3 0 127
1 3 1 16
1 3 1 17
1 3 1 18
1 3 1 19
1 3 1 20
1 3 1 21
1 3 1 22
1 3 1 23
1 3 1 24
1 3 1 25
1 3 1 26
1 3 1 27
1 3 1 28
1 3 1 29
1 3 1 30
1 3 1 31
1 3 1 48
1 3 1 49
1 3 1 50
1 3 1 51
1 3 1 52
1 3 1 53
1 3 1 54
1 3 1 55
1 3 1 56
1 3 1 57
1 3 1 58
1 3 1 59
1 3 1 60
1 3 1 61
1 3 1 62
1 3 1 63
1 3 1 80
1 3 1 81
1 3 1 82
1 3 1 83
1 3 1 84
1 3 1 85
1 3 1 86
1 3 1 87
1 3 1 88
1 3 1 89
1 3 1 90
1 3 1 91
1 3 1 92
1 3 1 93
1 3 1 94
1 3 1 95
1 3 1 112
1 3 1 113
1 3 1 114
1 3 1 115
1 3 1 116
1 3 1 117
1 3 1 118
1 3 1 119
1 3 1 120
1 3 1 121
1 3 1 122
1 3 1 123
1 3 1 124
1 3 1 125
1 3 1 126
1 3 1 127
1 3 2 16
1 3 2 17
1 3 2 18
1 3 2 19
1 3 2 20
1 3 2 21
1 3 2 22
1 3 2 23
1 3 2 24
1 3 2 25
1 3 2 26
1 3 2 27
1 3 2 28
1 3 2 29
1 3 2 30
1 3 2 31
1 3 2 48
1 3 2 49
1 3 2 50
1 3 2 51
1 3 2 52
1 3 2 53
1 3 2 54
1 3 2 55
1 3 2 56
1 3 2 57
1 3 2 58
1 3 2 59
1 3 2 60
1 3 2 61
1 3 2 62
1 3 2 63
1 3 2 80
1 3 2 81
1 3 2 82
1 3 2 83
1 3 2 84
1 3 2 85
1 3 2 86
1 3 2 87
1 3 2 88
1 3 2 89
1 3 2 90
1 3 2 91
1 3 2 92
1 3 2 93
1 3 2 94
1 3 2 95
1 3 2 112
1 3 2 113
1 3 2 114
1 3 2 115
1 3 2 116
1 3 2 117
1 3 2 118
1 3 2 119
1 3 2 120
1 3 2 121
1 3 2 122
1 3 2 123
1 3 2 124
1 3 2 125
1 3 2 126
1 3 2 127
1 3 5 16
1 3 5 17
1 3 5 18
1 3 5 19
1 3 5 20
1 3 5 21
1 3 5 22
1 3 5 23
1 3 5 24
1 3 5 25
1 3 5 26
1 3 5 27
1 3 5 28
1 3 5 29
1 3 5 30
1 3 5 31
1 3 5 48
1 3 5 49
1 3 5 50
1 3 5 51
1 3 5 52
1 3 5 53
1 3 5 54
1 3 5 55
1 3 5 56
1 3 5 57
1 3 5 58
1 3 5 59
1 3 5 60
1 3 5 61
1 3 5 62
1 3 5 63
1 3 5 80
1 3 5 81
1 3 5 82
1 3 5 83
1 3 5 84
1 3 5 85
1 3 5 86
1 3 5 87
1 3 5 88
1 3 5 89
1 3 5 90
1 3 5 91
1 3 5 92
1 3 5 93
1 3 5 94
1 3 5 95
1 3 5 112
1 3 5 113
1 3 5 114
1 3 5 115
1 3 5 116
1 3 5 117
1 3 5 118
1 3 5 119
1 3 5 120
1 3 5 121
1 3 5 122
1 3 5 123
1 3 5 124
1 3 5 125
1 3 5 126
1 3 5 127
1 3 8 92
1 3 11 92
1 3 12 92
1 3 15 92
1 3 18 16
1 3 18 17
1 3 18 18
1 3 18 19
1 3 18 20
1 3 18 21
1 3 18 22
1 3 18 23
1 3 18 24
1 3 18 25
1 3 18 26
1 3 18 27
1 3 18 28
1 3 18 29
1 3 18 30
1 3 18 31
1 3 18 48
1 3 18 49
1 3 18 50
1 3 18 51
1 3 18 52
1 3 18 53
1 3 18 54
1 3 18 55
1 3 18 56
1 3 18 57
1 3 18 58
1 3 18 59
1 3 18 60
1 3 18 61
1 3 18 62
1 3 18 63
1 3 18 80
1 3 18 81
1 3 18 82
1 3 18 83
1 3 18 84
1 3 18 85
1 3 18 86
1 3 18 87
1 3 18 88
1 3 18 89
1 3 18 90
1 3 18 91
1 3 18 92
1 3 18 93
1 3 18 94
1 3 18 95
1 3 18 112
1 3 18 113
1 3 18 114
1 3 18 115
1 3 18 116
1 3 18 117
1 3 18 118
1 3 18 119
1 3 18 120
1 3 18 121
1 3 18 122
1 3 18 123
1 3 18 124
1 3 18 125
1 3 18 126
1 3 18 127
1 3 21 16
1 3 21 17
1 3 21 18
1 3 21 19
1 3 21 20
1 3 21 21
1 3 21 22
1 3 21 23
1 3 21 24
1 3 21 25
1 3 21 26
1 3 21 27
1 3 21 28
1 3 21 29
1 3 21 30
1 3 21 31
1 3 21 48
1 3 21 49
1 3 21 50
1 3 21 51
1 3 21 52
1 3 21 53
1 3 21 54
1 3 21 55
1 3 21 56
1 3 21 57
1 3 21 58
1 3 21 59
1 3 21 60
1 3 21 61
1 3 21 62
1 3 21 63
1 3 21 80
1 3 21 81
1 3 21 82
1 3 21 83
1 3 21 84
1 3 21 85
1 3 21 86
1 3 21 87
1 3 21 88
1 3 21 89
1 3 21 90
1 3 21 91
1 3 21 92
1 3 21 93
1 3 21 94
1 3 21 95
1 3 21 112
1 3 21 113
1 3 21 114
1 3 21 115
1 3 21 116
1 3 21 117
1 3 21 118
1 3 21 119
1 3 21 120
1 3 21 121
1 3 21 122
1 3 21 123
1 3 21 124
1 3 21 125
1 3 21 126
1 3 21 127
1 3 22 16
1 3 22 17
1 3 22 18
1 3 22 19
1 3 22 20
1 3 22 21
1 3 22 22
1 3 22 23
1 3 22 24
1 3 22 25
1 3 22 26
1 3 22 27
1 3 22 28
1 3 22 29
1 3 22 30
1 3 22 31
1 3 22 48
1 3 22 49
1 3 22 50
1 3 22 51
1 3 22 52
1 3 22 53
1 3 22 54
1 3 22 55
1 3 22 56
1 3 22 57
1 3 22 58
1 3 22 59
1 3 22 60
1 3 22 61
1 3 22 62
1 3 22 63
1 3 22 80
1 3 22 81
1 3 22 82
1 3 22 83
1 3 22 84
1 3 22 85
1 3 22 86
1 3 22 87
1 3 22 88
1 3 22 89
1 3 22 90
1 3 22 91
1 3 22 92
1 3 22 93
1 3 22 94
1 3 22 95
1 3 22 112
1 3 22 113
1 3 22 114
1 3 22 115
1 3 22 116
1 3 22 117
1 3 22 118
1 3 22 119
1 3 22 120
1 3 22 121
1 3 22 122
1 3 22 123
1 3 22 124
1 3 22 125
1 3 22 126
1 3 22 127
1 4 0 16
1 4 0 17
1 4 0 18
1 4 0 19
1 4 0 20
1 4 0 21
1 4 0 22
1 4 0 23
1 4 0 24
1 4 0 25
1 4 0 26
1 4 0 27
1 4 0 28
1 4 0 29
1 4 0 30
1 4 0 31
1 4 0 48
1 4 0 49
1 4 0 50
1 4 0 51
1 4 0 52
1 4 0 53
1 4 0 54
1 4 0 55
1 4 0 56
1 4 0 57
1 4 0 58
1 4 0 59
1 4 0 60
1 4 0 61
1 4 0 62
1 4 0 63
1 4 0 80
1 4 0 81
1 4 0 82
1 4 0 83
1 4 0 84
1 4 0 85
1 4 0 86
1 4 0 87
1 4 0 88
1 4 0 89
1 4 0 90
1 4 0 91
1 4 0 92
1 4 0 93
1 4 0 94
1 4 0 95
1 4 0 112
1 4 0 113
1 4 0 114
1 4 0 115
1 4 0 116
1 4 0 117
1 4 0 118
1 4 0 119
1 4 0 120
1 4 0 121
1 4 0 122
1 4 0 123
1 4 0 124
1 4 0 125
1 4 0 126
1 4 0 127
1 4 8 92
1 4 11 92
1 4 12 92
1 4 15 92
1 4 23 16
1 4 23 17
1 4 23 18
1 4 23 19
1 4 23 20
1 4 23 21
1 4 23 22
1 4 23 23
1 4 23 24
1 4 23 25
1 4 23 26
1 4 23 27
1 4 23 28
1 4 23 29
1 4 23 30
1 4 23 31
1 4 23 48
1 4 23 49
1 4 23 50
1 4 23 51
1 4 23 52
1 4 23 53
1 4 23 54
1 4 23 55
1 4 23 56
1 4 23 57
1 4 23 58
1 4 23 59
1 4 23 60
1 4 23 61
1 4 23 62
1 4 23 63
1 4 23 80
1 4 23 81
1 4 23 82
1 4 23 83
1 4 23 84
1 4 23 85
1 4 23 86
1 4 23 87
1 4 23 88
1 4 23 89
1 4 23 90
1 4 23 91
1 4 23 92
1 4 23 93
1 4 23 94
1 4 23 95
1 4 23 112
1 4 23 113
1 4 23 114
1 4 23 115
1 4 23 116
1 4 23 117
1 4 23 118
1 4 23 119
1 4 23 120
1 4 23 121
1 4 23 122
1 4 23 123
1 4 23 124
1 4 23 125
1 4 23 126
1 4 23 127
1 5 0 16
1 5 0 17
1 5 0 18
1 5 0 19
1 5 0 20
1 5 0 21
1 5 0 22
1 5 0 23
1 5 0 24
1 5 0 25
1 5 0 26
1 5 0 27
1 5 0 28
1 5 0 29
1 5 0 30
1 5 0 31
1 5 0 48
1 5 0 49
1 5 0 50
1 5 0 51
1 5 0 52
1 5 0 53
1 5 0 54
1 5 0 55
1 5 0 56
1 5 0 57
1 5 0 58
1 5 0 59
1 5 0 60
1 5 0 61
1 5 0 62
1 5 0 63
1 5 0 80
1 5 0 81
1 5 0 82
1 5 0 83
1 5 0 84
1 5 0 85
1 5 0 86
1 5 0 87
1 5 0 88
1 5 0 89
1 5 0 90
1 5 0 91
1 5 0 92
1 5 0 93
1 5 0 94
1 5 0 95
1 5 0 112
1 5 0 113
1 5 0 114
1 5 0 115
1 5 0 116
1 5 0 117
1 5 0 118
1 5 0 119
1 5 0 120
1 5 0 121
1 5 0 122
1 5 0 123
1 5 0 124
1 5 0 125
1 5 0 126
1 5 0 127
1 5 1 16
1 5 1 17
1 5 1 18
1 5 1 19
1 5 1 20
1 5 1 21
1 5 1 22
1 5 1 23
1 5 1 24
1 5 1 25
1 5 1 26
1 5 1 27
1 5 1 28
1 5 1 29
1 5 1 30
1 5 1 31
1 5 1 48
1 5 1 49
1 5 1 50
1 5 1 51
1 5 1 52
1 5 1 53
1 5 1 54
1 5 1 55
1 5 1 56
1 5 1 57
1 5 1 58
1 5 1 59
1 5 1 60
1 5 1 61
1 5 1 62
1 5 1 63
1 5 1 80
1 5 1 81
1 5 1 82
1 5 1 83
1 5 1 84
1 5 1 85
1 5 1 86
1 5 1 87
1 5 1 88
1 5 1 89
1 5 1 90
1 5 1 91
1 5 1 92
1 5 1 93
1 5 1 94
1 5 1 95
1 5 1 112
1 5 1 113
1 5 1 114
1 5 1 115
1 5 1 116
1 5 1 117
1 5 1 118
1 5 1 119
1 5 1 120
1 5 1 121
1 5 1 122
1 5 1 123
1 5 1 124
1 5 1 125
1 5 1 126
1 5 1 127
1 5 8 92
1 5 11 92
1 5 12 92
1 5 15 92
1 5 22 16
1 5 22 17
1 5 22 18
1 5 22 19
1 5 22 20
1 5 22 21
1 5 22 22
1 5 22 23
1 5 22 24
1 5 22 25
1 5 22 26
1 5 22 27
1 5 22 28
1 5 22 29
1 5 22 30
1 5 22 31
1 5 22 48
1 5 22 49
1 5 22 50
1 5 22 51
1 5 22 52
1 5 22 53
1 5 22 54
1 5 22 55
1 5 22 56
1 5 22 57
1 5 22 58
1 5 22 59
1 5 22 60
1 5 22 61
1 5 22 62
1 5 22 63
1 5 22 80
1 5 22 81
1 5 22 82
1 5 22 83
1 5 22 84
1 5 22 85
1 5 22 86
1 5 22 87
1 5 22 88
1 5 22 89
1 5 22 90
1 5 22 91
1 5 22 92
1 5 22 93
1 5 22 94
1 5 22 95
1 5 22 112
1 5 22 113
1 5 22 114
1 5 22 115
1 5 22 116
1 5 22 117
1 5 22 118
1 5 22 119
1 5 22 120
1 5 22 121
1 5 22 122
1 5 22 123
1 5 22 124
1 5 22 125
1 5 22 126
1 5 22 127
1 5 23 16
1 5 23 17
1 5 23 18
1 5 23 19
1 5 23 20
1 5 23 21
1 5 23 22
1 5 23 23
1 5 23 24
1 5 23 25
1 5 23 26
1 5 23 27
1 5 23 28
1 5 23 29
1 5 23 30
1 5 23 31
1 5 23 48
1 5 23 49
1 5 23 50
1 5 23 51
1 5 23 52
1 5 23 53
1 5 23 54
1 5 23 55
1 5 23 56
1 5 23 57
1 5 23 58
1 5 23 59
1 5 23 60
1 5 23 61
1 5 23 62
1 5 23 63
1 5 23 80
1 5 23 81
1 5 23 82
1 5 23 83
1 5 23 84
1 5 23 85
1 5 23 86
1 5 23 87
1 5 23 88
1 5 23 89
1 5 23 90
1 5 23 91
1 5 23 92
1 5 23 93
1 5 23 94
1 5 23 95
1 5 23 112
1 5 23 113
1 5 23 114
1 5 23 115
1 5 23 116
1 5 23 117
1 5 23 118
1 5 23 119
1 5 23 120
1 5 23 121
1 5 23 122
1 5 23 123
1 5 23 124
1 5 23 125
1 5 23 126
1 5 23 127
1 6 0 16
1 6 0 17
1 6 0 18
1 6 0 19
1 6 0 20
1 6 0 21
1 6 0 22
1 6 0 23
1 6 0 24
1 6 0 25
1 6 0 26
1 6 0 27
1 6 0 28
1 6 0 29
1 6 0 30
1 6 0 31
1 6 0 48
1 6 0 49
1 6 0 50
1 6 0 51
1 6 0 52
1 6 0 53
1 6 0 54
1 6 0 55
1 6 0 56
1 6 0 57
1 6 0 58
1 6 0 59
1 6 0 60
1 6 0 61
1 6 0 62
1 6 0 63
1 6 0 80
1 6 0 81
1 6 0 82
1 6 0 83
1 6 0 84
1 6 0 85
1 6 0 86
1 6 0 87
1 6 0 88
1 6 0 89
1 6 0 90
1 6 0 91
1 6 0 92
1 6 0 93
1 6 0 94
1 6 0 95
1 6 0 112
1 6 0 113
1 6 0 114
1 6 0 115
1 6 0 116
1 6 0 117
1 6 0 118
1 6 0 119
1 6 0 120
1 6 0 121
1 6 0 122
1 6 0 123
1 6 0 124
1 6 0 125
1 6 0 126
1 6 0 127
1 6 8 92
1 6 11 92
1 6 12 92
1 6 15 92
1 6 23 16
1 6 23 17
1 6 23 18
1 6 23 19
1 6 23 20
1 6 23 21
1 6 23 22
1 6 23 23
1 6 23 24
1 6 23 25
1 6 23 26
1 6 23 27
1 6 23 28
1 6 23 29
1 6 23 30
1 6 23 31
1 6 23 48
1 6 23 49
1 6 23 50
1 6 23 51
1 6 23 52
1 6 23 53
1 6 23 54
1 6 23 55
1 6 23 56
1 6 23 57
1 6 23 58
1 6 23 59
1 6 23 60
1 6 23 61
1 6 23 62
1 6 23 63
1 6 23 80
1 6 23 81
1 6 23 82
1 6 23 83
1 6 23 84
1 6 23 85
1 6 23 86
1 6 23 87
1 6 23 88
1 6 23 89
1 6 23 90
1 6 23 91
1 6 23 92
1 6 23 93
1 6 23 94
1 6 23 95
1 6 23 112
1 6 23 113
1 6 23 114
1 6 23 115
1 6 23 116
1 6 23 117
1 6 23 118
1 6 23 119
1 6 23 120
1 6 23 121
1 6 23 122
1 6 23 123
1 6 23 124
1 6 23 125
1 6 23 126
1 6 23 127
1 7 0 16
1 7 0 17
1 7 0 18
1 7 0 19
1 7 0 20
1 7 0 21
1 7 0 22
1 7 0 23
1 7 0 24
1 7 0 25
1 7 0 26
1 7 0 27
1 7 0 28
1 7 0 29
1 7 0 30
1 7 0 31
1 7 0 48
1 7 0 49
1 7 0 50
1 7 0 51
1 7 0 52
1 7 0 53
1 7 0 54
1 7 0 55
1 7 0 56
1 7 0 57
1 7 0 58
1 7 0 59
1 7 0 60
1 7 0 61
1 7 0 62
1 7 0 63
1 7 0 80
1 7 0 81
1 7 0 82
1 7 0 83
1 7 0 84
1 7 0 85
1 7 0 86
1 7 0 87
1 7 0 88
1 7 0 89
1 7 0 90
1 7 0 91
1 7 0 92
1 7 0 93
1 7 0 94
1 7 0 95
1 7 0 112
1 7 0 113
1 7 0 114
1 7 0 115
1 7 0 116
1 7 0 117
1 7 0 118
1 7 0 119
1 7 0 120
1 7 0 121
1 7 0 122
1 7 0 123
1 7 0 124
1 7 0 125
1 7 0 126
1 7 0 127
1 7 1 16
1 7 1 17
1 7 1 18
1 7 1 19
1 7 1 20
1 7 1 21
1 7 1 22
1 7 1 23
1 7 1 24
1 7 1 25
1 7 1 26
1 7 1 27
1 7 1 28
1 7 1 29
1 7 1 30
1 7 1 31
1 7 1 48
1 7 1 49
1 7 1 50
1 7 1 51
1 7 1 52
1 7 1 53
1 7 1 54
1 7 1 55
1 7 1 56
1 7 1 57
1 7 1 58
1 7 1 59
1 7 1 60
1 7 1 61
1 7 1 62
1 7 1 63
1 7 1 80
1 7 1 81
1 7 1 82
1 7 1 83
1 7 1 84
1 7 1 85
1 7 1 86
1 7 1 87
1 7 1 88
1 7 1 89
1 7 1 90
1 7 1 91
1 7 1 92
1 7 1 93
1 7 1 94
1 7 1 95
1 7 1 112
1 7 1 113
1 7 1 114
1 7 1 115
1 7 1 116
1 7 1 117
1 7 1 118
1 7 1 119
1 7 1 120
1 7 1 121
1 7 1 122
1 7 1 123
1 7 1 124
1 7 1 125
1 7 1 126
1 7 1 127
1 7 4 16
1 7 4 17
1 7 4 18
1 7 4 19
1 7 4 20
1 7 4 21
1 7 4 22
1 7 4 23
1 7 4 24
1 7 4 25
1 7 4 26
1 7 4 27
1 7 4 28
1 7 4 29
1 7 4 30
1 7 4 31
1 7 4 48
1 7 4 49
1 7 4 50
1 7 4 51
1 7 4 52
1 7 4 53
1 7 4 54
1 7 4 55
1 7 4 56
1 7 4 57
1 7 4 58
1 7 4 59
1 7 4 60
1 7 4 61
1 7 4 62
1 7 4 63
1 7 4 80
1 7 4 81
1 7 4 82
1 7 4 83
1 7 4 84
1 7 4 85
1 7 4 86
1 7 4 87
1 7 4 88
1 7 4 89
1 7 4 90
1 7 4 91
1 7 4 92
1 7 4 93
1 7 4 94
1 7 4 95
1 7 4 112
1 7 4 113
1 7 4 114
1 7 4 115
1 7 4 116
1 7 4 117
1 7 4 118
1 7 4 119
1 7 4 120
1 7 4 121
1 7 4 122
1 7 4 123
1 7 4 124
1 7 4 125
1 7 4 126
1 7 4 127
1 7 5 16
1 7 5 17
1 7 5 18
1 7 5 19
1 7 5 20
1 7 5 21
1 7 5 22
1 7 5 23
1 7 5 24
1 7 5 25
1 7 5 26
1 7 5 27
1 7 5 28
1 7 5 29
1 7 5 30
1 7 5 31
1 7 5 48
1 7 5 49
1 7 5 50
1 7 5 51
1 7 5 52
1 7 5 53
1 7 5 54
1 7 5 55
1 7 5 56
1 7 5 57
1 7 5 58
1 7 5 59
1 7 5 60
1 7 5 61
1 7 5 62
1 7 5 63
1 7 5 80
1 7 5 81
1 7 5 82
1 7 5 83
1 7 5 84
1 7 5 85
1 7 5 86
1 7 5 87
1 7 5 88
1 7 5 89
1 7 5 90
1 7 5 91
1 7 5 92
1 7 5 93
1 7 5 94
1 7 5 95
1 7 5 112
1 7 5 113
1 7 5 114
1 7 5 115
1 7 5 116
1 7 5 117
1 7 5 118
1 7 5 119
1 7 5 120
1 7 5 121
1 7 5 122
1 7 5 123
1 7 5 124
1 7 5 125
1 7 5 126
1 7 5 127
1 7 8 92
1 7 11 92
1 7 12 92
1 7 15 92
1 7 17 16
1 7 17 17
1 7 17 18
1 7 17 19
1 7 17 20
1 7 17 21
1 7 17 22
1 7 17 23
1 7 17 24
1 7 17 25
1 7 17 26
1 7 17 27
1 7 17 28
1 7 17 29
1 7 17 30
1 7 17 31
1 7 17 48
1 7 17 49
1 7 17 50
1 7 17 51
1 7 17 52
1 7 17 53
1 7 17 54
1 7 17 55
1 7 17 56
1 7 17 57
1 7 17 58
1 7 17 59
1 7 17 60
1 7 17 61
1 7 17 62
1 7 17 63
1 7 17 80
1 7 17 81
1 7 17 82
1 7 17 83
1 7 17 84
1 7 17 85
1 7 17 86
1 7 17 87
1 7 17 88
1 7 17 89
1 7 17 90
1 7 17 91
1 7 17 92
1 7 17 93
1 7 17 94
1 7 17 95
1 7 17 112
1 7 17 113
1 7 17 114
1 7 17 115
1 7 17 116
1 7 17 117
1 7 17 118
1 7 17 119
1 7 17 120
1 7 17 121
1 7 17 122
1 7 17 123
1 7 17 124
1 7 17 125
1 7 17 126
1 7 17 127
1 7 18 16
1 7 18 17
1 7 18 18
1 7 18 19
1 7 18 20
1 7 18 21
1 7 18 22
1 7 18 23
1 7 18 24
1 7 18 25
1 7 18 26
1 7 18 27
1 7 18 28
1 7 18 29
1 7 18 30
1 7 18 31
1 7 18 48
1 7 18 49
1 7 18 50
1 7 18 51
1 7 18 52
1 7 18 53
1 7 18 54
1 7 18 55
1 7 18 56
1 7 18 57
1 7 18 58
1 7 18 59
1 7 18 60
1 7 18 61
1 7 18 62
1 7 18 63
1 7 18 80
1 7 18 81
1 7 18 82
1 7 18 83
1 7 18 84
1 7 18 85
1 7 18 86
1 7 18 87
1 7 18 88
1 7 18 89
1 7 18 90
1 7 18 91
1 7 18 92
1 7 18 93
1 7 18 94
1 7 18 95
1 7 18 112
1 7 18 113
1 7 18 114
1 7 18 115
1 7 18 116
1 7 18 117
1 7 18 118
1 7 18 119
1 7 18 120
1 7 18 121
1 7 18 122
1 7 18 123
1 7 18 124
1 7 18 125
1 7 18 126
1 7 18 127
1 7 21 0
1 7 21 1
1 7 21 2
1 7 21 3
1 7 21 4
1 7 21 5
1 7 21 6
1 7 21 7
1 7 21 8
1 7 21 9
1 7 21 10
1 7 21 11
1 7 21 12
1 7 21 13
1 7 21 14
1 7 21 15
1 7 21 16
1 7 21 17
1 7 21 18
1 7 21 19
1 7 21 20
1 7 21 21
1 7 21 22
1 7 21 23
1 7 21 24
1 7 21 25
1 7 21 26
1 7 21 27
1 7 21 28
1 7 21 29
1 7 21 30
1 7 21 31
1 7 21 32
1 7 21 33
1 7 21 34
1 7 21 35
1 7 21 36
1 7 21 37
1 7 21 38
1 7 21 39
1 7 21 40
1 7 21 41
1 7 21 42
1 7 21 43
1 7 21 44
1 7 21 45
1 7 21 46
1 7 21 47
1 7 21 48
1 7 21 49
1 7 21 50
1 7 21 51
1 7 21 52
1 7 21 53
1 7 21 54
1 7 21 55
1 7 21 56
1 7 21 57
1 7 21 58
1 7 21 59
1 7 21 60
1 7 21 61
1 7 21 62
1 7 21 63
1 7 21 64
1 7 21 65
1 7 21 66
1 7 21 67
1 7 21 68
1 7 21 69
1 7 21 70
1 7 21 71
1 7 21 72
1 7 21 73
1 7 21 74
1 7 21 75
1 7 21 76
1 7 21 77
1 7 21 78
1 7 21 79
1 7 21 80
1 7 21 81
1 7 21 82
1 7 21 83
1 7 21 84
1 7 21 85
1 7 21 86
1 7 21 87
1 7 21 88
1 7 21 89
1 7 21 90
1 7 21 91
1 7 21 92
1 7 21 93
1 7 21 94
1 7 21 95
1 7 21 96
1 7 21 97
1 7 21 98
1 7 21 99
1 7 21 100
1 7 21 101
1 7 21 102
1 7 21 103
1 7 21 104
1 7 21 105
1 7 21 106
1 7 21 107
1 7 21 108
1 7 21 109
1 7 21 110
1 7 21 111
1 7 21 112
1 7 21 113
1 7 21 114
1 7 21 115
1 7 21 116
1 7 21 117
1 7 21 118
1 7 21 119
1 7 21 120
1 7 21 121
1 7 21 122
1 7 21 123
1 7 21 124
1 7 21 125
1 7 21 126
1 7 21 127
1 7 23 16
1 7 23 17
1 7 23 18
1 7 23 19
1 7 23 20
1 7 23 21
1 7 23 22
1 7 23 23
1 7 23 24
1 7 23 25
1 7 23 26
1 7 23 27
1 7 23 28
1 7 23 29
1 7 23 30
1 7 23 31
1 7 23 48
1 7 23 49
1 7 23 50
1 7 23 51
1 7 23 52
1 7 23 53
1 7 23 54
1 7 23 55
1 7 23 56
1 7 23 57
1 7 23 58
1 7 23 59
1 7 23 60
1 7 23 61
1 7 23 62
1 7 23 63
1 7 23 80
1 7 23 81
1 7 23 82
1 7 23 83
1 7 23 84
1 7 23 85
1 7 23 86
1 7 23 87
1 7 23 88
1 7 23 89
1 7 23 90
1 7 23 91
1 7 23 92
1 7 23 93
1 7 23 94
1 7 23 95
1 7 23 112
1 7 23 113
1 7 23 114
1 7 23 115
1 7 23 116
1 7 23 117
1 7 23 118
1 7 23 119
1 7 23 120
1 7 23 121
1 7 23 122
1 7 23 123
1 7 23 124
1 7 23 125
1 7 23 126
1 7 23 127
