0 0 12 107
0 0 13 107
0 0 13 123
0 0 14 107
0 0 14 123
0 0 15 107
0 0 15 123
0 0 16 107
0 0 16 123
0 0 17 123
0 0 18 107
0 0 18 123
0 0 19 107
0 0 20 107
0 0 21 107
0 0 22 107
0 0 23 107
0 1 0 107
0 1 1 107
0 1 2 107
0 1 3 123
0 1 4 107
0 1 4 123
0 1 5 107
0 1 5 123
0 1 6 107
0 1 6 123
0 1 7 107
0 1 7 123
0 1 8 107
0 1 8 123
0 1 9 107
0 1 9 123
0 1 10 107
0 1 10 123
0 1 11 107
0 1 12 123
0 1 14 107
0 1 14 123
0 1 15 107
0 1 15 123
0 1 16 123
0 1 17 107
0 1 18 107
0 1 19 107
0 1 20 107
0 1 20 123
0 1 21 107
0 1 22 107
1 0 0 107
1 0 0 123
1 0 1 107
1 0 2 107
1 0 2 123
1 0 3 123
1 0 4 107
1 0 4 123
1 0 5 107
1 0 5 123
1 0 6 107
1 0 7 107
1 0 7 123
1 0 9 123
1 0 10 107
1 0 11 107
1 0 11 123
1 0 12 107
1 0 13 123
1 0 14 107
1 0 14 123
1 0 15 123
1 0 16 107
1 0 17 107
1 0 17 123
1 0 19 107
1 0 19 123
1 0 20 107
1 0 20 123
1 0 21 107
1 0 21 123
1 0 22 107
1 0 23 107
1 1 0 107
1 1 1 107
1 1 3 107
1 1 4 123
1 1 5 107
1 1 5 123
1 1 6 107
1 1 6 123
1 1 7 123
1 1 8 107
1 1 8 123
1 1 9 107
1 1 10 107
1 1 10 123
1 1 11 107
1 1 11 123
1 1 12 107
1 1 12 123
1 1 13 107
1 1 14 107
1 1 14 123
1 1 15 123
1 1 16 123
1 1 17 107
1 1 17 123
1 1 18 107
1 1 18 123
1 1 19 107
1 1 20 107
1 1 20 123
1 1 21 107
1 1 22 107
1 1 23 107
1 4 0 107
1 4 1 123
1 4 2 107
1 4 2 123
1 4 3 107
1 4 3 123
1 4 4 107
1 4 4 123
1 4 5 123
1 4 6 107
1 4 7 107
1 4 7 123
1 4 8 60
1 4 8 107
1 4 8 123
1 4 9 107
1 4 9 123
1 4 10 107
1 4 10 123
1 4 11 107
1 4 12 107
1 4 12 123
1 4 13 107
1 4 13 123
1 4 14 107
1 4 14 123
1 4 15 107
1 4 15 123
1 4 16 107
1 4 16 123
1 4 17 107
1 4 17 123
1 4 18 107
1 4 18 123
1 4 19 107
1 4 19 123
1 4 20 107
1 4 20 123
1 4 21 107
1 4 22 107
1 4 22 123
1 4 23 107
1 5 0 107
1 5 1 107
1 5 2 107
1 5 2 123
1 5 3 107
1 5 3 123
1 5 4 107
1 5 4 123
1 5 5 107
1 5 5 123
1 5 6 107
1 5 6 123
1 5 7 107
1 5 7 123
1 5 8 107
1 5 8 123
1 5 9 107
1 5 9 123
1 5 10 107
1 5 10 123
1 5 11 107
1 5 11 123
1 5 12 107
1 5 12 123
1 5 13 107
1 5 13 123
1 5 14 107
1 5 14 123
1 5 15 107
1 5 15 123
1 5 16 107
1 5 16 123
1 5 17 107
1 5 17 123
1 5 18 107
1 5 18 123
1 5 19 107
1 5 19 123
1 5 20 107
1 5 20 123
1 5 21 107
1 5 21 123
1 5 22 107
1 5 23 107
0 2 0 107
0 2 1 119
0 2 1 107
0 2 1 123
0 2 3 107
0 2 3 123
0 2 4 107
0 2 4 123
0 2 5 107
0 2 5 123
0 2 6 107
0 2 7 107
0 2 7 123
0 2 8 107
0 2 8 123
0 2 9 107
0 2 9 123
0 2 10 107
0 2 11 107
0 2 12 107
0 2 12 123
0 2 13 3
0 2 13 26
0 2 13 123
0 2 14 107
0 2 14 123
0 2 15 107
0 2 16 107
0 2 16 123
0 2 17 107
0 2 17 123
0 2 18 44
0 2 18 107
0 2 18 123
0 2 19 017
0 2 19 123
0 2 20 107
0 2 20 123
0 2 21 107
0 2 21 123
0 2 22 107
0 2 23 107
0 3 1 44
0 3 1 107
0 3 2 107
0 3 2 123
0 3 3 107
0 3 3 123
0 3 4 123
0 3 5 107
0 3 5 123
0 3 6 107
0 3 6 123
0 3 7 123
0 3 7 107
0 3 8 107
0 3 8 123
0 3 9 107
0 3 9 123
0 3 10 107
0 3 10 123
0 3 11 107
0 3 11 123
0 3 12 107
0 3 12 123
0 3 13 107
0 3 13 123
0 3 14 107
0 3 14 123
0 3 15 107
0 3 15 123
0 3 16 107
0 3 16 123
0 3 19 107
0 3 18 107
0 3 18 123
0 3 19 123
0 3 20 107
0 3 20 123
0 3 21 107
0 3 21 123
0 3 22 107
0 3 23 107
0 4 0 107
0 4 1 107
0 4 2 107
0 4 2 123
0 4 3 107
0 4 3 123
0 4 4 107
0 4 4 123
0 4 5 107
0 4 5 123
0 4 6 107
0 4 6 123
0 4 7 107
0 4 7 123
0 4 8 107
0 4 8 123
0 4 9 107
0 4 9 123
0 4 10 107
0 4 10 123
0 4 11 107
0 4 11 123
0 4 12 123
0 4 13 107
0 4 13 123
0 4 14 107
0 4 14 123
0 4 15 107
0 4 16 107
0 4 16 123
0 4 17 107
0 4 17 123
0 4 18 107
0 4 18 123
0 4 19 107
0 4 19 123
0 4 20 44
0 4 20 107
0 4 20 123
0 4 21 107
0 4 21 123
0 4 22 107
0 4 22 123
0 4 23 44
0 4 23 107
0 4 23 123
0 5 1 107
0 5 2 60
0 5 2 107
0 5 2 123
0 5 3 107
0 5 3 123
0 5 4 107
0 5 4 123
0 5 5 107
0 5 6 107
0 5 6 123
0 5 7 107
0 5 7 123
0 5 8 107
0 5 8 123
0 5 9 123
0 5 10 107
0 5 10 123
0 5 11 107
0 5 11 123
0 5 12 107
0 5 12 123
0 5 13 107
0 5 13 123
0 5 14 107
0 5 14 123
0 5 15 44
0 5 15 107
0 5 15 123
0 5 16 60
0 5 16 107
0 5 16 123
0 5 17 107
0 5 17 123
0 5 18 107
0 5 18 123
0 5 19 107
0 5 19 123
0 5 20 107
0 5 20 123
0 5 21 107
0 5 21 123
0 5 22 107
0 5 23 107


0 6 0 107
0 6 1 107
0 6 2 107
0 6 2 123
0 6 3 107
0 6 4 107
0 6 4 123
0 6 5 107
0 6 5 123
0 6 6 107
0 6 6 123
0 6 7 107
0 6 7 123
0 6 8 44
0 6 8 107
0 6 8 123
0 6 9 107
0 6 9 123
0 6 10 107
0 6 10 123
0 6 11 107
0 6 11 123
0 6 12 123
0 6 13 107
0 6 13 123
0 6 14 107
0 6 14 123
0 6 15 107
0 6 16 107
0 6 16 123
0 6 17 107
0 6 17 123
0 6 18 107
0 6 18 123
0 6 19 107
0 6 19 123
0 6 20 107
0 6 20 123
0 6 21 107
0 6 21 123
0 6 22 107
0 6 22 123
0 6 23 44
0 6 23 107
0 6 23 123
0 7 0 107
0 7 2 44
0 7 2 107
0 7 2 123
0 7 3 107
0 7 4 107
0 7 4 123
0 7 5 107
0 7 6 107
0 7 7 107
0 7 7 123
0 7 8 107
0 7 8 123
0 7 9 107
0 7 9 123
0 7 10 107
0 7 10 123
0 7 12 107
0 7 12 123
0 7 13 123
0 7 14 107
0 7 14 123
0 7 15 107
0 7 15 123
0 7 16 107
0 7 16 123
0 7 17 107
0 7 17 123
0 7 20 107
0 7 20 123
0 7 21 107
0 7 23 123
1 2 0 107
1 2 1 107
1 2 1 123
1 2 2 107
1 2 2 123
1 2 3 107
1 2 3 123
1 2 4 107
1 2 4 123
1 2 5 107
1 2 5 123
1 2 6 107
1 2 6 123
1 2 7 60
1 2 7 107
1 2 7 123
1 2 8 107
1 2 9 107
1 2 9 123
1 2 10 107
1 2 10 123
1 2 11 107
1 2 11 123
1 2 12 107
1 2 12 123
1 2 13 107
1 2 14 107
1 2 14 123
1 2 15 107
1 2 15 123
1 2 16 107
1 2 16 123
1 2 17 107
1 2 17 123
1 2 18 107
1 2 18 123
1 2 19 107
1 2 19 123
1 2 20 107
1 2 20 123
1 2 21 107
1 2 21 123
1 2 22 107
1 2 23 107
1 3 0 107
1 3 1 107
1 3 3 123
1 3 6 107
1 3 6 123
1 3 7 107
1 3 7 123
1 3 8 107
1 3 8 123
1 3 9 107
1 3 9 123
1 3 10 107
1 3 10 123
1 3 11 107
1 3 11 123
1 3 12 107
1 3 12 123
1 3 13 107
1 3 13 123
1 3 14 107
1 3 14 123
1 3 15 123
1 3 16 107
1 3 16 123
1 3 17 107
1 3 17 123
1 3 18 107
1 3 19 107
1 3 19 123
1 3 20 107
1 3 20 123
1 3 21 107
1 3 22 107
1 3 23 123
1 6 0 107
1 6 1 107
1 6 1 123
1 6 2 107
1 6 2 123
1 6 3 107
1 6 3 123
1 6 4 123
1 6 5 107
1 6 5 123
1 6 6 60
1 6 6 107
1 6 6 123
1 6 7 107
1 6 7 123
1 6 8 107
1 6 8 123
1 6 9 107
1 6 9 123
1 6 10 107
1 6 10 123
1 6 11 60
1 6 11 107
1 6 11 123
1 6 12 107
1 6 12 123
1 6 13 107
1 6 13 123
1 6 14 64
1 6 14 107
1 6 14 123
1 6 15 123
1 6 17 107
1 6 17 123
1 6 18 107
1 6 18 123
1 6 19 107
1 6 19 123
1 6 20 107
1 6 20 123
1 6 21 107
1 6 21 123
1 6 22 107
1 6 22 123
1 7 0 107
1 7 1 107
1 7 2 107
1 7 3 123
1 7 5 107
1 7 6 107
1 7 6 123
1 7 7 107
1 7 7 123
1 7 8 107
1 7 8 123
1 7 9 107
1 7 9 123
1 7 10 107
1 7 10 123
1 7 11 107
1 7 11 123
1 7 12 107
1 7 12 123
1 7 13 107
1 7 13 123
1 7 14 107
1 7 14 123
1 7 16 107
1 7 16 123
1 7 17 107
1 7 18 107
1 7 19 107
1 7 19 123
1 7 20 60 
1 7 20 107
1 7 20 123
1 7 22 107
1 7 22 123
1 7 23 107


