100
101
102
103
104
105
106
107
108
109
110
111
112
113
114
115
116
117
118
119
120
121
122
123
124
125
126
64
65
66
67
68
69
70
71
72
73
74
75
76
77
78
79
80
81
82
83
84
85
86
87
88
89
91
92
93
94
95
96
97
98
99
100
200
201
202
204
205
206
208
209
210
212
213
214
216
217
219
220
221
224
225
226
227
228
229
230
231
232
233
234
235
236
237
238
239
240
241
242
244
245
246
247
248
249
250
251
252
253
254
192
194
196
197
198
200
1600
1601
1604
1605
1608
1609
1612
1613
1616
1617
1620
1621
1625
1626
1628
1629
1633
1636
1637
1640
1644
1645
1654
1655
1658
1600
3136
3137
3138
3140
3141
3142
3144
3145
3146
3148
3149
3150
3152
3153
3154
3156
3157
3158
3160
3161
3164
3165
3166
3167
3168
3169
3170
3172
3173
3174
3176
3177
3178
3180
3181
3182
3184
3185
3186
3188
3189
3190
3191
3192
3193
3194
3195
3196
3197
3198
3300
3301
3302
3304
3305
3306
3308
3309
3310
3312
3313
3314
3316
3317
3318
3320
3321
3322
3281
3285
3288
3289
3292
3293
3294
3296
3297
3298
3300
4700
4701
4702
4703
4704
4705
4706
4708
4709
4710
4712
4713
4714
4716
4717
4718
4720
4721
4723
4724
4725
4727
4728
4729
4730
4732
4733
4734
4672
4673
4674
4676
4677
4678
4680
4681
4682
4684
4685
4686
4688
4689
4690
4692
4693
4694
4696
4697
4699
4700
4890
5018
5468
3354
5658
5786
3482
4122
4250
6200
6201
6202
6203
6204
6205
6206
6207
6208
6209
6210
6211
6212
6213
6214
6215
6216
6217
6218
6219
6220
6221
6222
6223
6224
6225
6226
6227
6228
6229
6230
6231
6232
6233
6234
6235
6236
6144
6237
6145
6238
6146
6239
6147
6240
6148
6241
6149
6150
6242
6151
6243
6152
6244
6153
6245
6154
6246
6155
6247
6156
6248
6157
6249
6158
6250
6159
6251
6160
6252
6161
6253
6162
6254
6163
6255
6164
6256
6165
6166
6257
6167
6258
6168
6259
6169
6260
6170
6261
6171
6262
6172
6263
6173
6174
6264
6175
6265
6176
6266
6177
6267
6178
6268
6179
6269
6180
6270
6181
6271
6182
6183
6184
6185
6186
6187
6188
6189
6190
6191
6192
6193
6194
6195
6196
6197
6198
6199
6200
6300
6301
6302
6303
6304
6305
6306
6307
6308
6309
6310
6311
6312
6313
6314
6315
6316
6317
6318
6319
6320
6321
6322
6323
6324
6325
6326
6327
6328
6329
6330
6331
6332
6333
6334
6335
6336
6337
6338
6339
6340
6341
6342
6343
6344
6345
6346
6347
6348
6349
6350
6351
6352
6353
6354
6355
6356
6357
6358
6359
6360
6361
6362
6363
6364
6365
6366
6367
6272
6368
6369
6273
6274
6370
6275
6371
6276
6372
6277
6373
6278
6374
6279
6375
6280
6376
6281
6377
6282
6378
6283
6379
6284
6285
6380
6381
6286
6382
6287
6288
6383
6289
6384
6290
6385
6291
6386
6292
6293
6387
6294
6388
6295
6389
6296
6390
6297
6298
6391
6299
6392
6300
6393
6394
6395
6396
6397
6398
6399
7500
7501
7502
7503
7504
7424
7505
7506
7425
7507
7426
7508
7427
7509
7428
7510
7429
7511
7430
7431
7512
7432
7513
7433
7514
7434
7515
7435
7516
7436
7517
7437
7518
7438
7519
7439
7520
7440
7521
7441
7442
7523
7443
7524
7444
7525
7445
7526
7446
7527
7447
7528
7448
7529
7449
7530
7450
7531
7451
7532
7452
7453
7533
7454
7534
7455
7535
7456
7536
7457
7537
7458
7538
7459
7539
7460
7540
7461
7541
7462
7542
7463
7543
7464
7544
7465
7466
7545
7467
7546
7468
7547
7469
7548
7470
7549
7471
7550
7472
7551
7473
7474
7475
7476
7477
7478
7479
7480
7481
7482
7483
7484
7485
7486
7487
7488
7489
7490
7491
7492
7493
7494
7495
7496
7497
7498
7499
7500
7600
7601
7602
7603
7604
7605
7606
7607
7608
7609
7610
7611
7612
7613
7614
7615
7616
7617
7618
7619
7620
7621
7622
7623
7624
7625
7626
7627
7628
7629
7630
7631
7632
7633
7634
7635
7636
7637
7638
7552
7639
7640
7553
7641
7554
7642
7555
7643
7556
7644
7557
7645
7558
7646
7559
7647
7648
7560
7649
7561
7650
7562
7651
7563
7652
7564
7653
7654
7565
7655
7566
7656
7657
7567
7658
7568
7659
7569
7660
7570
7661
7571
7662
7663
7572
7664
7573
7665
7666
7574
7667
7575
7668
7576
7669
7577
7670
7578
7579
7671
7580
7672
7581
7673
7582
7674
7583
7675
7584
7676
7585
7586
7677
7587
7678
7588
7679
7589
7590
7591
7592
7593
7594
7595
7596
7597
7598
7599
7600
7800
7801
7802
7803
7804
7805
7806
7807
7744
7745
7746
7747
7748
7749
7750
7751
7752
7753
7754
7755
7756
7757
7758
7759
7760
7761
7762
7763
7764
7765
7766
7767
7768
7769
7771
7772
7773
7774
7775
7776
7777
7778
7779
7780
7781
7782
7783
7784
7785
7786
7787
7788
7789
7790
7791
7792
7793
7794
7795
7796
7797
7798
7799
7800
7900
7901
7902
7903
7904
7905
7906
7907
7908
7909
7910
7911
7912
7913
7914
7915
7824
7916
7917
7918
7919
7920
7921
7922
7923
7924
7925
7926
7927
7928
7929
7930
7931
7932
7933
7934
7872
7873
7874
7875
7876
7877
7878
7879
7880
7881
7882
7883
7884
7885
7886
7887
7888
7889
7890
7891
7892
7893
7894
7895
7896
7897
7898
7899
7900
7978
8229
8330
8349
8592
6400
6401
6402
6403
6500
6404
6405
6501
6502
6406
6503
6407
6504
6408
6505
6506
6409
6507
6410
6508
6411
6509
6412
6413
6510
6414
6511
6415
6512
6513
6416
6514
6417
6515
6516
6418
6517
6419
6420
6518
6421
6519
6422
6520
6423
6521
6424
6522
6425
6523
6426
6524
6427
6525
6428
6526
6429
6527
6430
6431
6432
6433
6434
6435
6436
6437
6438
6439
6440
6441
6442
6443
6444
6445
6446
6447
6448
6449
6450
6451
6452
6453
6454
6455
6456
6457
6458
6459
6460
6461
6462
6463
6464
6465
6466
6467
6468
6469
6470
6471
6472
6473
6474
6475
6476
6477
6478
6479
6480
6481
6482
6483
6484
6485
6486
6487
6488
6489
6490
6491
6492
6493
6494
6400
6495
6496
6497
6498
6499
6500
8831
8746
8997
9117
9098
6600
6601
6602
6603
6604
6605
6606
6607
6608
6609
6610
6611
6612
6613
6614
6615
6616
6617
6618
6619
6620
6621
6622
6623
6624
6625
6626
6627
6528
6628
6529
6629
6530
6630
6531
6631
6532
6632
6533
6633
6634
6534
6635
6535
6636
6536
6637
6537
6638
6538
6639
6539
6640
6540
6641
6541
6642
6542
6643
6543
6644
6645
6544
6646
6545
6647
6546
6648
6547
6649
6548
6650
6549
6651
6550
6652
6551
6653
6552
6654
6553
6655
6554
6555
6556
6557
6558
6559
6560
6561
6562
6563
6564
6565
6566
6567
6568
6569
6570
6571
6572
6573
6574
6575
6576
6577
6578
6579
6580
6581
6582
6583
6584
6585
6586
6587
6588
6589
6590
6591
6592
6593
6594
6595
6596
6597
6598
6599
6600
6700
6701
6702
6703
6704
6705
6706
6707
6708
6709
6710
6711
6712
6713
6714
6715
6716
6717
6718
6719
6720
6721
6722
6723
6724
6725
6726
6727
6728
6729
6730
6731
6732
6733
6734
6735
6736
6737
6738
6739
6740
6741
6742
6743
6744
6745
6746
6747
6656
6748
6657
6749
6658
6750
6659
6660
6751
6752
6661
6662
6753
6663
6754
6664
6755
6665
6756
6666
6757
6667
6758
6668
6759
6669
6760
6670
6761
6671
6672
6762
6673
6763
6674
6764
6675
6765
6676
6766
6677
6767
6678
6768
6679
6769
6680
6770
6681
6771
6682
6772
6683
6773
6684
6774
6685
6775
6686
6776
6687
6777
6688
6689
6778
6690
6779
6691
6780
6781
6692
6782
6693
6783
6694
6695
6696
6697
6698
6699
6700
6800
6900
6801
6901
6802
6902
6803
6804
6903
6805
6904
6905
6806
6906
6807
6808
6907
6809
6908
6810
6909
6811
6910
6812
6911
6813
6814
6815
6816
6817
6818
6819
6820
6821
6822
6823
6824
6825
6826
6827
6828
6829
6830
6831
6832
6833
6834
6835
6836
6837
6838
6839
6840
6841
6842
6843
6844
6845
6846
6847
6848
6849
6850
6851
6852
6853
6854
6855
6856
6857
6858
6859
6860
6861
6862
6863
6864
6865
6866
6867
6868
6869
6870
6871
6872
6873
6874
6875
6876
6877
6878
6879
6880
6881
6882
6883
6884
6885
6886
6887
6888
6889
6890
6891
6892
6893
6784
6894
6785
6895
6896
6786
6897
6787
6898
6788
6899
6789
6900
6790
6791
6792
6793
6794
6795
6796
6797
6798
6799
6800
6912
6913
7000
6914
7001
6915
7002
6916
7003
6917
7004
6918
7005
6919
7006
6920
7007
6921
7008
7009
6922
7010
6923
7011
6924
7012
6925
7013
6926
7014
6927
7015
6928
7016
6929
7017
6930
7018
6931
7019
6932
7020
6933
7021
6934
7022
6935
7023
6936
7024
6937
7025
6938
7026
6939
7027
6940
7028
6941
7029
6942
7030
6943
7031
6944
7032
6945
7033
6946
7034
6947
7035
6948
7036
6949
7037
6950
7038
6951
7039
6952
6953
6954
6955
6956
6957
6958
6959
6960
6961
6962
6963
6964
6965
6966
6967
6968
6969
6970
6971
6972
6973
6974
6975
6976
6977
6978
6979
6980
6981
6982
6983
6984
6985
6986
6987
6988
6989
6990
6991
6992
6993
6994
6995
6996
6997
6998
6999
7000
7100
7101
7102
7103
7104
7105
7106
7107
7108
7109
7110
7111
7112
7113
7114
7115
7116
7117
7118
7119
7120
7121
7122
7123
7124
7125
7126
7127
7128
7129
7130
7131
7132
7133
7134
7135
7136
7137
7138
7040
7139
7041
7140
7042
7141
7043
7142
7143
7044
7144
7045
7145
7046
7146
7047
7147
7048
7148
7049
7149
7150
7050
7151
7051
7152
7052
7153
7053
7054
7154
7055
7155
7056
7156
7057
7157
7058
7059
7158
7060
7159
7061
7160
7062
7161
7063
7162
7064
7163
7065
7164
7066
7165
7067
7166
7068
7167
7069
7070
7071
7072
7073
7074
7075
7076
7077
7078
7079
7080
7081
7082
7083
7084
7085
7086
7087
7088
7089
7090
7091
7092
7093
7094
7095
7096
7097
7098
7099
7100
7200
7201
7202
7203
7204
7205
7206
7207
7208
7209
7210
7211
7212
7213
7214
7215
7216
7217
7218
7219
7220
7221
7222
7223
7224
7225
7226
7227
7228
7229
7230
7231
7232
7233
7234
7235
7236
7237
7238
7239
7240
7241
7242
7243
7244
7245
7246
7247
7248
7249
7250
7251
7252
7253
7254
7255
7256
7257
7258
7259
7260
7261
7262
7263
7264
7265
7266
7267
7168
7268
7169
7269
7170
7270
7171
7271
7172
7272
7173
7273
7174
7274
7175
7275
7176
7276
7177
7277
7178
7278
7179
7279
7180
7280
7181
7281
7182
7282
7183
7283
7184
7284
7185
7285
7186
7286
7187
7287
7188
7288
7189
7289
7190
7290
7191
7291
7192
7193
7292
7293
7194
7294
7195
7295
7196
7197
7198
7199
7200
7300
7400
7301
7401
7302
7402
7303
7403
7304
7404
7305
7405
7306
7406
7307
7407
7308
7408
7309
7409
7310
7410
7311
7411
7312
7412
7313
7413
7314
7414
7315
7415
7316
7416
7317
7417
7318
7418
7319
7419
7320
7420
7321
7421
7322
7422
7323
7423
7324
7325
7326
7327
7328
7329
7330
7331
7332
7333
7334
7335
7336
7337
7338
7339
7340
7341
7342
7343
7344
7345
7346
7347
7348
7349
7350
7351
7352
7353
7354
7355
7356
7357
7358
7359
7360
7361
7362
7363
7364
7365
7366
7367
7368
7369
7370
7371
7372
7373
7374
7375
7376
7377
7378
7379
7380
7381
7382
7383
7384
7385
7386
7387
7296
7388
7297
7389
7298
7390
7299
7391
7300
7392
7393
7394
7395
7396
7397
7398
7399
7400
10816
10817
10818
10820
10821
10822
10824
10825
10826
10828
10829
10830
10832
10833
10834
10836
10837
10838
10840
10841
10843
10844
10845
10846
10847
10848
10849
10850
10852
10853
10854
10856
10857
10858
10860
10861
10862
10864
10865
10866
10868
10869
10870
10872
10873
10874
10876
10877
10878
13712
13713
13714
13900
13901
13902
13903
13904
13905
13906
13907
13908
13909
13910
13911
13912
13913
13915
13916
13917
13918
13919
13920
13921
13922
13923
13924
13925
13926
13927
13928
13929
13930
13931
13932
13933
13934
13935
13936
13937
13938
13940
13941
13942
13943
13944
13945
13946
13947
13948
13949
13950
13888
13889
13890
13891
13892
13893
13894
13895
13896
13897
13898
13899
13900
14223
14224
15242
15243
15244
15245
15246
15247
15251
15252
15600
15601
15602
15603
15604
15605
15606
15607
15608
15609
15610
15611
15612
15613
15614
15552
15553
15554
15556
15557
15558
15560
15561
15562
15565
15566
15568
15569
15570
15571
15572
15573
15574
15575
15576
15577
15579
15580
15581
15582
15583
15584
15585
15586
15587
15588
15589
15590
15591
15592
15593
15594
15595
15596
15597
15598
15599
15600
16900
16902
16904
16906
16916
16918
16920
16921
16924
16925
16928
16929
16930
16932
16933
16934
16936
16937
16940
16941
16942
16944
16945
16948
16949
16952
16956
16896
16898
16900
17024
17025
17026
17027
17028
17029
17030
17031
17032
17033
17034
17035
17036
17037
17038
17039
17040
17041
17042
17043
17044
17045
17046
17047
17048
17049
17050
17051
17052
17053
17054
17055
17056
17057
17058
17059
17060
17061
17062
17063
17064
17065
17066
17067
17068
17069
17070
17071
17072
17073
17074
17075
17076
17077
17078
17079
17080
17081
17082
17083
17084
17085
17086
17087
17200
17201
17202
17204
17205
17206
17207
17208
17209
17210
17212
17213
17214
17216
17217
17220
17221
17224
17225
17226
17228
17229
17230
17232
17233
17234
17236
17237
17238
17239
17240
17241
17243
17244
17245
17246
17247
17248
17249
17250
17251
17252
17253
17254
17255
17256
17257
17258
17259
17260
17261
17262
17263
17264
17265
17266
17268
17269
17270
17271
17272
17273
17274
17275
17276
17277
17278
17152
17153
17154
17156
17157
17158
17160
17161
17162
17164
17165
17166
17168
17169
17170
17172
17173
17175
17176
17177
17178
17179
17180
17181
17182
17183
17184
17185
17186
17187
17188
17189
17190
17191
17192
17193
17194
17195
17196
17197
17198
17199
17200
17728
17729
17730
17731
17732
17733
17734
17735
17736
17737
17738
17739
17740
17741
17742
17743
17744
17745
17746
17747
17748
17749
17750
17751
17752
17753
17755
17756
17757
17758
17759
17760
17761
17762
17763
17764
17765
17766
17767
17768
17769
17770
17771
17772
17773
17774
17775
17776
17777
17778
17779
17780
17781
17782
17783
17784
17785
17786
17787
17788
17789
17790
17791
17900
17901
17902
17904
17905
17908
17909
17912
17913
17914
17916
17917
17918
17856
17857
17860
17861
17864
17865
17868
17869
17872
17873
17876
17877
17880
17881
17884
17885
17886
17888
17889
17890
17892
17893
17894
17896
17897
17898
17900
15807
19840
20032
20033
20034
20035
20036
20037
20038
20039
20040
20041
20042
20043
20044
20045
20046
20047
20048
20049
20050
20051
20052
20053
20054
20055
20056
20057
20058
20059
20060
20061
20062
20063
20064
20065
20066
20067
20068
20069
20070
20071
20072
20073
20074
20075
20076
20077
20078
20079
20080
20081
20082
20083
20084
20085
20086
20087
20088
20089
20090
20091
20092
20093
20094
20095
20201
20161
20165
20169
20185
20192
20193
20197
20388
20608
18812
18815
21235
21239
21243
21247
21156
21503
21376
18852
19072
19263
19620
21600
21601
21602
21603
21604
21605
21606
21607
21608
21609
21610
21611
21612
21613
21614
21615
21616
21617
21618
21619
21620
21621
21622
21623
21624
21625
21626
21627
21628
21629
21630
21631
21568
21569
21570
21571
21572
21573
21574
21575
21576
21577
21578
21579
21580
21581
21582
21583
21584
21585
21586
21587
21588
21589
21590
21591
21592
21593
21594
21595
21596
21597
21598
21599
21600
21700
21701
21702
21703
21704
21705
21706
21707
21708
21709
21710
21711
21712
21713
21714
21715
21716
21717
21718
21719
21720
21721
21723
21724
21725
21726
21727
21728
21729
21730
21731
21732
21733
21734
21735
21736
21737
21738
21739
21740
21741
21742
21743
21744
21745
21746
21747
21748
21749
21750
21751
21752
21753
21754
21755
21756
21757
21758
21759
21696
21697
21698
21699
21700
23104
23105
23106
23107
23108
23109
23110
23111
23112
23113
23114
23115
23116
23117
23118
23119
23120
23121
23122
23123
23124
23125
23126
23127
23128
23129
23130
23131
23132
23133
23134
23135
23136
23137
23138
23139
23140
23141
23142
23143
23144
23145
23146
23147
23148
23149
23150
23151
23152
23153
23154
23155
23156
23157
23158
23159
23160
23161
23162
23163
23164
23165
23166
23167
23232
23233
23234
23235
23236
23237
23238
23239
23240
23241
23242
23243
23244
23245
23246
23247
23248
23249
23250
23251
23252
23253
23254
23255
23256
23257
23259
23260
23261
23262
23263
23264
23265
23266
23267
23268
23269
23270
23271
23272
23273
23274
23275
23276
23277
23278
23279
23280
23281
23282
23283
23284
23285
23286
23287
23288
23289
23290
23291
23292
23293
23294
23295
23322
23450
23999
21786
24090
24218
21914
22143
22496
22554
22682
24730
26200
26201
26203
26204
26205
26206
26208
26209
26210
26212
26213
26216
26217
26220
26221
26178
26182
26183
26184
26185
26186
26187
26188
26190
26192
26194
26195
26196
26197
26198
26199
26200
26266
27034
25498
29019
29055
29210
29300
29301
29304
29305
29306
29307
29308
29309
29248
29249
29252
29253
29256
29257
29260
29261
29264
29265
29266
29268
29269
29272
29273
29274
29276
29277
29278
29280
29281
29282
29284
29285
29286
29288
29289
29290
29292
29293
29294
29296
29297
29300
29787
30555
28251
30746
32282
32500
32501
32502
32503
32504
32505
32506
32508
32509
32510
32448
32449
32450
32451
32452
32453
32454
32455
32456
32457
32458
32459
32460
32461
32462
32463
32464
32465
32466
32467
32468
32469
32470
32471
32472
32473
32475
32476
32477
32478
32479
32480
32481
32482
32483
32484
32485
32486
32487
32488
32489
32490
32491
32492
32493
32494
32495
32496
32497
32498
32499
32500
32538
33050
31002
33306
31514
31770
33818
34029
33946
35400
35401
35402
35403
35404
35405
35406
35407
35408
35409
35410
35411
35412
35413
35414
35415
35416
35417
35418
35419
35420
35421
35422
35423
35424
35425
35426
35427
35428
35429
35430
35431
35432
35433
35434
35435
35436
35437
35438
35440
35441
35442
35444
35445
35446
35447
35448
35449
35450
35452
35453
35454
35354
35392
35393
35394
35395
35396
35397
35398
35399
35400
35482
36200
36201
36202
36203
36122
36204
36205
36206
36207
36208
36209
36210
36211
36212
36213
36214
36215
36216
36217
36218
36219
36220
36221
36222
36223
36160
36161
36162
36163
36164
36165
36166
36167
36168
36169
36170
36171
36172
36173
36174
36175
36176
36177
36178
36179
36180
36181
36182
36183
36184
36185
36186
36187
36188
36189
36190
36191
36192
36193
36194
36195
36196
36197
36198
36199
36200
36250
36735
34586
34714
36890
37100
37101
37102
37103
37104
37105
37106
37107
37108
37109
37110
37111
37112
37113
37114
37115
37116
37117
37118
37119
37056
37057
37058
37059
37060
37061
37062
37063
37064
37065
37066
37067
37068
37069
37070
37071
37072
37073
37074
37075
37076
37077
37078
37079
37080
37081
37082
37083
37084
37085
37086
37087
37088
37089
37090
37091
37092
37093
37094
37095
37096
37097
37098
37099
37100
38399
38500
38501
38502
38503
38504
38505
38506
38507
38508
38509
38510
38511
38512
38513
38514
38515
38516
38517
38518
38519
38520
38521
38522
38523
38524
38525
38526
38426
38527
38464
38465
38466
38467
38468
38469
38470
38471
38472
38473
38474
38475
38476
38477
38478
38479
38480
38481
38482
38483
38484
38485
38486
38487
38488
38489
38490
38491
38492
38493
38494
38495
38496
38497
38498
38499
38500
38600
38601
38602
38603
38604
38605
38606
38607
38608
38609
38610
38611
38612
38613
38614
38615
38616
38617
38619
38620
38621
38622
38623
38624
38625
38626
38627
38628
38629
38630
38631
38632
38633
38634
38635
38636
38637
38638
38639
38640
38641
38642
38643
38644
38645
38646
38647
38648
38649
38650
38651
38652
38653
38654
38655
38592
38593
38594
38595
38596
38597
38598
38599
38600
38747
39194
37211
39515
39694
39695
39698
39919
39920
39935
37658
37979
40047
40128
40129
40130
40131
40132
40133
40134
40136
40137
40138
40140
40141
40142
40144
40145
40146
40147
40148
40149
40150
40151
40152
40153
40155
40156
40157
40158
40159
40160
40161
40162
40163
40164
40165
40166
40167
40168
40169
40170
40171
40172
40173
40174
40175
40176
40177
40178
40179
40180
40181
40182
40183
40184
40185
40186
40187
40188
40189
40190
40191
41699
41810
42304
42305
42306
42307
42308
42309
42310
42311
42312
42313
42314
42315
42316
42317
42318
42319
42320
42321
42322
42323
42324
42325
42326
42327
42328
42329
42330
42331
42332
42333
42334
42335
42336
42337
42338
42339
42340
42341
42342
42343
42344
42345
42346
42347
42348
42349
42350
42351
42352
42353
42354
42355
42356
42357
42358
42359
42360
42361
42362
42363
42364
42365
42366
42367
42432
42433
42434
42435
42436
42437
42438
42439
42440
42441
42442
42443
42444
42445
42446
42447
42448
42449
42450
42451
42452
42453
42454
42455
42456
42457
42458
42459
42460
42461
42462
42463
42464
42465
42466
42467
42468
42469
42470
42471
42472
42473
42474
42475
42476
42477
42478
42479
42480
42481
42482
42483
42484
42485
42486
42487
42488
42489
42490
42491
42492
42493
42494
42495
40274
42600
42601
42602
42603
42604
42605
42606
42607
42608
42609
42610
42611
42612
42613
42614
42615
42616
42617
42618
42619
42620
42621
42622
42623
42560
42561
42562
42563
42564
42565
42567
42568
42569
42570
42571
42572
42573
42574
42575
42576
42577
42578
42579
42580
42581
42582
42583
42584
42585
42587
42588
42589
42590
42591
42592
42593
42594
42595
42596
42597
42598
42599
42600
41042
43200
43201
43202
43203
43204
43205
43206
43207
43208
43209
43210
43211
43212
43213
43214
43215
43216
43217
43218
43219
43220
43221
43222
43223
43224
43225
43226
43227
43228
43229
43230
43231
43232
43233
43234
43235
43236
43237
43238
43239
43240
43241
43242
43243
43244
43245
43246
43247
43248
43249
43250
43251
43252
43253
43254
43255
43256
43257
43258
43259
43260
43261
43262
43263
43200
44608
44609
44610
44611
44612
44613
44614
44615
44616
44617
44618
44619
44620
44621
44622
44623
44624
44625
44626
44627
44628
44629
44630
44631
44632
44633
44634
44635
44636
44637
44638
44639
44640
44641
44642
44643
44644
44645
44646
44647
44648
44649
44650
44651
44652
44653
44654
44655
44656
44657
44658
44659
44660
44661
44662
44663
44664
44665
44666
44667
44668
44669
44670
44671
44736
44737
44738
44739
44740
44741
44742
44743
44744
44745
44746
44747
44748
44749
44750
44751
44752
44753
44754
44755
44756
44757
44758
44759
44760
44761
44762
44763
44764
44765
44766
44767
44768
44769
44770
44771
44772
44773
44774
44775
44776
44777
44778
44779
44780
44781
44782
44783
44784
44785
44786
44787
44788
44789
44790
44791
44792
44793
44794
44795
44796
44797
44798
44799
45759
46300
46301
46302
46303
46304
46305
46306
46307
46308
46309
46310
46311
46312
46313
46314
46315
46316
46317
46318
46319
46320
46321
46322
46323
46324
46325
46326
46327
46328
46329
46330
46331
46332
46333
46334
46335
46272
46273
46274
46275
46276
46277
46278
46279
46280
46281
46282
46283
46284
46285
46286
46287
46288
46289
46290
46291
46292
46293
46294
46295
46296
46297
46298
46299
46300
47700
47701
47702
47703
47704
47705
47706
47707
47708
47709
47710
47711
47712
47713
47714
47715
47716
47717
47718
47719
47720
47721
47722
47723
47724
47725
47726
47727
47728
47729
47730
47731
47732
47733
47734
47735
47736
47737
47738
47739
47740
47741
47742
47743
47680
47681
47682
47683
47684
47685
47686
47687
47688
47689
47690
47691
47692
47693
47694
47695
47696
47697
47698
47699
47700
47963
48015
48500
48501
48502
48503
48504
48505
48506
48507
48508
48509
48510
48511
48448
48449
48450
48451
48452
48453
48454
48455
48456
48457
48458
48459
48460
48461
48462
48463
48464
48465
48466
48467
48468
48469
48470
48471
48472
48473
48474
48475
48476
48477
48478
48479
48480
48481
48482
48483
48484
48485
48486
48487
48488
48489
48490
48491
48492
48493
48494
48495
48496
48497
48498
48499
48500
46427
48731
49150
47195
